(dp1
S'4.5'
p2
(dp3
S'entropy'
p4
(lp5
(cnumpy.core.multiarray
scalar
p6
(cnumpy
dtype
p7
(S'f8'
I0
I1
tRp8
(I3
S'<'
NNNI-1
I-1
I0
tbS'nQ\x05\\\xd8\xf1c?'
tRp9
g6
(g8
S'\x8a\xd8\x1c\r\xfa\xd4\x99?'
tRp10
tp11
a(g6
(g8
S'l\x95\x10\x1b7\x80l?'
tRp12
g6
(g8
S'\xee\x9dYg\xc8p\x9e?'
tRp13
tp14
a(g6
(g8
S'\x9a\xd5\xa9!_$q?'
tRp15
g6
(g8
S'\x9dw\x12\xa0JN\x9b?'
tRp16
tp17
a(g6
(g8
S'\xac\x95\x9e\xadqGe?'
tRp18
g6
(g8
S'\x88i\xd6\x8d\xca8\x93?'
tRp19
tp20
a(g6
(g8
S'\xa0\x91.\x0f\x16\x19V?'
tRp21
g6
(g8
S'\x0e\xc57#<a\x91?'
tRp22
tp23
a(g6
(g8
S'\x18\xce:\x9ckRQ?'
tRp24
g6
(g8
S'u\xf9I\x93\xd2\xfd\x8a?'
tRp25
tp26
a(g6
(g8
S'\xb8\x89?%r\x19`?'
tRp27
g6
(g8
S'K\x92Nz\xb1\xc9\x89?'
tRp28
tp29
a(g6
(g8
S'H|\x86\x85\x8c\x0cn?'
tRp30
g6
(g8
S'@\x1b\xe5\x06S\xee\x90?'
tRp31
tp32
a(g6
(g8
S'\xccs\x1d\xa3\xbbTu?'
tRp33
g6
(g8
S'\x9bXV\xd8\xe5\xb5\x94?'
tRp34
tp35
a(g6
(g8
S'\x00\xc3?v\x04\xa7s?'
tRp36
g6
(g8
S'\xc7\nvP\xcc\x99\x95?'
tRp37
tp38
a(g6
(g8
S'D\xfc\xa8\x03\x12\x8dv?'
tRp39
g6
(g8
S'\x10\x13\xcf\x92,\xc4\x93?'
tRp40
tp41
a(g6
(g8
S'\xb4V3BSk{?'
tRp42
g6
(g8
S'Zi\x88\xb2\xd4\xc8\x96?'
tRp43
tp44
a(g6
(g8
S'\x02\xa4\xdb\x90\xdeAw?'
tRp45
g6
(g8
S'\x92\xd9)\x90\x8a\xfb\x90?'
tRp46
tp47
a(g6
(g8
S"X0W_\x8c't?"
tRp48
g6
(g8
S'\xb4u\x07\x0fq\x9e\x92?'
tRp49
tp50
a(g6
(g8
S'\x1a\x18=$\xf3\x04v?'
tRp51
g6
(g8
S'\x99\xedP\xbb\xa72\x93?'
tRp52
tp53
a(g6
(g8
S'\x00\xdf\x9c\x1a\x8c\xfcq?'
tRp54
g6
(g8
S'\x01\xfc\n\xcf\xfcA\x94?'
tRp55
tp56
a(g6
(g8
S'\x8cb\xd4\x02N\xd1{?'
tRp57
g6
(g8
S'"9\xe6\xa3\xd6\x89\x9e?'
tRp58
tp59
a(g6
(g8
S'l\xa8\xf6\x1c\x9d\x10p?'
tRp60
g6
(g8
S'\x0bPJ>Bh\x9b?'
tRp61
tp62
a(g6
(g8
S'\xb4PpF\xbfbv?'
tRp63
g6
(g8
S'\n=;\xcd\xda\x1d\x9c?'
tRp64
tp65
a(g6
(g8
S'\\\xc8\x05\xc9\xb2qp?'
tRp66
g6
(g8
S'<\xb0\x0e\xfb\xbd8\x99?'
tRp67
tp68
a(g6
(g8
S'\x908N\xd3fTr?'
tRp69
g6
(g8
S'\x02\xca4W\x91\xd6\x95?'
tRp70
tp71
a(g6
(g8
S'\xd4j\xf5{\xf7,f?'
tRp72
g6
(g8
S'\xa3%\x9b:\t\xa6\x95?'
tRp73
tp74
a(g6
(g8
S'(\xc6\x17\xdd\x937U?'
tRp75
g6
(g8
S'\xbf\xcf\x9cy\xe7\xb5\x90?'
tRp76
tp77
a(g6
(g8
S'\x00\xb8\xd0\x07d\xe2T?'
tRp78
g6
(g8
S'\xbb\x04\xb1\xc1\x1c\xf4\x8e?'
tRp79
tp80
a(g6
(g8
S'\xb2?\xd8\xb0\x14ra?'
tRp81
g6
(g8
S'}1[\xca\xea\x10\x8d?'
tRp82
tp83
a(g6
(g8
S'\xec#\xb8_T\x12l?'
tRp84
g6
(g8
S'eH.\x17\x1a(\x94?'
tRp85
tp86
a(g6
(g8
S'!\xb98\x14\x01\tn?'
tRp87
g6
(g8
S'\x05\xff \x15\xdbZ\x92?'
tRp88
tp89
a(g6
(g8
S'\xd8\x0c\x0e4f`_?'
tRp90
g6
(g8
S'[\x1bh\xa5\xd0\x99\x99?'
tRp91
tp92
a(g6
(g8
S'\xc6t\xd5n\xa5^f?'
tRp93
g6
(g8
S'pPm\x08@\xbd\x98?'
tRp94
tp95
a(g6
(g8
S'\x88)\x04 65k?'
tRp96
g6
(g8
S'I*\x82\xb6x\x04\x93?'
tRp97
tp98
a(g6
(g8
S'T\xa1\xa5A\xf0\xe2k?'
tRp99
g6
(g8
S'L!\x7f~\xe1f\x96?'
tRp100
tp101
a(g6
(g8
S'@\x06&(z+o?'
tRp102
g6
(g8
S':\xbcg8\xf3\xcf\x95?'
tRp103
tp104
a(g6
(g8
S'\xc4\xfe~\x8fx\x18q?'
tRp105
g6
(g8
S'(\xde\xcf!\xc0\x17\x92?'
tRp106
tp107
a(g6
(g8
S'\x1c\xca\xa4\xe8\xde\x15v?'
tRp108
g6
(g8
S"\x06\xf9\x0c\x91\x0b'\x97?"
tRp109
tp110
a(g6
(g8
S't^\x90\x8c\x14bq?'
tRp111
g6
(g8
S'~\\-\xdc\xf6\xb5\x95?'
tRp112
tp113
a(g6
(g8
S'\x88Z\xcb\xec\x85Lc?'
tRp114
g6
(g8
S'\xa4&\xf9\xc4h\xa6\x95?'
tRp115
tp116
a(g6
(g8
S'P\x15\x9c~\xf1\x87i?'
tRp117
g6
(g8
S'/\xbf.i\xe29\x95?'
tRp118
tp119
a(g6
(g8
S'\xc0\xec\xc3Z\xae\x81j?'
tRp120
g6
(g8
S'\xf5\xaanz\xcc\xeb\x95?'
tRp121
tp122
a(g6
(g8
S'ht\x80\xe19\xc1\\?'
tRp123
g6
(g8
S'\x0ch\xfd5?\x9e\x96?'
tRp124
tp125
a(g6
(g8
S'\x08\xacT\xa2\xe1\xf4d?'
tRp126
g6
(g8
S'\x9c\xb0\xaf/\x1c_\x95?'
tRp127
tp128
a(g6
(g8
S'(u\xbf\xa2\xb8\xa2e?'
tRp129
g6
(g8
S'k\xff\xc2D:\x0f\x94?'
tRp130
tp131
a(g6
(g8
S'\x10\xce\xdb\xc0-1m?'
tRp132
g6
(g8
S'\xc0\xdf\x00\x0b\xf4O\x92?'
tRp133
tp134
a(g6
(g8
S'p\xd2\xfe\xdf\xf4\x86j?'
tRp135
g6
(g8
S'\x8c*\xed\xfa\xd0b\x92?'
tRp136
tp137
a(g6
(g8
S'\xa8t\x95\xf5\x1e]\\?'
tRp138
g6
(g8
S'v\xea\x8a\xb4\xc2\xcc\x96?'
tRp139
tp140
a(g6
(g8
S'\xc4^\xed|\x00\x0fQ?'
tRp141
g6
(g8
S'\xc7\x93E\xd5\xd3\xed\x97?'
tRp142
tp143
a(g6
(g8
S'G\x19p\x7f\xab_P?'
tRp144
g6
(g8
S'\x90\xa7\x9c\x92\x89b\x9d?'
tRp145
tp146
a(g6
(g8
S'\x1c\xb9\xa8\xb0\xe6;b?'
tRp147
g6
(g8
S'X\x99\x02G\\\xa9\x99?'
tRp148
tp149
a(g6
(g8
S'L\x04\xf8\x07w\x1ed?'
tRp150
g6
(g8
S'\xc6\x98^\x95\xc0\x11\x9c?'
tRp151
tp152
a(g6
(g8
S'\xd6\x99\xa7?\xd1\x11a?'
tRp153
g6
(g8
S'P\x87`D,)\x98?'
tRp154
tp155
a(g6
(g8
S'\x8c\xba\x16\x9a\xed\x93_?'
tRp156
g6
(g8
S'L\x1b-\x95\xc3\x98\x98?'
tRp157
tp158
a(g6
(g8
S'\xb8\x82|\x1dU[]?'
tRp159
g6
(g8
S'\x9c\xb0\x88\xa1\xfc!\x99?'
tRp160
tp161
a(g6
(g8
S'H\xf5\xb5\x8e\xeb\x8eU?'
tRp162
g6
(g8
S'\xdc0\xe3\xa6Q\x15\x97?'
tRp163
tp164
a(g6
(g8
S'\xbcU"\x9a\xf8\xbca?'
tRp165
g6
(g8
S'\x8ag\x91\xe7\x89B\x95?'
tRp166
tp167
a(g6
(g8
S'4\xa7X\x90\xf2\xacg?'
tRp168
g6
(g8
S' \xb0\xfb\xbd\xfcT\x92?'
tRp169
tp170
a(g6
(g8
S'P\xa0\x02\xadDUx?'
tRp171
g6
(g8
S'\xe6\x86\xf6\xf2\x9d\xe4\x9d?'
tRp172
tp173
a(g6
(g8
S'<\xc3\x00O\xf2gy?'
tRp174
g6
(g8
S'+O\xc2\xe2c9\x98?'
tRp175
tp176
a(g6
(g8
S'\x0e\xa4\xb7]pZv?'
tRp177
g6
(g8
S';\xd3E\x91Y\xe5\x94?'
tRp178
tp179
a(g6
(g8
S'\x1c;\xe2T\xf7]p?'
tRp180
g6
(g8
S'\xff \x12\x1d0;\x90?'
tRp181
tp182
a(g6
(g8
S'\xb8\x05U\x13%\x9bl?'
tRp183
g6
(g8
S'\xa1}^\x8c\xa0\xd0\x8d?'
tRp184
tp185
a(g6
(g8
S'\ndnd\x05\x8fo?'
tRp186
g6
(g8
S'\x06\xd1-`\xc1\xb1\x90?'
tRp187
tp188
a(g6
(g8
S'.U\xcb\n\xc6\xeai?'
tRp189
g6
(g8
S"\xa1:'O\xed\xc7\x93?"
tRp190
tp191
a(g6
(g8
S'%\xba\x9d\xbaJ\x95i?'
tRp192
g6
(g8
S'\xccs\x07\x08@\xdc\x94?'
tRp193
tp194
a(g6
(g8
S'&c\xda\xf5\x0cgg?'
tRp195
g6
(g8
S'h\xb3\x87\xe6E|\x99?'
tRp196
tp197
a(g6
(g8
S'H\xd6\xcd\x17\xe1\x95P?'
tRp198
g6
(g8
S'\xa0\x01\xbaj\xfbC\x97?'
tRp199
tp200
a(g6
(g8
S'P\xb2\x9d\xba\xe8\xb19?'
tRp201
g6
(g8
S'\xe8v\x02\xf9\x99,\x97?'
tRp202
tp203
a(g6
(g8
S'\xde`v\x9e7gI?'
tRp204
g6
(g8
S'_p\x9eU\x08\xde\x9d?'
tRp205
tp206
a(g6
(g8
S't\x14Fr\xd5rN?'
tRp207
g6
(g8
S'|\x8c\xa7Q\xba\x8f\x9c?'
tRp208
tp209
a(g6
(g8
S'\x08d\xb1Q\xe4\xba]?'
tRp210
g6
(g8
S'\x9c\x0e\xac\x1d\xa3c\x9e?'
tRp211
tp212
a(g6
(g8
S'\xdeov\xcf\x8c\xab\\?'
tRp213
g6
(g8
S'\xeer\x97R\xdb\xc3\x9e?'
tRp214
tp215
a(g6
(g8
S'p\x95p\xf3\x95gb?'
tRp216
g6
(g8
S'\xef\xed\xec\x02\xde\xb2\xa0?'
tRp217
tp218
a(g6
(g8
S'\xa0\x00\xc7\xfa\x88}W?'
tRp219
g6
(g8
S'\xfc\xba\xcaLZ!\xa0?'
tRp220
tp221
a(g6
(g8
S'Rc\xf4\x80\xd1@e?'
tRp222
g6
(g8
S'Fy\x9a\x17\x06I\xa0?'
tRp223
tp224
a(g6
(g8
S'\xacaq\x04l\xb2m?'
tRp225
g6
(g8
S'\x0b\xcc\x17[\xb50\xa0?'
tRp226
tp227
a(g6
(g8
S'W\xa5\x93D\xa7\xe8r?'
tRp228
g6
(g8
S'\xe6\x05t\xfc\x7f\xe0\x9e?'
tRp229
tp230
a(g6
(g8
S'\x08\xd0E\x06p\xb6p?'
tRp231
g6
(g8
S'+C\xf3\x7f)f\x9c?'
tRp232
tp233
a(g6
(g8
S"XP'pnRl?"
tRp234
g6
(g8
S'\xa0\x01\xbd\xddG\xdb\x92?'
tRp235
tp236
a(g6
(g8
S'P\xdb\xef\x14\xb2Fn?'
tRp237
g6
(g8
S'\x81\xd8h-%\xc7\x91?'
tRp238
tp239
a(g6
(g8
S'\xc4\x9b-\xd0\xcd\xc9s?'
tRp240
g6
(g8
S'[\xb8\x1b\xeb\xc5;\x92?'
tRp241
tp242
a(g6
(g8
S'|\x9d\xdd$W.r?'
tRp243
g6
(g8
S'\xd77\xe4\x16\xa5\x97\x98?'
tRp244
tp245
a(g6
(g8
S'\xacp\x1d\x0f5\xaek?'
tRp246
g6
(g8
S'lh\xae\xe3\xebq\x94?'
tRp247
tp248
a(g6
(g8
S'\xd8oJ\xb5\xe1\xe9c?'
tRp249
g6
(g8
S'\x1e\xa9\xd9\xdd\x88\xbe\x96?'
tRp250
tp251
a(g6
(g8
S'\xd5\xf1\x11\xe7\xe8\x81y?'
tRp252
g6
(g8
S'\xc93\r>w\xe4\x99?'
tRp253
tp254
a(g6
(g8
S'\x91\xee.\xc1Cry?'
tRp255
g6
(g8
S'|\xff\xe1k\x82\x80\x9c?'
tRp256
tp257
a(g6
(g8
S'\xc8\xce\x82\xdd\xac\x07|?'
tRp258
g6
(g8
S'&\x9f\x02\x9d\xe0\x15\x9a?'
tRp259
tp260
a(g6
(g8
S'#\xbb\xc3H\xce!x?'
tRp261
g6
(g8
S'\xb527L{d\x9a?'
tRp262
tp263
a(g6
(g8
S'\xf0\xb0\xc1\xce\x8cX\x81?'
tRp264
g6
(g8
S'\xbb\xc0\\H\x1e\x13\xa2?'
tRp265
tp266
a(g6
(g8
S'\xc5\xa6\xe4\xda\xe7#\x81?'
tRp267
g6
(g8
S'\x0c\x88\xf9*\x92]\xa2?'
tRp268
tp269
a(g6
(g8
S'\xb1r\xc2(c\x1a{?'
tRp270
g6
(g8
S'\x91?\x99\x19\xc3\xe4\xa3?'
tRp271
tp272
a(g6
(g8
S'\x18>\x03"\xb8\x06u?'
tRp273
g6
(g8
S'\xa9[\n\xf7/u\xa4?'
tRp274
tp275
a(g6
(g8
S'\xa9\xb3\x89Kp\xaf|?'
tRp276
g6
(g8
S'\x0b\xbf(\x12\xb6\x9a\xa2?'
tRp277
tp278
a(g6
(g8
S'\xc6\xf7\x11\xe1\xc8\xcc\x81?'
tRp279
g6
(g8
S'\xe9Ai\xd7#\xbc\xa4?'
tRp280
tp281
a(g6
(g8
S' .\xb2\xde\x92\xd6\x88?'
tRp282
g6
(g8
S'\xdfvL\xe2d\x8e\xa5?'
tRp283
tp284
a(g6
(g8
S'\x9e\xd8\xdax\xb7\x1b\x89?'
tRp285
g6
(g8
S'{H\xa7\x99\x0c\xb2\xa6?'
tRp286
tp287
a(g6
(g8
S'M\x87\x8e\xb3M<u?'
tRp288
g6
(g8
S'\xfcO\x8d\xd7\xec`\xa3?'
tRp289
tp290
a(g6
(g8
S'rQ\xb8\xbe\x1e\xd5u?'
tRp291
g6
(g8
S'\xdfo\xf1\xf9\x0f\x97\xa3?'
tRp292
tp293
a(g6
(g8
S'\xf6\xce\x1e\xc0\x92\x08}?'
tRp294
g6
(g8
S'\xd1db\x9d\x19B\xa4?'
tRp295
tp296
a(g6
(g8
S'D\xd6\xf7\xfa[Tt?'
tRp297
g6
(g8
S'\xd9\xe0\xcb\xb8\xa7\xd9\xa1?'
tRp298
tp299
a(g6
(g8
S'\xeex3e&\x97\x81?'
tRp300
g6
(g8
S']\x88\xcf\xa9\xc2\x17\xa2?'
tRp301
tp302
a(g6
(g8
S'BJ\xfb\x83\xb1u\x84?'
tRp303
g6
(g8
S'}\xb5\xa6\x9b\x9e\xc5\xa0?'
tRp304
tp305
a(g6
(g8
S'\xccg%\xcd\xe5\xdf\x8a?'
tRp306
g6
(g8
S'\xeeUX(Bq\xa0?'
tRp307
tp308
a(g6
(g8
S'r\x9e\x1bs\xaa\xf8\x8f?'
tRp309
g6
(g8
S'&T\x1f\xec\xe1\x19\x9d?'
tRp310
tp311
a(g6
(g8
S'r-\x9b\xb3\xb8j\x94?'
tRp312
g6
(g8
S'v\xbc\xf0\xfe\xb1\x82\x9c?'
tRp313
tp314
a(g6
(g8
S'\xca\xac\x10\xd9\x97T\x97?'
tRp315
g6
(g8
S'\xc8N\x9b\xef\x05\xbb\x9f?'
tRp316
tp317
a(g6
(g8
S'\xdcCd\xee\x8f\xe5\x9a?'
tRp318
g6
(g8
S'\xcd\xed\xb5m\xf6\xd5\xa1?'
tRp319
tp320
a(g6
(g8
S'\x1a\xf4\x08\xd9\x92\x1c\x9c?'
tRp321
g6
(g8
S'L@\xf6\xd4M\x9a\xa2?'
tRp322
tp323
a(g6
(g8
S'\x05E\xf8\xb3\x19-\xa1?'
tRp324
g6
(g8
S'D\xc7\xa2u\xe7\xc6\xa6?'
tRp325
tp326
a(g6
(g8
S'\xf8\xdf\x96]\xbf;\xa7?'
tRp327
g6
(g8
S'\xa7\xbe\xf4\x82W4\xae?'
tRp328
tp329
a(g6
(g8
S'\xb0n\x90a\xbf\x94\xa8?'
tRp330
g6
(g8
S'-\xac\xea\x196[\xaf?'
tRp331
tp332
a(g6
(g8
S'"ss^\xa44\xab?'
tRp333
g6
(g8
S'\xaf\x1eK-#\xac\xb0?'
tRp334
tp335
a(g6
(g8
S'\xa6A>\x01\xb4z\xae?'
tRp336
g6
(g8
S'5\xcfN\xc9$h\xb2?'
tRp337
tp338
a(g6
(g8
S'\xd0\xea/\x16L\x15\xb0?'
tRp339
g6
(g8
S'\x05\xf3\xb1\xe5\x197\xb3?'
tRp340
tp341
a(g6
(g8
S'\xc3\xc0\x01\x02`\n\xb0?'
tRp342
g6
(g8
S'\x8e\x1c\xc3r!\xea\xb3?'
tRp343
tp344
a(g6
(g8
S'\xe2\xa6k\n\xca\xab\xae?'
tRp345
g6
(g8
S'\xfc\xe2\xe2\x7f\x9bx\xb3?'
tRp346
tp347
a(g6
(g8
S'L\xa8\x8a\xc0\x9a\x9d\xad?'
tRp348
g6
(g8
S'P\x87/i\xfa\x7f\xb2?'
tRp349
tp350
a(g6
(g8
S'\x9e\xfa1\x8f\x86M\xae?'
tRp351
g6
(g8
S'\xb0\xc2i\xb5k\x15\xb3?'
tRp352
tp353
a(g6
(g8
S'\xc46]\x9c\xba\x13\xb0?'
tRp354
g6
(g8
S'ie;\xff\xcf\xa3\xb3?'
tRp355
tp356
a(g6
(g8
S'\x84W\xb4~\xe6z\xad?'
tRp357
g6
(g8
S'<\xcf\x06\xa3\x17&\xb2?'
tRp358
tp359
a(g6
(g8
S'\\4]M\xef\x11\xa8?'
tRp360
g6
(g8
S'YZ{\xefl\xbb\xae?'
tRp361
tp362
a(g6
(g8
S'\x04\x01\x1e\xb3r/\xa6?'
tRp363
g6
(g8
S'}\xe8i\xb2\xa0K\xac?'
tRp364
tp365
a(g6
(g8
S'\xce\x07\xdd\x0b\x1c\xd6\xa4?'
tRp366
g6
(g8
S'\xbc@1){\xcb\xaa?'
tRp367
tp368
a(g6
(g8
S'4O)\xd8\x9c\x9d\xa2?'
tRp369
g6
(g8
S'xW\x00a\xa9\xfa\xa9?'
tRp370
tp371
a(g6
(g8
S'<\xe8\xed\xc4\xb2\x87\x9a?'
tRp372
g6
(g8
S"E\xbb\xcb$'x\xa6?"
tRp373
tp374
a(g6
(g8
S'\xcc\xc3\x97K\xfd\x10\x9c?'
tRp375
g6
(g8
S'\x89t\x06%\x93]\xa7?'
tRp376
tp377
a(g6
(g8
S'\x8a\x85\x17\xa6\x93Z\x92?'
tRp378
g6
(g8
S'\xdd\xed\x1c\xe4\x84\x13\xa1?'
tRp379
tp380
a(g6
(g8
S'\xdc\x8afK\xf2\xb0\x8e?'
tRp381
g6
(g8
S'/;\x9eP\xa2;\xa1?'
tRp382
tp383
a(g6
(g8
S'`\xbbcP{V\x88?'
tRp384
g6
(g8
S'\xe3\x85\xb9\xd7\xff*\x9b?'
tRp385
tp386
a(g6
(g8
S'(l\xe2\x99A\xf2\x7f?'
tRp387
g6
(g8
S'\xa39T}\x98\x0c\x98?'
tRp388
tp389
a(g6
(g8
S'\xd8\xbf\xd7\xeb\x14h{?'
tRp390
g6
(g8
S'\xc8[\xa2.\xeag\x97?'
tRp391
tp392
a(g6
(g8
S'\xf4*\x97m\xe46t?'
tRp393
g6
(g8
S'\xef\xac\x7f\xc8\x1e\xdc\x96?'
tRp394
tp395
a(g6
(g8
S'\xfc\xf7\xc7\x1cS\x9cr?'
tRp396
g6
(g8
S'\xe8\xf7\x91\xf0)z\x9a?'
tRp397
tp398
a(g6
(g8
S'\x0c0\x9fm\x00\x8ae?'
tRp399
g6
(g8
S'\xf8\xe7\xaa\x01Q\xb0\x98?'
tRp400
tp401
a(g6
(g8
S' \xee?\xc7\xa3\xbeU?'
tRp402
g6
(g8
S'\x1d\xae\x16<\x16`\x98?'
tRp403
tp404
a(g6
(g8
S'b\x0e^\xbb\x92\x81p?'
tRp405
g6
(g8
S'\x13!\x18:\x82>\x9b?'
tRp406
tp407
a(g6
(g8
S'\x80H\\\x11\xf1%k?'
tRp408
g6
(g8
S'\xb4Z\xeb\x18Zc\xa0?'
tRp409
tp410
a(g6
(g8
S'D\x02x\x01\x92+j?'
tRp411
g6
(g8
S'\xfd\x1d7J\xeb\xad\x99?'
tRp412
tp413
a(g6
(g8
S'\x08\x8fB\xeb\xce\xae_?'
tRp414
g6
(g8
S'\xea\xaaTo\xbe\x9a\x9e?'
tRp415
tp416
a(g6
(g8
S'\xc2\xc9\xab\xe6@\x14_?'
tRp417
g6
(g8
S'\xba\xbd\x17\xec\x83T\x9f?'
tRp418
tp419
a(g6
(g8
S'\xc8\x99\xf0\xb5\xcd\x1cQ?'
tRp420
g6
(g8
S'?\xb6\x02\x1ep9\x9b?'
tRp421
tp422
a(g6
(g8
S'\x9a,\x8b$\xb7\xebc?'
tRp423
g6
(g8
S'\x8b\x89\xa1\x94\xf0\xe6\x9d?'
tRp424
tp425
a(g6
(g8
S'\xca\x86\xe5\xdc\xfd\xd8d?'
tRp426
g6
(g8
S'0\xf5\xaa\xb2\xb2]\xa0?'
tRp427
tp428
a(g6
(g8
S'JS\xa8\xe0\x94=c?'
tRp429
g6
(g8
S'D\xcc\x99\xcc\xce;\xa6?'
tRp430
tp431
a(g6
(g8
S'\xc8^\x88\x17\xe2Id?'
tRp432
g6
(g8
S'\x02\x07\x85mJ\xa2\xa3?'
tRp433
tp434
a(g6
(g8
S'l\x13O\xd2\xa8?k?'
tRp435
g6
(g8
S'QL \xef\x83\xdc\xa1?'
tRp436
tp437
a(g6
(g8
S'\xbcc\xbd5\x90\xb6m?'
tRp438
g6
(g8
S'!\xb4\xbd\xfa\x19B\xa1?'
tRp439
tp440
a(g6
(g8
S'\x02\x80Yx\xa30m?'
tRp441
g6
(g8
S'\xb1J\xcb>\xcd\xbe\x9f?'
tRp442
tp443
a(g6
(g8
S'\xebr\xfc\x1f\xf9\xacu?'
tRp444
g6
(g8
S'\xd8Z\x81\xc6\xa4\xb7\xa0?'
tRp445
tp446
a(g6
(g8
S'\xfe`\xe2\x0e\xafov?'
tRp447
g6
(g8
S'\xef|Y>0\xf5\x9d?'
tRp448
tp449
a(g6
(g8
S'R\x002\xdb\xd9*x?'
tRp450
g6
(g8
S'\xb3\x07\xd2G\x89\xe4\x9c?'
tRp451
tp452
a(g6
(g8
S'\x1e\xd6Y&Z\xbb\x80?'
tRp453
g6
(g8
S'\x10N\xf5\x80\xc9\xa6\x9b?'
tRp454
tp455
a(g6
(g8
S'\x86v\\\xcd\xc6~q?'
tRp456
g6
(g8
S'"C\x95\xfd\xd4\xea\x9b?'
tRp457
tp458
a(g6
(g8
S'\xf8s\xa9u\xc5\xfem?'
tRp459
g6
(g8
S'\xc9X\x80\x06\nU\x99?'
tRp460
tp461
a(g6
(g8
S'\xb8\xfa~L&\xd6r?'
tRp462
g6
(g8
S'\xb65\x14\x954\x9e\x91?'
tRp463
tp464
a(g6
(g8
S'\xa8\xa7\x7f\xc7\xad\xfbp?'
tRp465
g6
(g8
S'\xa7)k\xd2~~\x8d?'
tRp466
tp467
a(g6
(g8
S'D%t\x86\xdd d?'
tRp468
g6
(g8
S'$\x9f\x802\xc4\xd3\x92?'
tRp469
tp470
a(g6
(g8
S'\x08\xf5Dc\x0c\nE?'
tRp471
g6
(g8
S'\x08\\\x8c\xc9\xf4\xd6\x96?'
tRp472
tp473
a(g6
(g8
S'\x00|\x80\n\xa5MV?'
tRp474
g6
(g8
S'R\xe1v\xf7B\x08\x9a?'
tRp475
tp476
a(g6
(g8
S'\x18L5\xe8q\x96p?'
tRp477
g6
(g8
S'\xac\x08\nt\xcd\xf1\x98?'
tRp478
tp479
a(g6
(g8
S'T\xcd\x8d\xd8\x1b\xb3r?'
tRp480
g6
(g8
S'\xb6\x05d\x01\x86E\x96?'
tRp481
tp482
a(g6
(g8
S'\x8c\xd4b\xf5\xeb\x99k?'
tRp483
g6
(g8
S"<h\xd3\x8e'\xc0\x96?"
tRp484
tp485
a(g6
(g8
S'\x9ck\xa8\x85\x19\xbcg?'
tRp486
g6
(g8
S'\xd9\x88\xb5D\x13\x19\x97?'
tRp487
tp488
a(g6
(g8
S'\x80\x87\xb0m$Rg?'
tRp489
g6
(g8
S'\x00Y\x0c\xc9,\xf4\x95?'
tRp490
tp491
a(g6
(g8
S'\xd8\xed\x05\x03sif?'
tRp492
g6
(g8
S'\r\x98\x95\xc9&\x17\x98?'
tRp493
tp494
a(g6
(g8
S'\xb0\xc9\x81\x96\xde\xach?'
tRp495
g6
(g8
S'\xa0Dt\x9f\xa3\xf5\x95?'
tRp496
tp497
a(g6
(g8
S'\xd8\xbbV&\x1dVk?'
tRp498
g6
(g8
S'\xb6\x94}aU3\x97?'
tRp499
tp500
a(g6
(g8
S'\xb07\xca\x14N\x12r?'
tRp501
g6
(g8
S'j\x92zQjb\x9e?'
tRp502
tp503
a(g6
(g8
S'L^vAW=x?'
tRp504
g6
(g8
S'\xf2\x92Jbt\xeb\xa1?'
tRp505
tp506
a(g6
(g8
S'X#\xde\xf1\xef\xd4w?'
tRp507
g6
(g8
S'\xb3\x8b\x01\xb7F\xc8\xa0?'
tRp508
tp509
a(g6
(g8
S'P\x04\xd9#\xae~n?'
tRp510
g6
(g8
S'\x9c\x1cF\xa5\xc0\xf5\xa0?'
tRp511
tp512
a(g6
(g8
S'\xc4Ok\x8d\xa6Fm?'
tRp513
g6
(g8
S'R\x80\x92\x8b\x98k\xa1?'
tRp514
tp515
a(g6
(g8
S'\xe2e\xee\xe1\x035s?'
tRp516
g6
(g8
S"K'Vt\xc1;\xa2?"
tRp517
tp518
a(g6
(g8
S"\x9c'\x07\x8e_Tp?"
tRp519
g6
(g8
S'0~\xb8\xa44=\xa4?'
tRp520
tp521
a(g6
(g8
S'R/\xb7\xd6z\xbau?'
tRp522
g6
(g8
S'\xca+\\r5\xc7\xa1?'
tRp523
tp524
a(g6
(g8
S'\xe8P\xe21\x1fiq?'
tRp525
g6
(g8
S'0\x17`\x14t!\x9f?'
tRp526
tp527
a(g6
(g8
S'\xc0V#\x9e\x91(w?'
tRp528
g6
(g8
S'5\xfc\tU\xa5\xc2\xa3?'
tRp529
tp530
a(g6
(g8
S'\xa4\x1f\xe7-Q\x0cs?'
tRp531
g6
(g8
S'\xec\xe1/\xb3\xba\x89\xa3?'
tRp532
tp533
a(g6
(g8
S'\xb4h\xbf\x8d\x87\xe2n?'
tRp534
g6
(g8
S"\x14\x9a\x11'\x81C\xa1?"
tRp535
tp536
a(g6
(g8
S'\xe8\xe3\xbb.\x19\x17l?'
tRp537
g6
(g8
S'\xe1!y\xd52>\xa1?'
tRp538
tp539
a(g6
(g8
S'\x08\xc9\xccO2\x85^?'
tRp540
g6
(g8
S'\xf2{\xa554\x19\xa0?'
tRp541
tp542
a(g6
(g8
S'\x00{\xbd[l7V?'
tRp543
g6
(g8
S'/\x1d}\x1b\xb2\x13\xa3?'
tRp544
tp545
a(g6
(g8
S'@\xf2\x82\xa7\xfci]?'
tRp546
g6
(g8
S'&\xf1U\xde\t\x02\xa4?'
tRp547
tp548
a(g6
(g8
S'0\xdf\x00I\xbf\x17_?'
tRp549
g6
(g8
S'U\xf5\xa93\xe6\x13\xa1?'
tRp550
tp551
a(g6
(g8
S'\x80D?\t\xaa\x16J?'
tRp552
g6
(g8
S'O>\xe1T\xef]\x9e?'
tRp553
tp554
a(g6
(g8
S'\xe4LZ<>6c?'
tRp555
g6
(g8
S'\x00\xfb(\xcd]\xe3\xa1?'
tRp556
tp557
a(g6
(g8
S'T\xb1\xdaw1\x12`?'
tRp558
g6
(g8
S'\x13/\xc9\xb9\xb6\xf6\xa0?'
tRp559
tp560
a(g6
(g8
S'p\xb36\x99\xbfHZ?'
tRp561
g6
(g8
S'\x8b3\xe1\xa0\xb3\xf7\x9e?'
tRp562
tp563
a(g6
(g8
S'\xd8\x1c`\xe5\x1e\x87Z?'
tRp564
g6
(g8
S'\x05\xf8}\x84-\x07\x9a?'
tRp565
tp566
a(g6
(g8
S'`]\x7f\xffo\xf4`?'
tRp567
g6
(g8
S'O\xe2\xfb\xfd\x83\xd5\x9d?'
tRp568
tp569
a(g6
(g8
S'0\xc0\xa0\xfd\xf1rT?'
tRp570
g6
(g8
S'\xb5\xb6E2\x13I\x9f?'
tRp571
tp572
a(g6
(g8
S'\xb8\x06l\xda\xbf!\\?'
tRp573
g6
(g8
S'\x98\x83.\xfc\xd6n\xa0?'
tRp574
tp575
a(g6
(g8
S'\xf8\x980~68a?'
tRp576
g6
(g8
S'\x1a\xbc\xc4&\x0f\xf7\x9c?'
tRp577
tp578
a(g6
(g8
S'X{\x11\x0e\xe5\x00n?'
tRp579
g6
(g8
S"\xe7'z\xbc\xfa{\x9f?"
tRp580
tp581
a(g6
(g8
S'\xb09\x9a\x02a\xffV?'
tRp582
g6
(g8
S'\x96\x1d\xe7\xaf\xc3\x0c\x9f?'
tRp583
tp584
a(g6
(g8
S'\xe2\xc64\xe6:\x0cb?'
tRp585
g6
(g8
S'\x8b0h\x86\x13\xce\x99?'
tRp586
tp587
a(g6
(g8
S'tI\xe5I\xfd\xf4T?'
tRp588
g6
(g8
S'v\xc7T\xf6/?\x9a?'
tRp589
tp590
a(g6
(g8
S'\xd7\xa0\xa1\xc7\x87\x0fc?'
tRp591
g6
(g8
S'.;\xce,\x9f\xe2\x95?'
tRp592
tp593
a(g6
(g8
S'\x8d\xf5\xef[\xab\xa0\\?'
tRp594
g6
(g8
S'\xc9+\x0e\xbf\x18Z\x96?'
tRp595
tp596
a(g6
(g8
S'\x80\xbe\xdc\x06$\x08U?'
tRp597
g6
(g8
S'\x0e:=\xba\x8d\xf0\x92?'
tRp598
tp599
a(g6
(g8
S'oE\x8b\xc3\x88]e?'
tRp600
g6
(g8
S'\x92\xfa\xdc\x9e\x99\xd0\x90?'
tRp601
tp602
a(g6
(g8
S'\xbe\xf9\xa8\xbap\xfep?'
tRp603
g6
(g8
S'N#\xd1q]\xde\x98?'
tRp604
tp605
a(g6
(g8
S'\xc3\xa0\xa4\xf4\xda\xbde?'
tRp606
g6
(g8
S'\x958\xd9\x89\xa5-\x9a?'
tRp607
tp608
a(g6
(g8
S'\xa69/\xbe\xae\x83n?'
tRp609
g6
(g8
S'3\x88\xddq\x83\x12\x96?'
tRp610
tp611
a(g6
(g8
S'"\x8d\xabr\xc9rn?'
tRp612
g6
(g8
S'K0\xe6\xbe\xcc-\x97?'
tRp613
tp614
a(g6
(g8
S'\xc9\xb0\xe80u\x18y?'
tRp615
g6
(g8
S'\xbe\x0c\x10\xe7\t\xcb\x97?'
tRp616
tp617
a(g6
(g8
S' x\xa5H\x93\xf3\x80?'
tRp618
g6
(g8
S',M\xb9\x8f\xc5U\xa0?'
tRp619
tp620
a(g6
(g8
S'\x84(XW8\xe8{?'
tRp621
g6
(g8
S'\xdd\x05<R\xf3\x9f\x9d?'
tRp622
tp623
a(g6
(g8
S'@Q\xb9\x95\xe9\xff\x84?'
tRp624
g6
(g8
S'[\xf3\xf3\xd5\xb1/\xa0?'
tRp625
tp626
a(g6
(g8
S'\xb8(6\\\x1fHy?'
tRp627
g6
(g8
S'7\x88\x0c\x14\x8e\xae\x9c?'
tRp628
tp629
a(g6
(g8
S'\xac\xa6E\x10g\x8e}?'
tRp630
g6
(g8
S'\xcb\x14\xbf\xc3(\xf8\xa1?'
tRp631
tp632
a(g6
(g8
S'm\xea\xca\x91\xa9\xd8\x80?'
tRp633
g6
(g8
S'\xc9c\xc4&\xfc!\xa1?'
tRp634
tp635
a(g6
(g8
S'`[cC~?\x83?'
tRp636
g6
(g8
S'\xca\xd6\xe7z\xad-\xa1?'
tRp637
tp638
a(g6
(g8
S'\xea\x88%\x18\xd7{\x89?'
tRp639
g6
(g8
S'\xc2pK\x1b\xf5~\xa1?'
tRp640
tp641
a(g6
(g8
S'\xaa\xd7*\xa7ht\x85?'
tRp642
g6
(g8
S'D\x1e\xf0\xd3\xd9\xec\xa0?'
tRp643
tp644
a(g6
(g8
S'\xb6\x9fB\x1d\xa8\x13\x80?'
tRp645
g6
(g8
S'\x9eD6\xfb\xad\x1a\x98?'
tRp646
tp647
a(g6
(g8
S'l\xaf{U\x13\x91q?'
tRp648
g6
(g8
S'\x81\t\x97X]\x0b\x92?'
tRp649
tp650
a(g6
(g8
S'\xc0a\xf7s\xbc\xf3|?'
tRp651
g6
(g8
S'8\xdf\x9aeV\xf9\x91?'
tRp652
tp653
a(g6
(g8
S'\x06y\xa2\x94\x95\x9c{?'
tRp654
g6
(g8
S'\x07R\xdd\xd2\x19X\x91?'
tRp655
tp656
a(g6
(g8
S'\xc5P\xd0B\xcbWq?'
tRp657
g6
(g8
S'\x00\x14\xdc.\xbeP\x8f?'
tRp658
tp659
a(g6
(g8
S'\x1e\xb9r\xcc\xa2\xd7i?'
tRp660
g6
(g8
S'8\xf2y\x19F\xa5\x94?'
tRp661
tp662
a(g6
(g8
S'\xd4\xf2F[\x0e\x95j?'
tRp663
g6
(g8
S'.\xb0EY\xfb\xf0\x97?'
tRp664
tp665
a(g6
(g8
S'\x08`S\xd1\xbc\x83t?'
tRp666
g6
(g8
S'\x84\x88\x06\xe3x\xa3\x9d?'
tRp667
tp668
a(g6
(g8
S'>H\xef\xe0<[o?'
tRp669
g6
(g8
S'\x8e\x1f\xeaL\x95U\xa0?'
tRp670
tp671
a(g6
(g8
S'H \xf4\x94(ik?'
tRp672
g6
(g8
S'\x17\xb4~L5N\xa2?'
tRp673
tp674
a(g6
(g8
S'>|\xd5B&\xc5`?'
tRp675
g6
(g8
S'[;\x03\x96\x16\x89\xa3?'
tRp676
tp677
a(g6
(g8
S'X\x12\x95\xdal\xdfV?'
tRp678
g6
(g8
S'\xa4\xe7\xcdi\xb5;\xa6?'
tRp679
tp680
a(g6
(g8
S'z\xcd?N\xae\x93d?'
tRp681
g6
(g8
S"'\xdey\t\xb0c\xa6?"
tRp682
tp683
a(g6
(g8
S'\xf8U8\x8f\x93\xfaj?'
tRp684
g6
(g8
S'\\p \xc0\x9cL\xa8?'
tRp685
tp686
a(g6
(g8
S'T]\xc7\x13\x15\xddh?'
tRp687
g6
(g8
S'\xba\xee\x10[\x0e\xa1\xa7?'
tRp688
tp689
a(g6
(g8
S'\xea+\xb5Q\x133y?'
tRp690
g6
(g8
S'weu\x88Jk\xa8?'
tRp691
tp692
a(g6
(g8
S'\xe4V2\x1cFZt?'
tRp693
g6
(g8
S'\xcd\xfa\xa3\xf2M\xfe\xa8?'
tRp694
tp695
a(g6
(g8
S':<\xdce\xbbW\x81?'
tRp696
g6
(g8
S'\xcf\xdb\xd9\xb0H\xa1\xac?'
tRp697
tp698
a(g6
(g8
S"\x8a\xbe\xbb\x95'[\x8b?"
tRp699
g6
(g8
S'I2i\xcc\x1d\xb4\xaf?'
tRp700
tp701
a(g6
(g8
S'^\xd3\xb3\xfcM\xb1\x82?'
tRp702
g6
(g8
S'h=\x89\xafA<\xac?'
tRp703
tp704
a(g6
(g8
S'\xe2\xbb\xf16\x94\x87\x83?'
tRp705
g6
(g8
S'\xf8y\xc6\xe1I\xb4\xab?'
tRp706
tp707
a(g6
(g8
S'\xe5\xefD\xb5\xc13\x82?'
tRp708
g6
(g8
S'i\xbf\xea\xbf9\xa1\xa6?'
tRp709
tp710
a(g6
(g8
S'OXbR\xb0\x16\x85?'
tRp711
g6
(g8
S'\xd14\xadR\xf3\xf7\xa6?'
tRp712
tp713
a(g6
(g8
S'l\x7f[\x80\xa3\xe8\x86?'
tRp714
g6
(g8
S'f\xc6\xbaA\xd7\xaa\xa6?'
tRp715
tp716
a(g6
(g8
S"!\x85\xedk'n\x82?"
tRp717
g6
(g8
S'\xf7\xfb\xb5MwZ\xa4?'
tRp718
tp719
a(g6
(g8
S'\xfc\xde\xdd\xb7\x16\xad\x89?'
tRp720
g6
(g8
S'qvL\xf3\xd1\x9c\xa4?'
tRp721
tp722
a(g6
(g8
S'\xf6"\x8fH\x19\xf9\x86?'
tRp723
g6
(g8
S'8\xf9\x91\xf4/\xf3\xa4?'
tRp724
tp725
a(g6
(g8
S"\xfc1\xb1\t'4\x87?"
tRp726
g6
(g8
S'\xbc_89w\xc5\xa2?'
tRp727
tp728
a(g6
(g8
S'5p[?\xc6\xa1\x83?'
tRp729
g6
(g8
S'\xd3J\xf6\xcftf\xa1?'
tRp730
tp731
a(g6
(g8
S'\x11\x00i\xf8\x9f \x89?'
tRp732
g6
(g8
S'\xce\x0c\xf4y\xeco\xa4?'
tRp733
tp734
a(g6
(g8
S'tg\x037k\x0b\x89?'
tRp735
g6
(g8
S'\xfb\x80\xd2\xae\x00F\xa6?'
tRp736
tp737
a(g6
(g8
S'\x9bhn\xf8m\xbd\x87?'
tRp738
g6
(g8
S'\xd02ix\xee/\xa6?'
tRp739
tp740
a(g6
(g8
S'\xb7<\x04\x8c\xf2}\x81?'
tRp741
g6
(g8
S"\x07'\xa88\x15\x7f\xa8?"
tRp742
tp743
a(g6
(g8
S'q3\x91\xbaJQ\x80?'
tRp744
g6
(g8
S'\xf0&\x81\x06Ic\xaa?'
tRp745
tp746
a(g6
(g8
S'\x9d\x1e\xb3\x04\xaf\xd9\x84?'
tRp747
g6
(g8
S'\x98\xc7a\x8d{\xdd\xa8?'
tRp748
tp749
a(g6
(g8
S'c\x1fW5\xdd\x15\x82?'
tRp750
g6
(g8
S'2\xe35\xdf\xa0\xe7\xa6?'
tRp751
tp752
a(g6
(g8
S'\xb8\xba\xd3\xc3\xad\xdd~?'
tRp753
g6
(g8
S'\x0e\x853\xc4\x0c\xe5\xa5?'
tRp754
tp755
a(g6
(g8
S'\xf4-M\x90\x93\xd6|?'
tRp756
g6
(g8
S'WX\nO&\x9c\xa3?'
tRp757
tp758
a(g6
(g8
S'(P>y\xd1\x8by?'
tRp759
g6
(g8
S'\x1dE\x81\xbb\xa8\x0b\xa3?'
tRp760
tp761
a(g6
(g8
S'p\xec\xf4\xe4\xe0\x83x?'
tRp762
g6
(g8
S'\xba\x1a2a\x01\xf1\x9f?'
tRp763
tp764
a(g6
(g8
S' \xff{\x1e\t\xf6{?'
tRp765
g6
(g8
S'7\xb97\xe0\xe4\xe8\xa2?'
tRp766
tp767
a(g6
(g8
S'\xc6&8\x18\xd0C\x82?'
tRp768
g6
(g8
S'\xe2cuK\xa2\x98\xa4?'
tRp769
tp770
a(g6
(g8
S'\xe6\xbe\x18\xa37\xc7j?'
tRp771
g6
(g8
S'\xd5j\xf4\x1a\x16\xb1\xa2?'
tRp772
tp773
a(g6
(g8
S'\n\x19\xe6\x01\x03\x96p?'
tRp774
g6
(g8
S'\x8d\xdb\x8bo\xfeW\xa0?'
tRp775
tp776
a(g6
(g8
S'\xeeY*fh\xa1m?'
tRp777
g6
(g8
S'\x8e\xd6j\xbb\xce\x02\x9e?'
tRp778
tp779
a(g6
(g8
S'\xb2\x0f\x9e\x8c\xd6\x07j?'
tRp780
g6
(g8
S'RiX\xa7\x11\xd7\x9d?'
tRp781
tp782
a(g6
(g8
S'\xb0\xb9lV\xd2\xb2m?'
tRp783
g6
(g8
S'\xc8\x8aB\xa8-\xda\x9b?'
tRp784
tp785
a(g6
(g8
S'\xa1aY\xbfMrq?'
tRp786
g6
(g8
S'\x1a\x1a\x1eq\x8a\xe4\x9b?'
tRp787
tp788
a(g6
(g8
S'\xaf\x8e\xee\\/\x13{?'
tRp789
g6
(g8
S"F'A\xf8Y\x07\xa0?"
tRp790
tp791
a(g6
(g8
S'G\xfe\x0b\x0f\x9d\xaa\x7f?'
tRp792
g6
(g8
S'd|\xb4\xe0\x8da\xa0?'
tRp793
tp794
a(g6
(g8
S'6D8D\x91\xe0}?'
tRp795
g6
(g8
S't9P\xb9\xd6\xee\x9b?'
tRp796
tp797
a(g6
(g8
S'\x08\xd8Nz)b\x82?'
tRp798
g6
(g8
S'L/\x07\xa5\x8b\xe2\x9e?'
tRp799
tp800
a(g6
(g8
S'\xfaHgS\xe6~\x80?'
tRp801
g6
(g8
S',\xa2r\x7f\n\xf6\x9e?'
tRp802
tp803
a(g6
(g8
S'\x14\x11(6}_{?'
tRp804
g6
(g8
S'\x1b\x07\xf9\xc8\x9f\xd8\x9b?'
tRp805
tp806
a(g6
(g8
S'\xfeG]\xd4\t\xcf}?'
tRp807
g6
(g8
S'\x1aL\x15\xfe\x19I\x9c?'
tRp808
tp809
a(g6
(g8
S'n\xb1\x83\xd1\x0f\x10\x81?'
tRp810
g6
(g8
S'|q|\x1fg|\xa0?'
tRp811
tp812
a(g6
(g8
S'\x0f\x03\xde\xa7\x93\x1az?'
tRp813
g6
(g8
S'=\xcf\xda<\xe0\x92\xa0?'
tRp814
tp815
a(g6
(g8
S'\x1aY*/\xb9\xf4z?'
tRp816
g6
(g8
S'2\x1e\xd1\xc9\xc3\x89\xa0?'
tRp817
tp818
a(g6
(g8
S'\x02q\x8eg\x04b\x81?'
tRp819
g6
(g8
S'b@\x04\x12\xd3B\x9f?'
tRp820
tp821
a(g6
(g8
S'b\xb5/E^\xf3\x83?'
tRp822
g6
(g8
S";'F\xe4Kf\x9d?"
tRp823
tp824
a(g6
(g8
S'\xa80-\xe6Kmx?'
tRp825
g6
(g8
S'7S\x1e\xa5\x8a\xf3\x97?'
tRp826
tp827
a(g6
(g8
S'\xf4Q\xe7\x1a\xca\x8dq?'
tRp828
g6
(g8
S'\x94\x1e\xf2\xfe\x930\x99?'
tRp829
tp830
a(g6
(g8
S'\xb4\n1\xb3\xda\xb6t?'
tRp831
g6
(g8
S'\xb4Ur{\x01\xef\x99?'
tRp832
tp833
asS'winT'
p834
(lp835
I100
aI110
aI120
aI130
aI140
aI150
aI160
aI170
aI180
aI190
aI200
aI210
aI220
aI230
aI240
aI250
aI260
aI270
aI280
aI290
aI300
aI310
aI320
aI330
aI340
aI350
aI360
aI370
aI380
aI390
aI400
aI410
aI420
aI430
aI440
aI450
aI460
aI470
aI480
aI490
aI500
aI510
aI520
aI530
aI540
aI550
aI560
aI570
aI580
aI590
aI600
aI610
aI620
aI630
aI640
aI650
aI660
aI670
aI680
aI690
aI700
aI710
aI720
aI730
aI740
aI750
aI760
aI770
aI780
aI790
aI800
aI810
aI820
aI830
aI840
aI850
aI860
aI870
aI880
aI890
aI900
aI910
aI920
aI930
aI940
aI950
aI960
aI970
aI980
aI990
aI1000
aI1010
aI1020
aI1030
aI1040
aI1050
aI1060
aI1070
aI1080
aI1090
aI1100
aI1110
aI1120
aI1130
aI1140
aI1150
aI1160
aI1170
aI1180
aI1190
aI1200
aI1210
aI1220
aI1230
aI1240
aI1250
aI1260
aI1270
aI1280
aI1290
aI1300
aI1310
aI1320
aI1330
aI1340
aI1350
aI1360
aI1370
aI1380
aI1390
aI1400
aI1410
aI1420
aI1430
aI1440
aI1450
aI1460
aI1470
aI1480
aI1490
aI1500
aI1510
aI1520
aI1530
aI1540
aI1550
aI1560
aI1570
aI1580
aI1590
aI1600
aI1610
aI1620
aI1630
aI1640
aI1650
aI1660
aI1670
aI1680
aI1690
aI1700
aI1710
aI1720
aI1730
aI1740
aI1750
aI1760
aI1770
aI1780
aI1790
aI1800
aI1810
aI1820
aI1830
aI1840
aI1850
aI1860
aI1870
aI1880
aI1890
aI1900
aI1910
aI1920
aI1930
aI1940
aI1950
aI1960
aI1970
aI1980
aI1990
aI2000
aI2010
aI2020
aI2030
aI2040
aI2050
aI2060
aI2070
aI2080
aI2090
aI2100
aI2110
aI2120
aI2130
aI2140
aI2150
aI2160
aI2170
aI2180
aI2190
aI2200
aI2210
aI2220
aI2230
aI2240
aI2250
aI2260
aI2270
aI2280
aI2290
aI2300
aI2310
aI2320
aI2330
aI2340
aI2350
aI2360
aI2370
aI2380
aI2390
aI2400
aI2410
aI2420
aI2430
aI2440
aI2450
aI2460
aI2470
aI2480
aI2490
aI2500
aI2510
aI2520
aI2530
aI2540
aI2550
aI2560
aI2570
aI2580
aI2590
aI2600
aI2610
aI2620
aI2630
aI2640
aI2650
aI2660
aI2670
aI2680
aI2690
aI2700
aI2710
aI2720
aI2730
aI2740
aI2750
aI2760
aI2770
aI2780
aI2790
aI2800
aI2810
aI2820
aI2830
aI2840
assS'3'
(dp836
g4
(lp837
(g6
(g8
S'nQ\x05\\\xd8\xf1c?'
tRp838
g6
(g8
S'\x8a\xd8\x1c\r\xfa\xd4\x99?'
tRp839
tp840
a(g6
(g8
S'l\x95\x10\x1b7\x80l?'
tRp841
g6
(g8
S'\xee\x9dYg\xc8p\x9e?'
tRp842
tp843
a(g6
(g8
S'\x9a\xd5\xa9!_$q?'
tRp844
g6
(g8
S'\x9dw\x12\xa0JN\x9b?'
tRp845
tp846
a(g6
(g8
S'\xac\x95\x9e\xadqGe?'
tRp847
g6
(g8
S'\x88i\xd6\x8d\xca8\x93?'
tRp848
tp849
a(g6
(g8
S'\xa0\x91.\x0f\x16\x19V?'
tRp850
g6
(g8
S'\x0e\xc57#<a\x91?'
tRp851
tp852
a(g6
(g8
S'\x18\xce:\x9ckRQ?'
tRp853
g6
(g8
S'u\xf9I\x93\xd2\xfd\x8a?'
tRp854
tp855
a(g6
(g8
S'\xb8\x89?%r\x19`?'
tRp856
g6
(g8
S'K\x92Nz\xb1\xc9\x89?'
tRp857
tp858
a(g6
(g8
S'H|\x86\x85\x8c\x0cn?'
tRp859
g6
(g8
S'@\x1b\xe5\x06S\xee\x90?'
tRp860
tp861
a(g6
(g8
S'\xccs\x1d\xa3\xbbTu?'
tRp862
g6
(g8
S'\x9bXV\xd8\xe5\xb5\x94?'
tRp863
tp864
a(g6
(g8
S'\x00\xc3?v\x04\xa7s?'
tRp865
g6
(g8
S'\xc7\nvP\xcc\x99\x95?'
tRp866
tp867
a(g6
(g8
S'D\xfc\xa8\x03\x12\x8dv?'
tRp868
g6
(g8
S'\x10\x13\xcf\x92,\xc4\x93?'
tRp869
tp870
a(g6
(g8
S'\xb4V3BSk{?'
tRp871
g6
(g8
S'Zi\x88\xb2\xd4\xc8\x96?'
tRp872
tp873
a(g6
(g8
S'\x02\xa4\xdb\x90\xdeAw?'
tRp874
g6
(g8
S'\x92\xd9)\x90\x8a\xfb\x90?'
tRp875
tp876
a(g6
(g8
S"X0W_\x8c't?"
tRp877
g6
(g8
S'\xb4u\x07\x0fq\x9e\x92?'
tRp878
tp879
a(g6
(g8
S'\x1a\x18=$\xf3\x04v?'
tRp880
g6
(g8
S'\x99\xedP\xbb\xa72\x93?'
tRp881
tp882
a(g6
(g8
S'\x00\xdf\x9c\x1a\x8c\xfcq?'
tRp883
g6
(g8
S'\x01\xfc\n\xcf\xfcA\x94?'
tRp884
tp885
a(g6
(g8
S'\x8cb\xd4\x02N\xd1{?'
tRp886
g6
(g8
S'"9\xe6\xa3\xd6\x89\x9e?'
tRp887
tp888
a(g6
(g8
S'l\xa8\xf6\x1c\x9d\x10p?'
tRp889
g6
(g8
S'\x0bPJ>Bh\x9b?'
tRp890
tp891
a(g6
(g8
S'\xb4PpF\xbfbv?'
tRp892
g6
(g8
S'\n=;\xcd\xda\x1d\x9c?'
tRp893
tp894
a(g6
(g8
S'\\\xc8\x05\xc9\xb2qp?'
tRp895
g6
(g8
S'<\xb0\x0e\xfb\xbd8\x99?'
tRp896
tp897
a(g6
(g8
S'\x908N\xd3fTr?'
tRp898
g6
(g8
S'\x02\xca4W\x91\xd6\x95?'
tRp899
tp900
a(g6
(g8
S'\xd4j\xf5{\xf7,f?'
tRp901
g6
(g8
S'\xa3%\x9b:\t\xa6\x95?'
tRp902
tp903
a(g6
(g8
S'(\xc6\x17\xdd\x937U?'
tRp904
g6
(g8
S'\xbf\xcf\x9cy\xe7\xb5\x90?'
tRp905
tp906
a(g6
(g8
S'\x00\xb8\xd0\x07d\xe2T?'
tRp907
g6
(g8
S'\xbb\x04\xb1\xc1\x1c\xf4\x8e?'
tRp908
tp909
a(g6
(g8
S'\xb2?\xd8\xb0\x14ra?'
tRp910
g6
(g8
S'}1[\xca\xea\x10\x8d?'
tRp911
tp912
a(g6
(g8
S'\xec#\xb8_T\x12l?'
tRp913
g6
(g8
S'eH.\x17\x1a(\x94?'
tRp914
tp915
a(g6
(g8
S'!\xb98\x14\x01\tn?'
tRp916
g6
(g8
S'\x05\xff \x15\xdbZ\x92?'
tRp917
tp918
a(g6
(g8
S'\xd8\x0c\x0e4f`_?'
tRp919
g6
(g8
S'[\x1bh\xa5\xd0\x99\x99?'
tRp920
tp921
a(g6
(g8
S'\xc6t\xd5n\xa5^f?'
tRp922
g6
(g8
S'pPm\x08@\xbd\x98?'
tRp923
tp924
a(g6
(g8
S'\x88)\x04 65k?'
tRp925
g6
(g8
S'I*\x82\xb6x\x04\x93?'
tRp926
tp927
a(g6
(g8
S'T\xa1\xa5A\xf0\xe2k?'
tRp928
g6
(g8
S'L!\x7f~\xe1f\x96?'
tRp929
tp930
a(g6
(g8
S'@\x06&(z+o?'
tRp931
g6
(g8
S':\xbcg8\xf3\xcf\x95?'
tRp932
tp933
a(g6
(g8
S'\xc4\xfe~\x8fx\x18q?'
tRp934
g6
(g8
S'(\xde\xcf!\xc0\x17\x92?'
tRp935
tp936
a(g6
(g8
S'\x1c\xca\xa4\xe8\xde\x15v?'
tRp937
g6
(g8
S"\x06\xf9\x0c\x91\x0b'\x97?"
tRp938
tp939
a(g6
(g8
S't^\x90\x8c\x14bq?'
tRp940
g6
(g8
S'~\\-\xdc\xf6\xb5\x95?'
tRp941
tp942
a(g6
(g8
S'\x88Z\xcb\xec\x85Lc?'
tRp943
g6
(g8
S'\xa4&\xf9\xc4h\xa6\x95?'
tRp944
tp945
a(g6
(g8
S'P\x15\x9c~\xf1\x87i?'
tRp946
g6
(g8
S'/\xbf.i\xe29\x95?'
tRp947
tp948
a(g6
(g8
S'\xc0\xec\xc3Z\xae\x81j?'
tRp949
g6
(g8
S'\xf5\xaanz\xcc\xeb\x95?'
tRp950
tp951
a(g6
(g8
S'ht\x80\xe19\xc1\\?'
tRp952
g6
(g8
S'\x0ch\xfd5?\x9e\x96?'
tRp953
tp954
a(g6
(g8
S'\x08\xacT\xa2\xe1\xf4d?'
tRp955
g6
(g8
S'\x9c\xb0\xaf/\x1c_\x95?'
tRp956
tp957
a(g6
(g8
S'(u\xbf\xa2\xb8\xa2e?'
tRp958
g6
(g8
S'k\xff\xc2D:\x0f\x94?'
tRp959
tp960
a(g6
(g8
S'\x10\xce\xdb\xc0-1m?'
tRp961
g6
(g8
S'\xc0\xdf\x00\x0b\xf4O\x92?'
tRp962
tp963
a(g6
(g8
S'p\xd2\xfe\xdf\xf4\x86j?'
tRp964
g6
(g8
S'\x8c*\xed\xfa\xd0b\x92?'
tRp965
tp966
a(g6
(g8
S'\xa8t\x95\xf5\x1e]\\?'
tRp967
g6
(g8
S'v\xea\x8a\xb4\xc2\xcc\x96?'
tRp968
tp969
a(g6
(g8
S'\xc4^\xed|\x00\x0fQ?'
tRp970
g6
(g8
S'\xc7\x93E\xd5\xd3\xed\x97?'
tRp971
tp972
a(g6
(g8
S'G\x19p\x7f\xab_P?'
tRp973
g6
(g8
S'\x90\xa7\x9c\x92\x89b\x9d?'
tRp974
tp975
a(g6
(g8
S'\x1c\xb9\xa8\xb0\xe6;b?'
tRp976
g6
(g8
S'X\x99\x02G\\\xa9\x99?'
tRp977
tp978
a(g6
(g8
S'L\x04\xf8\x07w\x1ed?'
tRp979
g6
(g8
S'\xc6\x98^\x95\xc0\x11\x9c?'
tRp980
tp981
a(g6
(g8
S'\xd6\x99\xa7?\xd1\x11a?'
tRp982
g6
(g8
S'P\x87`D,)\x98?'
tRp983
tp984
a(g6
(g8
S'\x8c\xba\x16\x9a\xed\x93_?'
tRp985
g6
(g8
S'L\x1b-\x95\xc3\x98\x98?'
tRp986
tp987
a(g6
(g8
S'\xb8\x82|\x1dU[]?'
tRp988
g6
(g8
S'\x9c\xb0\x88\xa1\xfc!\x99?'
tRp989
tp990
a(g6
(g8
S'H\xf5\xb5\x8e\xeb\x8eU?'
tRp991
g6
(g8
S'\xdc0\xe3\xa6Q\x15\x97?'
tRp992
tp993
a(g6
(g8
S'\xbcU"\x9a\xf8\xbca?'
tRp994
g6
(g8
S'\x8ag\x91\xe7\x89B\x95?'
tRp995
tp996
a(g6
(g8
S'4\xa7X\x90\xf2\xacg?'
tRp997
g6
(g8
S' \xb0\xfb\xbd\xfcT\x92?'
tRp998
tp999
a(g6
(g8
S'P\xa0\x02\xadDUx?'
tRp1000
g6
(g8
S'\xe6\x86\xf6\xf2\x9d\xe4\x9d?'
tRp1001
tp1002
a(g6
(g8
S'<\xc3\x00O\xf2gy?'
tRp1003
g6
(g8
S'+O\xc2\xe2c9\x98?'
tRp1004
tp1005
a(g6
(g8
S'\x0e\xa4\xb7]pZv?'
tRp1006
g6
(g8
S';\xd3E\x91Y\xe5\x94?'
tRp1007
tp1008
a(g6
(g8
S'\x1c;\xe2T\xf7]p?'
tRp1009
g6
(g8
S'\xff \x12\x1d0;\x90?'
tRp1010
tp1011
a(g6
(g8
S'\xb8\x05U\x13%\x9bl?'
tRp1012
g6
(g8
S'\xa1}^\x8c\xa0\xd0\x8d?'
tRp1013
tp1014
a(g6
(g8
S'\ndnd\x05\x8fo?'
tRp1015
g6
(g8
S'\x06\xd1-`\xc1\xb1\x90?'
tRp1016
tp1017
a(g6
(g8
S'.U\xcb\n\xc6\xeai?'
tRp1018
g6
(g8
S"\xa1:'O\xed\xc7\x93?"
tRp1019
tp1020
a(g6
(g8
S'%\xba\x9d\xbaJ\x95i?'
tRp1021
g6
(g8
S'\xccs\x07\x08@\xdc\x94?'
tRp1022
tp1023
a(g6
(g8
S'&c\xda\xf5\x0cgg?'
tRp1024
g6
(g8
S'h\xb3\x87\xe6E|\x99?'
tRp1025
tp1026
a(g6
(g8
S'H\xd6\xcd\x17\xe1\x95P?'
tRp1027
g6
(g8
S'\xa0\x01\xbaj\xfbC\x97?'
tRp1028
tp1029
a(g6
(g8
S'P\xb2\x9d\xba\xe8\xb19?'
tRp1030
g6
(g8
S'\xe8v\x02\xf9\x99,\x97?'
tRp1031
tp1032
a(g6
(g8
S'\xde`v\x9e7gI?'
tRp1033
g6
(g8
S'_p\x9eU\x08\xde\x9d?'
tRp1034
tp1035
a(g6
(g8
S't\x14Fr\xd5rN?'
tRp1036
g6
(g8
S'|\x8c\xa7Q\xba\x8f\x9c?'
tRp1037
tp1038
a(g6
(g8
S'\x08d\xb1Q\xe4\xba]?'
tRp1039
g6
(g8
S'\x9c\x0e\xac\x1d\xa3c\x9e?'
tRp1040
tp1041
a(g6
(g8
S'\xdeov\xcf\x8c\xab\\?'
tRp1042
g6
(g8
S'\xeer\x97R\xdb\xc3\x9e?'
tRp1043
tp1044
a(g6
(g8
S'p\x95p\xf3\x95gb?'
tRp1045
g6
(g8
S'\xef\xed\xec\x02\xde\xb2\xa0?'
tRp1046
tp1047
a(g6
(g8
S'\xa0\x00\xc7\xfa\x88}W?'
tRp1048
g6
(g8
S'\xfc\xba\xcaLZ!\xa0?'
tRp1049
tp1050
a(g6
(g8
S'Rc\xf4\x80\xd1@e?'
tRp1051
g6
(g8
S'Fy\x9a\x17\x06I\xa0?'
tRp1052
tp1053
a(g6
(g8
S'\xacaq\x04l\xb2m?'
tRp1054
g6
(g8
S'\x0b\xcc\x17[\xb50\xa0?'
tRp1055
tp1056
a(g6
(g8
S'W\xa5\x93D\xa7\xe8r?'
tRp1057
g6
(g8
S'\xe6\x05t\xfc\x7f\xe0\x9e?'
tRp1058
tp1059
a(g6
(g8
S'\x08\xd0E\x06p\xb6p?'
tRp1060
g6
(g8
S'+C\xf3\x7f)f\x9c?'
tRp1061
tp1062
a(g6
(g8
S"XP'pnRl?"
tRp1063
g6
(g8
S'\xa0\x01\xbd\xddG\xdb\x92?'
tRp1064
tp1065
a(g6
(g8
S'P\xdb\xef\x14\xb2Fn?'
tRp1066
g6
(g8
S'\x81\xd8h-%\xc7\x91?'
tRp1067
tp1068
a(g6
(g8
S'\xc4\x9b-\xd0\xcd\xc9s?'
tRp1069
g6
(g8
S'[\xb8\x1b\xeb\xc5;\x92?'
tRp1070
tp1071
a(g6
(g8
S'|\x9d\xdd$W.r?'
tRp1072
g6
(g8
S'\xd77\xe4\x16\xa5\x97\x98?'
tRp1073
tp1074
a(g6
(g8
S'\xacp\x1d\x0f5\xaek?'
tRp1075
g6
(g8
S'lh\xae\xe3\xebq\x94?'
tRp1076
tp1077
a(g6
(g8
S'\xd8oJ\xb5\xe1\xe9c?'
tRp1078
g6
(g8
S'\x1e\xa9\xd9\xdd\x88\xbe\x96?'
tRp1079
tp1080
a(g6
(g8
S'\xd5\xf1\x11\xe7\xe8\x81y?'
tRp1081
g6
(g8
S'\xc93\r>w\xe4\x99?'
tRp1082
tp1083
a(g6
(g8
S'\x91\xee.\xc1Cry?'
tRp1084
g6
(g8
S'|\xff\xe1k\x82\x80\x9c?'
tRp1085
tp1086
a(g6
(g8
S'\xc8\xce\x82\xdd\xac\x07|?'
tRp1087
g6
(g8
S'&\x9f\x02\x9d\xe0\x15\x9a?'
tRp1088
tp1089
a(g6
(g8
S'#\xbb\xc3H\xce!x?'
tRp1090
g6
(g8
S'\xb527L{d\x9a?'
tRp1091
tp1092
a(g6
(g8
S'\xf0\xb0\xc1\xce\x8cX\x81?'
tRp1093
g6
(g8
S'\xbb\xc0\\H\x1e\x13\xa2?'
tRp1094
tp1095
a(g6
(g8
S'\xc5\xa6\xe4\xda\xe7#\x81?'
tRp1096
g6
(g8
S'\x0c\x88\xf9*\x92]\xa2?'
tRp1097
tp1098
a(g6
(g8
S'\xb1r\xc2(c\x1a{?'
tRp1099
g6
(g8
S'\x91?\x99\x19\xc3\xe4\xa3?'
tRp1100
tp1101
a(g6
(g8
S'\x18>\x03"\xb8\x06u?'
tRp1102
g6
(g8
S'\xa9[\n\xf7/u\xa4?'
tRp1103
tp1104
a(g6
(g8
S'\xa9\xb3\x89Kp\xaf|?'
tRp1105
g6
(g8
S'\x0b\xbf(\x12\xb6\x9a\xa2?'
tRp1106
tp1107
a(g6
(g8
S'\xc6\xf7\x11\xe1\xc8\xcc\x81?'
tRp1108
g6
(g8
S'\xe9Ai\xd7#\xbc\xa4?'
tRp1109
tp1110
a(g6
(g8
S' .\xb2\xde\x92\xd6\x88?'
tRp1111
g6
(g8
S'\xdfvL\xe2d\x8e\xa5?'
tRp1112
tp1113
a(g6
(g8
S'\x9e\xd8\xdax\xb7\x1b\x89?'
tRp1114
g6
(g8
S'{H\xa7\x99\x0c\xb2\xa6?'
tRp1115
tp1116
a(g6
(g8
S'M\x87\x8e\xb3M<u?'
tRp1117
g6
(g8
S'\xfcO\x8d\xd7\xec`\xa3?'
tRp1118
tp1119
a(g6
(g8
S'rQ\xb8\xbe\x1e\xd5u?'
tRp1120
g6
(g8
S'\xdfo\xf1\xf9\x0f\x97\xa3?'
tRp1121
tp1122
a(g6
(g8
S'\xf6\xce\x1e\xc0\x92\x08}?'
tRp1123
g6
(g8
S'\xd1db\x9d\x19B\xa4?'
tRp1124
tp1125
a(g6
(g8
S'D\xd6\xf7\xfa[Tt?'
tRp1126
g6
(g8
S'\xd9\xe0\xcb\xb8\xa7\xd9\xa1?'
tRp1127
tp1128
a(g6
(g8
S'\xeex3e&\x97\x81?'
tRp1129
g6
(g8
S']\x88\xcf\xa9\xc2\x17\xa2?'
tRp1130
tp1131
a(g6
(g8
S'BJ\xfb\x83\xb1u\x84?'
tRp1132
g6
(g8
S'}\xb5\xa6\x9b\x9e\xc5\xa0?'
tRp1133
tp1134
a(g6
(g8
S'\xccg%\xcd\xe5\xdf\x8a?'
tRp1135
g6
(g8
S'\xeeUX(Bq\xa0?'
tRp1136
tp1137
a(g6
(g8
S'r\x9e\x1bs\xaa\xf8\x8f?'
tRp1138
g6
(g8
S'&T\x1f\xec\xe1\x19\x9d?'
tRp1139
tp1140
a(g6
(g8
S'r-\x9b\xb3\xb8j\x94?'
tRp1141
g6
(g8
S'v\xbc\xf0\xfe\xb1\x82\x9c?'
tRp1142
tp1143
a(g6
(g8
S'\xca\xac\x10\xd9\x97T\x97?'
tRp1144
g6
(g8
S'\xc8N\x9b\xef\x05\xbb\x9f?'
tRp1145
tp1146
a(g6
(g8
S'\xdcCd\xee\x8f\xe5\x9a?'
tRp1147
g6
(g8
S'\xcd\xed\xb5m\xf6\xd5\xa1?'
tRp1148
tp1149
a(g6
(g8
S'\x1a\xf4\x08\xd9\x92\x1c\x9c?'
tRp1150
g6
(g8
S'L@\xf6\xd4M\x9a\xa2?'
tRp1151
tp1152
a(g6
(g8
S'\x05E\xf8\xb3\x19-\xa1?'
tRp1153
g6
(g8
S'D\xc7\xa2u\xe7\xc6\xa6?'
tRp1154
tp1155
a(g6
(g8
S'\xf8\xdf\x96]\xbf;\xa7?'
tRp1156
g6
(g8
S'\xa7\xbe\xf4\x82W4\xae?'
tRp1157
tp1158
a(g6
(g8
S'\xb0n\x90a\xbf\x94\xa8?'
tRp1159
g6
(g8
S'-\xac\xea\x196[\xaf?'
tRp1160
tp1161
a(g6
(g8
S'"ss^\xa44\xab?'
tRp1162
g6
(g8
S'\xaf\x1eK-#\xac\xb0?'
tRp1163
tp1164
a(g6
(g8
S'\xa6A>\x01\xb4z\xae?'
tRp1165
g6
(g8
S'5\xcfN\xc9$h\xb2?'
tRp1166
tp1167
a(g6
(g8
S'\xd0\xea/\x16L\x15\xb0?'
tRp1168
g6
(g8
S'\x05\xf3\xb1\xe5\x197\xb3?'
tRp1169
tp1170
a(g6
(g8
S'\xc3\xc0\x01\x02`\n\xb0?'
tRp1171
g6
(g8
S'\x8e\x1c\xc3r!\xea\xb3?'
tRp1172
tp1173
a(g6
(g8
S'\xe2\xa6k\n\xca\xab\xae?'
tRp1174
g6
(g8
S'\xfc\xe2\xe2\x7f\x9bx\xb3?'
tRp1175
tp1176
a(g6
(g8
S'L\xa8\x8a\xc0\x9a\x9d\xad?'
tRp1177
g6
(g8
S'P\x87/i\xfa\x7f\xb2?'
tRp1178
tp1179
a(g6
(g8
S'\x9e\xfa1\x8f\x86M\xae?'
tRp1180
g6
(g8
S'\xb0\xc2i\xb5k\x15\xb3?'
tRp1181
tp1182
a(g6
(g8
S'\xc46]\x9c\xba\x13\xb0?'
tRp1183
g6
(g8
S'ie;\xff\xcf\xa3\xb3?'
tRp1184
tp1185
a(g6
(g8
S'\x84W\xb4~\xe6z\xad?'
tRp1186
g6
(g8
S'<\xcf\x06\xa3\x17&\xb2?'
tRp1187
tp1188
a(g6
(g8
S'\\4]M\xef\x11\xa8?'
tRp1189
g6
(g8
S'YZ{\xefl\xbb\xae?'
tRp1190
tp1191
a(g6
(g8
S'\x04\x01\x1e\xb3r/\xa6?'
tRp1192
g6
(g8
S'}\xe8i\xb2\xa0K\xac?'
tRp1193
tp1194
a(g6
(g8
S'\xce\x07\xdd\x0b\x1c\xd6\xa4?'
tRp1195
g6
(g8
S'\xbc@1){\xcb\xaa?'
tRp1196
tp1197
a(g6
(g8
S'4O)\xd8\x9c\x9d\xa2?'
tRp1198
g6
(g8
S'xW\x00a\xa9\xfa\xa9?'
tRp1199
tp1200
a(g6
(g8
S'<\xe8\xed\xc4\xb2\x87\x9a?'
tRp1201
g6
(g8
S"E\xbb\xcb$'x\xa6?"
tRp1202
tp1203
a(g6
(g8
S'\xcc\xc3\x97K\xfd\x10\x9c?'
tRp1204
g6
(g8
S'\x89t\x06%\x93]\xa7?'
tRp1205
tp1206
a(g6
(g8
S'\x8a\x85\x17\xa6\x93Z\x92?'
tRp1207
g6
(g8
S'\xdd\xed\x1c\xe4\x84\x13\xa1?'
tRp1208
tp1209
a(g6
(g8
S'\xdc\x8afK\xf2\xb0\x8e?'
tRp1210
g6
(g8
S'/;\x9eP\xa2;\xa1?'
tRp1211
tp1212
a(g6
(g8
S'`\xbbcP{V\x88?'
tRp1213
g6
(g8
S'\xe3\x85\xb9\xd7\xff*\x9b?'
tRp1214
tp1215
a(g6
(g8
S'(l\xe2\x99A\xf2\x7f?'
tRp1216
g6
(g8
S'\xa39T}\x98\x0c\x98?'
tRp1217
tp1218
a(g6
(g8
S'\xd8\xbf\xd7\xeb\x14h{?'
tRp1219
g6
(g8
S'\xc8[\xa2.\xeag\x97?'
tRp1220
tp1221
a(g6
(g8
S'\xf4*\x97m\xe46t?'
tRp1222
g6
(g8
S'\xef\xac\x7f\xc8\x1e\xdc\x96?'
tRp1223
tp1224
a(g6
(g8
S'\xfc\xf7\xc7\x1cS\x9cr?'
tRp1225
g6
(g8
S'\xe8\xf7\x91\xf0)z\x9a?'
tRp1226
tp1227
a(g6
(g8
S'\x0c0\x9fm\x00\x8ae?'
tRp1228
g6
(g8
S'\xf8\xe7\xaa\x01Q\xb0\x98?'
tRp1229
tp1230
a(g6
(g8
S' \xee?\xc7\xa3\xbeU?'
tRp1231
g6
(g8
S'\x1d\xae\x16<\x16`\x98?'
tRp1232
tp1233
a(g6
(g8
S'b\x0e^\xbb\x92\x81p?'
tRp1234
g6
(g8
S'\x13!\x18:\x82>\x9b?'
tRp1235
tp1236
a(g6
(g8
S'\x80H\\\x11\xf1%k?'
tRp1237
g6
(g8
S'\xb4Z\xeb\x18Zc\xa0?'
tRp1238
tp1239
a(g6
(g8
S'D\x02x\x01\x92+j?'
tRp1240
g6
(g8
S'\xfd\x1d7J\xeb\xad\x99?'
tRp1241
tp1242
a(g6
(g8
S'\x08\x8fB\xeb\xce\xae_?'
tRp1243
g6
(g8
S'\xea\xaaTo\xbe\x9a\x9e?'
tRp1244
tp1245
a(g6
(g8
S'\xc2\xc9\xab\xe6@\x14_?'
tRp1246
g6
(g8
S'\xba\xbd\x17\xec\x83T\x9f?'
tRp1247
tp1248
a(g6
(g8
S'\xc8\x99\xf0\xb5\xcd\x1cQ?'
tRp1249
g6
(g8
S'?\xb6\x02\x1ep9\x9b?'
tRp1250
tp1251
a(g6
(g8
S'\x9a,\x8b$\xb7\xebc?'
tRp1252
g6
(g8
S'\x8b\x89\xa1\x94\xf0\xe6\x9d?'
tRp1253
tp1254
a(g6
(g8
S'\xca\x86\xe5\xdc\xfd\xd8d?'
tRp1255
g6
(g8
S'0\xf5\xaa\xb2\xb2]\xa0?'
tRp1256
tp1257
a(g6
(g8
S'JS\xa8\xe0\x94=c?'
tRp1258
g6
(g8
S'D\xcc\x99\xcc\xce;\xa6?'
tRp1259
tp1260
a(g6
(g8
S'\xc8^\x88\x17\xe2Id?'
tRp1261
g6
(g8
S'\x02\x07\x85mJ\xa2\xa3?'
tRp1262
tp1263
a(g6
(g8
S'l\x13O\xd2\xa8?k?'
tRp1264
g6
(g8
S'QL \xef\x83\xdc\xa1?'
tRp1265
tp1266
a(g6
(g8
S'\xbcc\xbd5\x90\xb6m?'
tRp1267
g6
(g8
S'!\xb4\xbd\xfa\x19B\xa1?'
tRp1268
tp1269
a(g6
(g8
S'\x02\x80Yx\xa30m?'
tRp1270
g6
(g8
S'\xb1J\xcb>\xcd\xbe\x9f?'
tRp1271
tp1272
a(g6
(g8
S'\xebr\xfc\x1f\xf9\xacu?'
tRp1273
g6
(g8
S'\xd8Z\x81\xc6\xa4\xb7\xa0?'
tRp1274
tp1275
a(g6
(g8
S'\xfe`\xe2\x0e\xafov?'
tRp1276
g6
(g8
S'\xef|Y>0\xf5\x9d?'
tRp1277
tp1278
a(g6
(g8
S'R\x002\xdb\xd9*x?'
tRp1279
g6
(g8
S'\xb3\x07\xd2G\x89\xe4\x9c?'
tRp1280
tp1281
a(g6
(g8
S'\x1e\xd6Y&Z\xbb\x80?'
tRp1282
g6
(g8
S'\x10N\xf5\x80\xc9\xa6\x9b?'
tRp1283
tp1284
a(g6
(g8
S'\x86v\\\xcd\xc6~q?'
tRp1285
g6
(g8
S'"C\x95\xfd\xd4\xea\x9b?'
tRp1286
tp1287
a(g6
(g8
S'\xf8s\xa9u\xc5\xfem?'
tRp1288
g6
(g8
S'\xc9X\x80\x06\nU\x99?'
tRp1289
tp1290
a(g6
(g8
S'\xb8\xfa~L&\xd6r?'
tRp1291
g6
(g8
S'\xb65\x14\x954\x9e\x91?'
tRp1292
tp1293
a(g6
(g8
S'\xa8\xa7\x7f\xc7\xad\xfbp?'
tRp1294
g6
(g8
S'\xa7)k\xd2~~\x8d?'
tRp1295
tp1296
a(g6
(g8
S'D%t\x86\xdd d?'
tRp1297
g6
(g8
S'$\x9f\x802\xc4\xd3\x92?'
tRp1298
tp1299
a(g6
(g8
S'\x08\xf5Dc\x0c\nE?'
tRp1300
g6
(g8
S'\x08\\\x8c\xc9\xf4\xd6\x96?'
tRp1301
tp1302
a(g6
(g8
S'\x00|\x80\n\xa5MV?'
tRp1303
g6
(g8
S'R\xe1v\xf7B\x08\x9a?'
tRp1304
tp1305
a(g6
(g8
S'\x18L5\xe8q\x96p?'
tRp1306
g6
(g8
S'\xac\x08\nt\xcd\xf1\x98?'
tRp1307
tp1308
a(g6
(g8
S'T\xcd\x8d\xd8\x1b\xb3r?'
tRp1309
g6
(g8
S'\xb6\x05d\x01\x86E\x96?'
tRp1310
tp1311
a(g6
(g8
S'\x8c\xd4b\xf5\xeb\x99k?'
tRp1312
g6
(g8
S"<h\xd3\x8e'\xc0\x96?"
tRp1313
tp1314
a(g6
(g8
S'\x9ck\xa8\x85\x19\xbcg?'
tRp1315
g6
(g8
S'\xd9\x88\xb5D\x13\x19\x97?'
tRp1316
tp1317
a(g6
(g8
S'\x80\x87\xb0m$Rg?'
tRp1318
g6
(g8
S'\x00Y\x0c\xc9,\xf4\x95?'
tRp1319
tp1320
a(g6
(g8
S'\xd8\xed\x05\x03sif?'
tRp1321
g6
(g8
S'\r\x98\x95\xc9&\x17\x98?'
tRp1322
tp1323
a(g6
(g8
S'\xb0\xc9\x81\x96\xde\xach?'
tRp1324
g6
(g8
S'\xa0Dt\x9f\xa3\xf5\x95?'
tRp1325
tp1326
a(g6
(g8
S'\xd8\xbbV&\x1dVk?'
tRp1327
g6
(g8
S'\xb6\x94}aU3\x97?'
tRp1328
tp1329
a(g6
(g8
S'\xb07\xca\x14N\x12r?'
tRp1330
g6
(g8
S'j\x92zQjb\x9e?'
tRp1331
tp1332
a(g6
(g8
S'L^vAW=x?'
tRp1333
g6
(g8
S'\xf2\x92Jbt\xeb\xa1?'
tRp1334
tp1335
a(g6
(g8
S'X#\xde\xf1\xef\xd4w?'
tRp1336
g6
(g8
S'\xb3\x8b\x01\xb7F\xc8\xa0?'
tRp1337
tp1338
a(g6
(g8
S'P\x04\xd9#\xae~n?'
tRp1339
g6
(g8
S'\x9c\x1cF\xa5\xc0\xf5\xa0?'
tRp1340
tp1341
a(g6
(g8
S'\xc4Ok\x8d\xa6Fm?'
tRp1342
g6
(g8
S'R\x80\x92\x8b\x98k\xa1?'
tRp1343
tp1344
a(g6
(g8
S'\xe2e\xee\xe1\x035s?'
tRp1345
g6
(g8
S"K'Vt\xc1;\xa2?"
tRp1346
tp1347
a(g6
(g8
S"\x9c'\x07\x8e_Tp?"
tRp1348
g6
(g8
S'0~\xb8\xa44=\xa4?'
tRp1349
tp1350
a(g6
(g8
S'R/\xb7\xd6z\xbau?'
tRp1351
g6
(g8
S'\xca+\\r5\xc7\xa1?'
tRp1352
tp1353
a(g6
(g8
S'\xe8P\xe21\x1fiq?'
tRp1354
g6
(g8
S'0\x17`\x14t!\x9f?'
tRp1355
tp1356
a(g6
(g8
S'\xc0V#\x9e\x91(w?'
tRp1357
g6
(g8
S'5\xfc\tU\xa5\xc2\xa3?'
tRp1358
tp1359
a(g6
(g8
S'\xa4\x1f\xe7-Q\x0cs?'
tRp1360
g6
(g8
S'\xec\xe1/\xb3\xba\x89\xa3?'
tRp1361
tp1362
a(g6
(g8
S'\xb4h\xbf\x8d\x87\xe2n?'
tRp1363
g6
(g8
S"\x14\x9a\x11'\x81C\xa1?"
tRp1364
tp1365
a(g6
(g8
S'\xe8\xe3\xbb.\x19\x17l?'
tRp1366
g6
(g8
S'\xe1!y\xd52>\xa1?'
tRp1367
tp1368
a(g6
(g8
S'\x08\xc9\xccO2\x85^?'
tRp1369
g6
(g8
S'\xf2{\xa554\x19\xa0?'
tRp1370
tp1371
a(g6
(g8
S'\x00{\xbd[l7V?'
tRp1372
g6
(g8
S'/\x1d}\x1b\xb2\x13\xa3?'
tRp1373
tp1374
a(g6
(g8
S'@\xf2\x82\xa7\xfci]?'
tRp1375
g6
(g8
S'&\xf1U\xde\t\x02\xa4?'
tRp1376
tp1377
a(g6
(g8
S'0\xdf\x00I\xbf\x17_?'
tRp1378
g6
(g8
S'U\xf5\xa93\xe6\x13\xa1?'
tRp1379
tp1380
a(g6
(g8
S'\x80D?\t\xaa\x16J?'
tRp1381
g6
(g8
S'O>\xe1T\xef]\x9e?'
tRp1382
tp1383
a(g6
(g8
S'\xe4LZ<>6c?'
tRp1384
g6
(g8
S'\x00\xfb(\xcd]\xe3\xa1?'
tRp1385
tp1386
a(g6
(g8
S'T\xb1\xdaw1\x12`?'
tRp1387
g6
(g8
S'\x13/\xc9\xb9\xb6\xf6\xa0?'
tRp1388
tp1389
a(g6
(g8
S'p\xb36\x99\xbfHZ?'
tRp1390
g6
(g8
S'\x8b3\xe1\xa0\xb3\xf7\x9e?'
tRp1391
tp1392
a(g6
(g8
S'\xd8\x1c`\xe5\x1e\x87Z?'
tRp1393
g6
(g8
S'\x05\xf8}\x84-\x07\x9a?'
tRp1394
tp1395
a(g6
(g8
S'`]\x7f\xffo\xf4`?'
tRp1396
g6
(g8
S'O\xe2\xfb\xfd\x83\xd5\x9d?'
tRp1397
tp1398
a(g6
(g8
S'0\xc0\xa0\xfd\xf1rT?'
tRp1399
g6
(g8
S'\xb5\xb6E2\x13I\x9f?'
tRp1400
tp1401
a(g6
(g8
S'\xb8\x06l\xda\xbf!\\?'
tRp1402
g6
(g8
S'\x98\x83.\xfc\xd6n\xa0?'
tRp1403
tp1404
a(g6
(g8
S'\xf8\x980~68a?'
tRp1405
g6
(g8
S'\x1a\xbc\xc4&\x0f\xf7\x9c?'
tRp1406
tp1407
a(g6
(g8
S'X{\x11\x0e\xe5\x00n?'
tRp1408
g6
(g8
S"\xe7'z\xbc\xfa{\x9f?"
tRp1409
tp1410
a(g6
(g8
S'\xb09\x9a\x02a\xffV?'
tRp1411
g6
(g8
S'\x96\x1d\xe7\xaf\xc3\x0c\x9f?'
tRp1412
tp1413
a(g6
(g8
S'\xe2\xc64\xe6:\x0cb?'
tRp1414
g6
(g8
S'\x8b0h\x86\x13\xce\x99?'
tRp1415
tp1416
a(g6
(g8
S'tI\xe5I\xfd\xf4T?'
tRp1417
g6
(g8
S'v\xc7T\xf6/?\x9a?'
tRp1418
tp1419
a(g6
(g8
S'\xd7\xa0\xa1\xc7\x87\x0fc?'
tRp1420
g6
(g8
S'.;\xce,\x9f\xe2\x95?'
tRp1421
tp1422
a(g6
(g8
S'\x8d\xf5\xef[\xab\xa0\\?'
tRp1423
g6
(g8
S'\xc9+\x0e\xbf\x18Z\x96?'
tRp1424
tp1425
a(g6
(g8
S'\x80\xbe\xdc\x06$\x08U?'
tRp1426
g6
(g8
S'\x0e:=\xba\x8d\xf0\x92?'
tRp1427
tp1428
a(g6
(g8
S'oE\x8b\xc3\x88]e?'
tRp1429
g6
(g8
S'\x92\xfa\xdc\x9e\x99\xd0\x90?'
tRp1430
tp1431
a(g6
(g8
S'\xbe\xf9\xa8\xbap\xfep?'
tRp1432
g6
(g8
S'N#\xd1q]\xde\x98?'
tRp1433
tp1434
a(g6
(g8
S'\xc3\xa0\xa4\xf4\xda\xbde?'
tRp1435
g6
(g8
S'\x958\xd9\x89\xa5-\x9a?'
tRp1436
tp1437
a(g6
(g8
S'\xa69/\xbe\xae\x83n?'
tRp1438
g6
(g8
S'3\x88\xddq\x83\x12\x96?'
tRp1439
tp1440
a(g6
(g8
S'"\x8d\xabr\xc9rn?'
tRp1441
g6
(g8
S'K0\xe6\xbe\xcc-\x97?'
tRp1442
tp1443
a(g6
(g8
S'\xc9\xb0\xe80u\x18y?'
tRp1444
g6
(g8
S'\xbe\x0c\x10\xe7\t\xcb\x97?'
tRp1445
tp1446
a(g6
(g8
S' x\xa5H\x93\xf3\x80?'
tRp1447
g6
(g8
S',M\xb9\x8f\xc5U\xa0?'
tRp1448
tp1449
a(g6
(g8
S'\x84(XW8\xe8{?'
tRp1450
g6
(g8
S'\xdd\x05<R\xf3\x9f\x9d?'
tRp1451
tp1452
a(g6
(g8
S'@Q\xb9\x95\xe9\xff\x84?'
tRp1453
g6
(g8
S'[\xf3\xf3\xd5\xb1/\xa0?'
tRp1454
tp1455
a(g6
(g8
S'\xb8(6\\\x1fHy?'
tRp1456
g6
(g8
S'7\x88\x0c\x14\x8e\xae\x9c?'
tRp1457
tp1458
a(g6
(g8
S'\xac\xa6E\x10g\x8e}?'
tRp1459
g6
(g8
S'\xcb\x14\xbf\xc3(\xf8\xa1?'
tRp1460
tp1461
a(g6
(g8
S'm\xea\xca\x91\xa9\xd8\x80?'
tRp1462
g6
(g8
S'\xc9c\xc4&\xfc!\xa1?'
tRp1463
tp1464
a(g6
(g8
S'`[cC~?\x83?'
tRp1465
g6
(g8
S'\xca\xd6\xe7z\xad-\xa1?'
tRp1466
tp1467
a(g6
(g8
S'\xea\x88%\x18\xd7{\x89?'
tRp1468
g6
(g8
S'\xc2pK\x1b\xf5~\xa1?'
tRp1469
tp1470
a(g6
(g8
S'\xaa\xd7*\xa7ht\x85?'
tRp1471
g6
(g8
S'D\x1e\xf0\xd3\xd9\xec\xa0?'
tRp1472
tp1473
a(g6
(g8
S'\xb6\x9fB\x1d\xa8\x13\x80?'
tRp1474
g6
(g8
S'\x9eD6\xfb\xad\x1a\x98?'
tRp1475
tp1476
a(g6
(g8
S'l\xaf{U\x13\x91q?'
tRp1477
g6
(g8
S'\x81\t\x97X]\x0b\x92?'
tRp1478
tp1479
a(g6
(g8
S'\xc0a\xf7s\xbc\xf3|?'
tRp1480
g6
(g8
S'8\xdf\x9aeV\xf9\x91?'
tRp1481
tp1482
a(g6
(g8
S'\x06y\xa2\x94\x95\x9c{?'
tRp1483
g6
(g8
S'\x07R\xdd\xd2\x19X\x91?'
tRp1484
tp1485
a(g6
(g8
S'\xc5P\xd0B\xcbWq?'
tRp1486
g6
(g8
S'\x00\x14\xdc.\xbeP\x8f?'
tRp1487
tp1488
a(g6
(g8
S'\x1e\xb9r\xcc\xa2\xd7i?'
tRp1489
g6
(g8
S'8\xf2y\x19F\xa5\x94?'
tRp1490
tp1491
a(g6
(g8
S'\xd4\xf2F[\x0e\x95j?'
tRp1492
g6
(g8
S'.\xb0EY\xfb\xf0\x97?'
tRp1493
tp1494
a(g6
(g8
S'\x08`S\xd1\xbc\x83t?'
tRp1495
g6
(g8
S'\x84\x88\x06\xe3x\xa3\x9d?'
tRp1496
tp1497
a(g6
(g8
S'>H\xef\xe0<[o?'
tRp1498
g6
(g8
S'\x8e\x1f\xeaL\x95U\xa0?'
tRp1499
tp1500
a(g6
(g8
S'H \xf4\x94(ik?'
tRp1501
g6
(g8
S'\x17\xb4~L5N\xa2?'
tRp1502
tp1503
a(g6
(g8
S'>|\xd5B&\xc5`?'
tRp1504
g6
(g8
S'[;\x03\x96\x16\x89\xa3?'
tRp1505
tp1506
a(g6
(g8
S'X\x12\x95\xdal\xdfV?'
tRp1507
g6
(g8
S'\xa4\xe7\xcdi\xb5;\xa6?'
tRp1508
tp1509
a(g6
(g8
S'z\xcd?N\xae\x93d?'
tRp1510
g6
(g8
S"'\xdey\t\xb0c\xa6?"
tRp1511
tp1512
a(g6
(g8
S'\xf8U8\x8f\x93\xfaj?'
tRp1513
g6
(g8
S'\\p \xc0\x9cL\xa8?'
tRp1514
tp1515
a(g6
(g8
S'T]\xc7\x13\x15\xddh?'
tRp1516
g6
(g8
S'\xba\xee\x10[\x0e\xa1\xa7?'
tRp1517
tp1518
a(g6
(g8
S'\xea+\xb5Q\x133y?'
tRp1519
g6
(g8
S'weu\x88Jk\xa8?'
tRp1520
tp1521
a(g6
(g8
S'\xe4V2\x1cFZt?'
tRp1522
g6
(g8
S'\xcd\xfa\xa3\xf2M\xfe\xa8?'
tRp1523
tp1524
a(g6
(g8
S':<\xdce\xbbW\x81?'
tRp1525
g6
(g8
S'\xcf\xdb\xd9\xb0H\xa1\xac?'
tRp1526
tp1527
a(g6
(g8
S"\x8a\xbe\xbb\x95'[\x8b?"
tRp1528
g6
(g8
S'I2i\xcc\x1d\xb4\xaf?'
tRp1529
tp1530
a(g6
(g8
S'^\xd3\xb3\xfcM\xb1\x82?'
tRp1531
g6
(g8
S'h=\x89\xafA<\xac?'
tRp1532
tp1533
a(g6
(g8
S'\xe2\xbb\xf16\x94\x87\x83?'
tRp1534
g6
(g8
S'\xf8y\xc6\xe1I\xb4\xab?'
tRp1535
tp1536
a(g6
(g8
S'\xe5\xefD\xb5\xc13\x82?'
tRp1537
g6
(g8
S'i\xbf\xea\xbf9\xa1\xa6?'
tRp1538
tp1539
a(g6
(g8
S'OXbR\xb0\x16\x85?'
tRp1540
g6
(g8
S'\xd14\xadR\xf3\xf7\xa6?'
tRp1541
tp1542
a(g6
(g8
S'l\x7f[\x80\xa3\xe8\x86?'
tRp1543
g6
(g8
S'f\xc6\xbaA\xd7\xaa\xa6?'
tRp1544
tp1545
a(g6
(g8
S"!\x85\xedk'n\x82?"
tRp1546
g6
(g8
S'\xf7\xfb\xb5MwZ\xa4?'
tRp1547
tp1548
a(g6
(g8
S'\xfc\xde\xdd\xb7\x16\xad\x89?'
tRp1549
g6
(g8
S'qvL\xf3\xd1\x9c\xa4?'
tRp1550
tp1551
a(g6
(g8
S'\xf6"\x8fH\x19\xf9\x86?'
tRp1552
g6
(g8
S'8\xf9\x91\xf4/\xf3\xa4?'
tRp1553
tp1554
a(g6
(g8
S"\xfc1\xb1\t'4\x87?"
tRp1555
g6
(g8
S'\xbc_89w\xc5\xa2?'
tRp1556
tp1557
a(g6
(g8
S'5p[?\xc6\xa1\x83?'
tRp1558
g6
(g8
S'\xd3J\xf6\xcftf\xa1?'
tRp1559
tp1560
a(g6
(g8
S'\x11\x00i\xf8\x9f \x89?'
tRp1561
g6
(g8
S'\xce\x0c\xf4y\xeco\xa4?'
tRp1562
tp1563
a(g6
(g8
S'tg\x037k\x0b\x89?'
tRp1564
g6
(g8
S'\xfb\x80\xd2\xae\x00F\xa6?'
tRp1565
tp1566
a(g6
(g8
S'\x9bhn\xf8m\xbd\x87?'
tRp1567
g6
(g8
S'\xd02ix\xee/\xa6?'
tRp1568
tp1569
a(g6
(g8
S'\xb7<\x04\x8c\xf2}\x81?'
tRp1570
g6
(g8
S"\x07'\xa88\x15\x7f\xa8?"
tRp1571
tp1572
a(g6
(g8
S'q3\x91\xbaJQ\x80?'
tRp1573
g6
(g8
S'\xf0&\x81\x06Ic\xaa?'
tRp1574
tp1575
a(g6
(g8
S'\x9d\x1e\xb3\x04\xaf\xd9\x84?'
tRp1576
g6
(g8
S'\x98\xc7a\x8d{\xdd\xa8?'
tRp1577
tp1578
a(g6
(g8
S'c\x1fW5\xdd\x15\x82?'
tRp1579
g6
(g8
S'2\xe35\xdf\xa0\xe7\xa6?'
tRp1580
tp1581
a(g6
(g8
S'\xb8\xba\xd3\xc3\xad\xdd~?'
tRp1582
g6
(g8
S'\x0e\x853\xc4\x0c\xe5\xa5?'
tRp1583
tp1584
a(g6
(g8
S'\xf4-M\x90\x93\xd6|?'
tRp1585
g6
(g8
S'WX\nO&\x9c\xa3?'
tRp1586
tp1587
a(g6
(g8
S'(P>y\xd1\x8by?'
tRp1588
g6
(g8
S'\x1dE\x81\xbb\xa8\x0b\xa3?'
tRp1589
tp1590
a(g6
(g8
S'p\xec\xf4\xe4\xe0\x83x?'
tRp1591
g6
(g8
S'\xba\x1a2a\x01\xf1\x9f?'
tRp1592
tp1593
a(g6
(g8
S' \xff{\x1e\t\xf6{?'
tRp1594
g6
(g8
S'7\xb97\xe0\xe4\xe8\xa2?'
tRp1595
tp1596
a(g6
(g8
S'\xc6&8\x18\xd0C\x82?'
tRp1597
g6
(g8
S'\xe2cuK\xa2\x98\xa4?'
tRp1598
tp1599
a(g6
(g8
S'\xe6\xbe\x18\xa37\xc7j?'
tRp1600
g6
(g8
S'\xd5j\xf4\x1a\x16\xb1\xa2?'
tRp1601
tp1602
a(g6
(g8
S'\n\x19\xe6\x01\x03\x96p?'
tRp1603
g6
(g8
S'\x8d\xdb\x8bo\xfeW\xa0?'
tRp1604
tp1605
a(g6
(g8
S'\xeeY*fh\xa1m?'
tRp1606
g6
(g8
S'\x8e\xd6j\xbb\xce\x02\x9e?'
tRp1607
tp1608
a(g6
(g8
S'\xb2\x0f\x9e\x8c\xd6\x07j?'
tRp1609
g6
(g8
S'RiX\xa7\x11\xd7\x9d?'
tRp1610
tp1611
a(g6
(g8
S'\xb0\xb9lV\xd2\xb2m?'
tRp1612
g6
(g8
S'\xc8\x8aB\xa8-\xda\x9b?'
tRp1613
tp1614
a(g6
(g8
S'\xa1aY\xbfMrq?'
tRp1615
g6
(g8
S'\x1a\x1a\x1eq\x8a\xe4\x9b?'
tRp1616
tp1617
a(g6
(g8
S'\xaf\x8e\xee\\/\x13{?'
tRp1618
g6
(g8
S"F'A\xf8Y\x07\xa0?"
tRp1619
tp1620
a(g6
(g8
S'G\xfe\x0b\x0f\x9d\xaa\x7f?'
tRp1621
g6
(g8
S'd|\xb4\xe0\x8da\xa0?'
tRp1622
tp1623
a(g6
(g8
S'6D8D\x91\xe0}?'
tRp1624
g6
(g8
S't9P\xb9\xd6\xee\x9b?'
tRp1625
tp1626
a(g6
(g8
S'\x08\xd8Nz)b\x82?'
tRp1627
g6
(g8
S'L/\x07\xa5\x8b\xe2\x9e?'
tRp1628
tp1629
a(g6
(g8
S'\xfaHgS\xe6~\x80?'
tRp1630
g6
(g8
S',\xa2r\x7f\n\xf6\x9e?'
tRp1631
tp1632
a(g6
(g8
S'\x14\x11(6}_{?'
tRp1633
g6
(g8
S'\x1b\x07\xf9\xc8\x9f\xd8\x9b?'
tRp1634
tp1635
a(g6
(g8
S'\xfeG]\xd4\t\xcf}?'
tRp1636
g6
(g8
S'\x1aL\x15\xfe\x19I\x9c?'
tRp1637
tp1638
a(g6
(g8
S'n\xb1\x83\xd1\x0f\x10\x81?'
tRp1639
g6
(g8
S'|q|\x1fg|\xa0?'
tRp1640
tp1641
a(g6
(g8
S'\x0f\x03\xde\xa7\x93\x1az?'
tRp1642
g6
(g8
S'=\xcf\xda<\xe0\x92\xa0?'
tRp1643
tp1644
a(g6
(g8
S'\x1aY*/\xb9\xf4z?'
tRp1645
g6
(g8
S'2\x1e\xd1\xc9\xc3\x89\xa0?'
tRp1646
tp1647
a(g6
(g8
S'\x02q\x8eg\x04b\x81?'
tRp1648
g6
(g8
S'b@\x04\x12\xd3B\x9f?'
tRp1649
tp1650
a(g6
(g8
S'b\xb5/E^\xf3\x83?'
tRp1651
g6
(g8
S";'F\xe4Kf\x9d?"
tRp1652
tp1653
a(g6
(g8
S'\xa80-\xe6Kmx?'
tRp1654
g6
(g8
S'7S\x1e\xa5\x8a\xf3\x97?'
tRp1655
tp1656
a(g6
(g8
S'\xf4Q\xe7\x1a\xca\x8dq?'
tRp1657
g6
(g8
S'\x94\x1e\xf2\xfe\x930\x99?'
tRp1658
tp1659
a(g6
(g8
S'\xb4\n1\xb3\xda\xb6t?'
tRp1660
g6
(g8
S'\xb4Ur{\x01\xef\x99?'
tRp1661
tp1662
asg834
(lp1663
I100
aI110
aI120
aI130
aI140
aI150
aI160
aI170
aI180
aI190
aI200
aI210
aI220
aI230
aI240
aI250
aI260
aI270
aI280
aI290
aI300
aI310
aI320
aI330
aI340
aI350
aI360
aI370
aI380
aI390
aI400
aI410
aI420
aI430
aI440
aI450
aI460
aI470
aI480
aI490
aI500
aI510
aI520
aI530
aI540
aI550
aI560
aI570
aI580
aI590
aI600
aI610
aI620
aI630
aI640
aI650
aI660
aI670
aI680
aI690
aI700
aI710
aI720
aI730
aI740
aI750
aI760
aI770
aI780
aI790
aI800
aI810
aI820
aI830
aI840
aI850
aI860
aI870
aI880
aI890
aI900
aI910
aI920
aI930
aI940
aI950
aI960
aI970
aI980
aI990
aI1000
aI1010
aI1020
aI1030
aI1040
aI1050
aI1060
aI1070
aI1080
aI1090
aI1100
aI1110
aI1120
aI1130
aI1140
aI1150
aI1160
aI1170
aI1180
aI1190
aI1200
aI1210
aI1220
aI1230
aI1240
aI1250
aI1260
aI1270
aI1280
aI1290
aI1300
aI1310
aI1320
aI1330
aI1340
aI1350
aI1360
aI1370
aI1380
aI1390
aI1400
aI1410
aI1420
aI1430
aI1440
aI1450
aI1460
aI1470
aI1480
aI1490
aI1500
aI1510
aI1520
aI1530
aI1540
aI1550
aI1560
aI1570
aI1580
aI1590
aI1600
aI1610
aI1620
aI1630
aI1640
aI1650
aI1660
aI1670
aI1680
aI1690
aI1700
aI1710
aI1720
aI1730
aI1740
aI1750
aI1760
aI1770
aI1780
aI1790
aI1800
aI1810
aI1820
aI1830
aI1840
aI1850
aI1860
aI1870
aI1880
aI1890
aI1900
aI1910
aI1920
aI1930
aI1940
aI1950
aI1960
aI1970
aI1980
aI1990
aI2000
aI2010
aI2020
aI2030
aI2040
aI2050
aI2060
aI2070
aI2080
aI2090
aI2100
aI2110
aI2120
aI2130
aI2140
aI2150
aI2160
aI2170
aI2180
aI2190
aI2200
aI2210
aI2220
aI2230
aI2240
aI2250
aI2260
aI2270
aI2280
aI2290
aI2300
aI2310
aI2320
aI2330
aI2340
aI2350
aI2360
aI2370
aI2380
aI2390
aI2400
aI2410
aI2420
aI2430
aI2440
aI2450
aI2460
aI2470
aI2480
aI2490
aI2500
aI2510
aI2520
aI2530
aI2540
aI2550
aI2560
aI2570
aI2580
aI2590
aI2600
aI2610
aI2620
aI2630
aI2640
aI2650
aI2660
aI2670
aI2680
aI2690
aI2700
aI2710
aI2720
aI2730
aI2740
aI2750
aI2760
aI2770
aI2780
aI2790
aI2800
aI2810
aI2820
aI2830
aI2840
assS'6'
(dp1664
g4
(lp1665
(g6
(g8
S'lQ\x05\\\xd8\xf1c?'
tRp1666
g6
(g8
S'\x8a\xd8\x1c\r\xfa\xd4\x99?'
tRp1667
tp1668
a(g6
(g8
S'b\x95\x10\x1b7\x80l?'
tRp1669
g6
(g8
S'\xed\x9dYg\xc8p\x9e?'
tRp1670
tp1671
a(g6
(g8
S'\x9e\xd5\xa9!_$q?'
tRp1672
g6
(g8
S'\x9dw\x12\xa0JN\x9b?'
tRp1673
tp1674
a(g6
(g8
S'\xac\x95\x9e\xadqGe?'
tRp1675
g6
(g8
S'\x89i\xd6\x8d\xca8\x93?'
tRp1676
tp1677
a(g6
(g8
S'\x9c\x91.\x0f\x16\x19V?'
tRp1678
g6
(g8
S'\x0e\xc57#<a\x91?'
tRp1679
tp1680
a(g6
(g8
S'\x18\xce:\x9ckRQ?'
tRp1681
g6
(g8
S'u\xf9I\x93\xd2\xfd\x8a?'
tRp1682
tp1683
a(g6
(g8
S'\xb8\x89?%r\x19`?'
tRp1684
g6
(g8
S'J\x92Nz\xb1\xc9\x89?'
tRp1685
tp1686
a(g6
(g8
S'H|\x86\x85\x8c\x0cn?'
tRp1687
g6
(g8
S'@\x1b\xe5\x06S\xee\x90?'
tRp1688
tp1689
a(g6
(g8
S'\xccs\x1d\xa3\xbbTu?'
tRp1690
g6
(g8
S'\x9aXV\xd8\xe5\xb5\x94?'
tRp1691
tp1692
a(g6
(g8
S'\x02\xc3?v\x04\xa7s?'
tRp1693
g6
(g8
S'\xc6\nvP\xcc\x99\x95?'
tRp1694
tp1695
a(g6
(g8
S'F\xfc\xa8\x03\x12\x8dv?'
tRp1696
g6
(g8
S'\x10\x13\xcf\x92,\xc4\x93?'
tRp1697
tp1698
a(g6
(g8
S'\xbcV3BSk{?'
tRp1699
g6
(g8
S'Zi\x88\xb2\xd4\xc8\x96?'
tRp1700
tp1701
a(g6
(g8
S'\x00\xa4\xdb\x90\xdeAw?'
tRp1702
g6
(g8
S'\x93\xd9)\x90\x8a\xfb\x90?'
tRp1703
tp1704
a(g6
(g8
S"^0W_\x8c't?"
tRp1705
g6
(g8
S'\xb3u\x07\x0fq\x9e\x92?'
tRp1706
tp1707
a(g6
(g8
S'\x18\x18=$\xf3\x04v?'
tRp1708
g6
(g8
S'\x98\xedP\xbb\xa72\x93?'
tRp1709
tp1710
a(g6
(g8
S'\x06\xdf\x9c\x1a\x8c\xfcq?'
tRp1711
g6
(g8
S'\x02\xfc\n\xcf\xfcA\x94?'
tRp1712
tp1713
a(g6
(g8
S'\x8cb\xd4\x02N\xd1{?'
tRp1714
g6
(g8
S'#9\xe6\xa3\xd6\x89\x9e?'
tRp1715
tp1716
a(g6
(g8
S'n\xa8\xf6\x1c\x9d\x10p?'
tRp1717
g6
(g8
S'\nPJ>Bh\x9b?'
tRp1718
tp1719
a(g6
(g8
S'\xb2PpF\xbfbv?'
tRp1720
g6
(g8
S'\x0b=;\xcd\xda\x1d\x9c?'
tRp1721
tp1722
a(g6
(g8
S'\\\xc8\x05\xc9\xb2qp?'
tRp1723
g6
(g8
S'>\xb0\x0e\xfb\xbd8\x99?'
tRp1724
tp1725
a(g6
(g8
S'\x908N\xd3fTr?'
tRp1726
g6
(g8
S'\x02\xca4W\x91\xd6\x95?'
tRp1727
tp1728
a(g6
(g8
S'\xd4j\xf5{\xf7,f?'
tRp1729
g6
(g8
S'\xa3%\x9b:\t\xa6\x95?'
tRp1730
tp1731
a(g6
(g8
S' \xc6\x17\xdd\x937U?'
tRp1732
g6
(g8
S'\xbf\xcf\x9cy\xe7\xb5\x90?'
tRp1733
tp1734
a(g6
(g8
S'\xfc\xb7\xd0\x07d\xe2T?'
tRp1735
g6
(g8
S'\xbb\x04\xb1\xc1\x1c\xf4\x8e?'
tRp1736
tp1737
a(g6
(g8
S'\xb4?\xd8\xb0\x14ra?'
tRp1738
g6
(g8
S'|1[\xca\xea\x10\x8d?'
tRp1739
tp1740
a(g6
(g8
S'\xec#\xb8_T\x12l?'
tRp1741
g6
(g8
S'dH.\x17\x1a(\x94?'
tRp1742
tp1743
a(g6
(g8
S' \xb98\x14\x01\tn?'
tRp1744
g6
(g8
S'\x06\xff \x15\xdbZ\x92?'
tRp1745
tp1746
a(g6
(g8
S'\xd4\x0c\x0e4f`_?'
tRp1747
g6
(g8
S'Z\x1bh\xa5\xd0\x99\x99?'
tRp1748
tp1749
a(g6
(g8
S'\xc6t\xd5n\xa5^f?'
tRp1750
g6
(g8
S'oPm\x08@\xbd\x98?'
tRp1751
tp1752
a(g6
(g8
S'\x90)\x04 65k?'
tRp1753
g6
(g8
S'I*\x82\xb6x\x04\x93?'
tRp1754
tp1755
a(g6
(g8
S'\\\xa1\xa5A\xf0\xe2k?'
tRp1756
g6
(g8
S'J!\x7f~\xe1f\x96?'
tRp1757
tp1758
a(g6
(g8
S'@\x06&(z+o?'
tRp1759
g6
(g8
S'<\xbcg8\xf3\xcf\x95?'
tRp1760
tp1761
a(g6
(g8
S'\xc2\xfe~\x8fx\x18q?'
tRp1762
g6
(g8
S')\xde\xcf!\xc0\x17\x92?'
tRp1763
tp1764
a(g6
(g8
S'$\xca\xa4\xe8\xde\x15v?'
tRp1765
g6
(g8
S"\x04\xf9\x0c\x91\x0b'\x97?"
tRp1766
tp1767
a(g6
(g8
S'v^\x90\x8c\x14bq?'
tRp1768
g6
(g8
S'~\\-\xdc\xf6\xb5\x95?'
tRp1769
tp1770
a(g6
(g8
S'\x84Z\xcb\xec\x85Lc?'
tRp1771
g6
(g8
S'\xa3&\xf9\xc4h\xa6\x95?'
tRp1772
tp1773
a(g6
(g8
S'R\x15\x9c~\xf1\x87i?'
tRp1774
g6
(g8
S'0\xbf.i\xe29\x95?'
tRp1775
tp1776
a(g6
(g8
S'\xbd\xec\xc3Z\xae\x81j?'
tRp1777
g6
(g8
S'\xf6\xaanz\xcc\xeb\x95?'
tRp1778
tp1779
a(g6
(g8
S'jt\x80\xe19\xc1\\?'
tRp1780
g6
(g8
S'\rh\xfd5?\x9e\x96?'
tRp1781
tp1782
a(g6
(g8
S'\x02\xacT\xa2\xe1\xf4d?'
tRp1783
g6
(g8
S'\x9c\xb0\xaf/\x1c_\x95?'
tRp1784
tp1785
a(g6
(g8
S'*u\xbf\xa2\xb8\xa2e?'
tRp1786
g6
(g8
S'k\xff\xc2D:\x0f\x94?'
tRp1787
tp1788
a(g6
(g8
S'\x10\xce\xdb\xc0-1m?'
tRp1789
g6
(g8
S'\xc0\xdf\x00\x0b\xf4O\x92?'
tRp1790
tp1791
a(g6
(g8
S'q\xd2\xfe\xdf\xf4\x86j?'
tRp1792
g6
(g8
S'\x8b*\xed\xfa\xd0b\x92?'
tRp1793
tp1794
a(g6
(g8
S'\xa6t\x95\xf5\x1e]\\?'
tRp1795
g6
(g8
S'v\xea\x8a\xb4\xc2\xcc\x96?'
tRp1796
tp1797
a(g6
(g8
S'\xc4^\xed|\x00\x0fQ?'
tRp1798
g6
(g8
S'\xc6\x93E\xd5\xd3\xed\x97?'
tRp1799
tp1800
a(g6
(g8
S'H\x19p\x7f\xab_P?'
tRp1801
g6
(g8
S'\x90\xa7\x9c\x92\x89b\x9d?'
tRp1802
tp1803
a(g6
(g8
S' \xb9\xa8\xb0\xe6;b?'
tRp1804
g6
(g8
S'X\x99\x02G\\\xa9\x99?'
tRp1805
tp1806
a(g6
(g8
S'P\x04\xf8\x07w\x1ed?'
tRp1807
g6
(g8
S'\xc7\x98^\x95\xc0\x11\x9c?'
tRp1808
tp1809
a(g6
(g8
S'\xcc\x99\xa7?\xd1\x11a?'
tRp1810
g6
(g8
S'O\x87`D,)\x98?'
tRp1811
tp1812
a(g6
(g8
S'\x90\xba\x16\x9a\xed\x93_?'
tRp1813
g6
(g8
S'L\x1b-\x95\xc3\x98\x98?'
tRp1814
tp1815
a(g6
(g8
S'\xb0\x82|\x1dU[]?'
tRp1816
g6
(g8
S'\x9c\xb0\x88\xa1\xfc!\x99?'
tRp1817
tp1818
a(g6
(g8
S'@\xf5\xb5\x8e\xeb\x8eU?'
tRp1819
g6
(g8
S'\xdd0\xe3\xa6Q\x15\x97?'
tRp1820
tp1821
a(g6
(g8
S'\xbdU"\x9a\xf8\xbca?'
tRp1822
g6
(g8
S'\x8ag\x91\xe7\x89B\x95?'
tRp1823
tp1824
a(g6
(g8
S'0\xa7X\x90\xf2\xacg?'
tRp1825
g6
(g8
S' \xb0\xfb\xbd\xfcT\x92?'
tRp1826
tp1827
a(g6
(g8
S'L\xa0\x02\xadDUx?'
tRp1828
g6
(g8
S'\xe8\x86\xf6\xf2\x9d\xe4\x9d?'
tRp1829
tp1830
a(g6
(g8
S'<\xc3\x00O\xf2gy?'
tRp1831
g6
(g8
S'+O\xc2\xe2c9\x98?'
tRp1832
tp1833
a(g6
(g8
S'\x0e\xa4\xb7]pZv?'
tRp1834
g6
(g8
S';\xd3E\x91Y\xe5\x94?'
tRp1835
tp1836
a(g6
(g8
S'\x1c;\xe2T\xf7]p?'
tRp1837
g6
(g8
S'\x00!\x12\x1d0;\x90?'
tRp1838
tp1839
a(g6
(g8
S'\xb8\x05U\x13%\x9bl?'
tRp1840
g6
(g8
S'\x9e}^\x8c\xa0\xd0\x8d?'
tRp1841
tp1842
a(g6
(g8
S'\ndnd\x05\x8fo?'
tRp1843
g6
(g8
S'\x05\xd1-`\xc1\xb1\x90?'
tRp1844
tp1845
a(g6
(g8
S',U\xcb\n\xc6\xeai?'
tRp1846
g6
(g8
S"\xa0:'O\xed\xc7\x93?"
tRp1847
tp1848
a(g6
(g8
S'$\xba\x9d\xbaJ\x95i?'
tRp1849
g6
(g8
S'\xccs\x07\x08@\xdc\x94?'
tRp1850
tp1851
a(g6
(g8
S'&c\xda\xf5\x0cgg?'
tRp1852
g6
(g8
S'h\xb3\x87\xe6E|\x99?'
tRp1853
tp1854
a(g6
(g8
S'E\xd6\xcd\x17\xe1\x95P?'
tRp1855
g6
(g8
S'\xa2\x01\xbaj\xfbC\x97?'
tRp1856
tp1857
a(g6
(g8
S'>\xb2\x9d\xba\xe8\xb19?'
tRp1858
g6
(g8
S'\xe8v\x02\xf9\x99,\x97?'
tRp1859
tp1860
a(g6
(g8
S'\xe0`v\x9e7gI?'
tRp1861
g6
(g8
S'`p\x9eU\x08\xde\x9d?'
tRp1862
tp1863
a(g6
(g8
S'x\x14Fr\xd5rN?'
tRp1864
g6
(g8
S'{\x8c\xa7Q\xba\x8f\x9c?'
tRp1865
tp1866
a(g6
(g8
S'\x08d\xb1Q\xe4\xba]?'
tRp1867
g6
(g8
S'\x9b\x0e\xac\x1d\xa3c\x9e?'
tRp1868
tp1869
a(g6
(g8
S'\xe0ov\xcf\x8c\xab\\?'
tRp1870
g6
(g8
S'\xedr\x97R\xdb\xc3\x9e?'
tRp1871
tp1872
a(g6
(g8
S't\x95p\xf3\x95gb?'
tRp1873
g6
(g8
S'\xef\xed\xec\x02\xde\xb2\xa0?'
tRp1874
tp1875
a(g6
(g8
S'\xa8\x00\xc7\xfa\x88}W?'
tRp1876
g6
(g8
S'\xfc\xba\xcaLZ!\xa0?'
tRp1877
tp1878
a(g6
(g8
S'Tc\xf4\x80\xd1@e?'
tRp1879
g6
(g8
S'Ey\x9a\x17\x06I\xa0?'
tRp1880
tp1881
a(g6
(g8
S'\xacaq\x04l\xb2m?'
tRp1882
g6
(g8
S'\x0b\xcc\x17[\xb50\xa0?'
tRp1883
tp1884
a(g6
(g8
S'X\xa5\x93D\xa7\xe8r?'
tRp1885
g6
(g8
S'\xe6\x05t\xfc\x7f\xe0\x9e?'
tRp1886
tp1887
a(g6
(g8
S'\x08\xd0E\x06p\xb6p?'
tRp1888
g6
(g8
S'+C\xf3\x7f)f\x9c?'
tRp1889
tp1890
a(g6
(g8
S"XP'pnRl?"
tRp1891
g6
(g8
S'\xa2\x01\xbd\xddG\xdb\x92?'
tRp1892
tp1893
a(g6
(g8
S'P\xdb\xef\x14\xb2Fn?'
tRp1894
g6
(g8
S'\x81\xd8h-%\xc7\x91?'
tRp1895
tp1896
a(g6
(g8
S'\xc2\x9b-\xd0\xcd\xc9s?'
tRp1897
g6
(g8
S'[\xb8\x1b\xeb\xc5;\x92?'
tRp1898
tp1899
a(g6
(g8
S'~\x9d\xdd$W.r?'
tRp1900
g6
(g8
S'\xd87\xe4\x16\xa5\x97\x98?'
tRp1901
tp1902
a(g6
(g8
S'\xaep\x1d\x0f5\xaek?'
tRp1903
g6
(g8
S'lh\xae\xe3\xebq\x94?'
tRp1904
tp1905
a(g6
(g8
S'\xdcoJ\xb5\xe1\xe9c?'
tRp1906
g6
(g8
S'\x1e\xa9\xd9\xdd\x88\xbe\x96?'
tRp1907
tp1908
a(g6
(g8
S'\xd2\xf1\x11\xe7\xe8\x81y?'
tRp1909
g6
(g8
S'\xc93\r>w\xe4\x99?'
tRp1910
tp1911
a(g6
(g8
S'\x90\xee.\xc1Cry?'
tRp1912
g6
(g8
S'|\xff\xe1k\x82\x80\x9c?'
tRp1913
tp1914
a(g6
(g8
S'\xc9\xce\x82\xdd\xac\x07|?'
tRp1915
g6
(g8
S'&\x9f\x02\x9d\xe0\x15\x9a?'
tRp1916
tp1917
a(g6
(g8
S'"\xbb\xc3H\xce!x?'
tRp1918
g6
(g8
S'\xb527L{d\x9a?'
tRp1919
tp1920
a(g6
(g8
S'\xef\xb0\xc1\xce\x8cX\x81?'
tRp1921
g6
(g8
S'\xbb\xc0\\H\x1e\x13\xa2?'
tRp1922
tp1923
a(g6
(g8
S'\xc5\xa6\xe4\xda\xe7#\x81?'
tRp1924
g6
(g8
S'\x0b\x88\xf9*\x92]\xa2?'
tRp1925
tp1926
a(g6
(g8
S'\xb4r\xc2(c\x1a{?'
tRp1927
g6
(g8
S'\x91?\x99\x19\xc3\xe4\xa3?'
tRp1928
tp1929
a(g6
(g8
S'\x1c>\x03"\xb8\x06u?'
tRp1930
g6
(g8
S'\xab[\n\xf7/u\xa4?'
tRp1931
tp1932
a(g6
(g8
S'\xa7\xb3\x89Kp\xaf|?'
tRp1933
g6
(g8
S'\x0c\xbf(\x12\xb6\x9a\xa2?'
tRp1934
tp1935
a(g6
(g8
S'\xc5\xf7\x11\xe1\xc8\xcc\x81?'
tRp1936
g6
(g8
S'\xe9Ai\xd7#\xbc\xa4?'
tRp1937
tp1938
a(g6
(g8
S'".\xb2\xde\x92\xd6\x88?'
tRp1939
g6
(g8
S'\xdfvL\xe2d\x8e\xa5?'
tRp1940
tp1941
a(g6
(g8
S'\x9f\xd8\xdax\xb7\x1b\x89?'
tRp1942
g6
(g8
S'zH\xa7\x99\x0c\xb2\xa6?'
tRp1943
tp1944
a(g6
(g8
S'K\x87\x8e\xb3M<u?'
tRp1945
g6
(g8
S'\xfbO\x8d\xd7\xec`\xa3?'
tRp1946
tp1947
a(g6
(g8
S'qQ\xb8\xbe\x1e\xd5u?'
tRp1948
g6
(g8
S'\xe0o\xf1\xf9\x0f\x97\xa3?'
tRp1949
tp1950
a(g6
(g8
S'\xf8\xce\x1e\xc0\x92\x08}?'
tRp1951
g6
(g8
S'\xd0db\x9d\x19B\xa4?'
tRp1952
tp1953
a(g6
(g8
S'D\xd6\xf7\xfa[Tt?'
tRp1954
g6
(g8
S'\xd9\xe0\xcb\xb8\xa7\xd9\xa1?'
tRp1955
tp1956
a(g6
(g8
S'\xeex3e&\x97\x81?'
tRp1957
g6
(g8
S'\\\x88\xcf\xa9\xc2\x17\xa2?'
tRp1958
tp1959
a(g6
(g8
S'@J\xfb\x83\xb1u\x84?'
tRp1960
g6
(g8
S'~\xb5\xa6\x9b\x9e\xc5\xa0?'
tRp1961
tp1962
a(g6
(g8
S'\xcfg%\xcd\xe5\xdf\x8a?'
tRp1963
g6
(g8
S'\xeeUX(Bq\xa0?'
tRp1964
tp1965
a(g6
(g8
S'r\x9e\x1bs\xaa\xf8\x8f?'
tRp1966
g6
(g8
S'&T\x1f\xec\xe1\x19\x9d?'
tRp1967
tp1968
a(g6
(g8
S'q-\x9b\xb3\xb8j\x94?'
tRp1969
g6
(g8
S'v\xbc\xf0\xfe\xb1\x82\x9c?'
tRp1970
tp1971
a(g6
(g8
S'\xcb\xac\x10\xd9\x97T\x97?'
tRp1972
g6
(g8
S'\xc8N\x9b\xef\x05\xbb\x9f?'
tRp1973
tp1974
a(g6
(g8
S'\xdcCd\xee\x8f\xe5\x9a?'
tRp1975
g6
(g8
S'\xcf\xed\xb5m\xf6\xd5\xa1?'
tRp1976
tp1977
a(g6
(g8
S'\x1c\xf4\x08\xd9\x92\x1c\x9c?'
tRp1978
g6
(g8
S'L@\xf6\xd4M\x9a\xa2?'
tRp1979
tp1980
a(g6
(g8
S'\x04E\xf8\xb3\x19-\xa1?'
tRp1981
g6
(g8
S'E\xc7\xa2u\xe7\xc6\xa6?'
tRp1982
tp1983
a(g6
(g8
S'\xf9\xdf\x96]\xbf;\xa7?'
tRp1984
g6
(g8
S'\xa6\xbe\xf4\x82W4\xae?'
tRp1985
tp1986
a(g6
(g8
S'\xb0n\x90a\xbf\x94\xa8?'
tRp1987
g6
(g8
S'-\xac\xea\x196[\xaf?'
tRp1988
tp1989
a(g6
(g8
S'"ss^\xa44\xab?'
tRp1990
g6
(g8
S'\xb0\x1eK-#\xac\xb0?'
tRp1991
tp1992
a(g6
(g8
S'\xa6A>\x01\xb4z\xae?'
tRp1993
g6
(g8
S'4\xcfN\xc9$h\xb2?'
tRp1994
tp1995
a(g6
(g8
S'\xd1\xea/\x16L\x15\xb0?'
tRp1996
g6
(g8
S'\x05\xf3\xb1\xe5\x197\xb3?'
tRp1997
tp1998
a(g6
(g8
S'\xc3\xc0\x01\x02`\n\xb0?'
tRp1999
g6
(g8
S'\x8e\x1c\xc3r!\xea\xb3?'
tRp2000
tp2001
a(g6
(g8
S'\xe2\xa6k\n\xca\xab\xae?'
tRp2002
g6
(g8
S'\xfc\xe2\xe2\x7f\x9bx\xb3?'
tRp2003
tp2004
a(g6
(g8
S'M\xa8\x8a\xc0\x9a\x9d\xad?'
tRp2005
g6
(g8
S'P\x87/i\xfa\x7f\xb2?'
tRp2006
tp2007
a(g6
(g8
S'\x9e\xfa1\x8f\x86M\xae?'
tRp2008
g6
(g8
S'\xb0\xc2i\xb5k\x15\xb3?'
tRp2009
tp2010
a(g6
(g8
S'\xc46]\x9c\xba\x13\xb0?'
tRp2011
g6
(g8
S'he;\xff\xcf\xa3\xb3?'
tRp2012
tp2013
a(g6
(g8
S'\x85W\xb4~\xe6z\xad?'
tRp2014
g6
(g8
S'<\xcf\x06\xa3\x17&\xb2?'
tRp2015
tp2016
a(g6
(g8
S'\\4]M\xef\x11\xa8?'
tRp2017
g6
(g8
S'ZZ{\xefl\xbb\xae?'
tRp2018
tp2019
a(g6
(g8
S'\x05\x01\x1e\xb3r/\xa6?'
tRp2020
g6
(g8
S'|\xe8i\xb2\xa0K\xac?'
tRp2021
tp2022
a(g6
(g8
S'\xcc\x07\xdd\x0b\x1c\xd6\xa4?'
tRp2023
g6
(g8
S'\xbc@1){\xcb\xaa?'
tRp2024
tp2025
a(g6
(g8
S'4O)\xd8\x9c\x9d\xa2?'
tRp2026
g6
(g8
S'xW\x00a\xa9\xfa\xa9?'
tRp2027
tp2028
a(g6
(g8
S';\xe8\xed\xc4\xb2\x87\x9a?'
tRp2029
g6
(g8
S"E\xbb\xcb$'x\xa6?"
tRp2030
tp2031
a(g6
(g8
S'\xcc\xc3\x97K\xfd\x10\x9c?'
tRp2032
g6
(g8
S'\x88t\x06%\x93]\xa7?'
tRp2033
tp2034
a(g6
(g8
S'\x89\x85\x17\xa6\x93Z\x92?'
tRp2035
g6
(g8
S'\xdd\xed\x1c\xe4\x84\x13\xa1?'
tRp2036
tp2037
a(g6
(g8
S'\xdc\x8afK\xf2\xb0\x8e?'
tRp2038
g6
(g8
S'/;\x9eP\xa2;\xa1?'
tRp2039
tp2040
a(g6
(g8
S'`\xbbcP{V\x88?'
tRp2041
g6
(g8
S'\xe4\x85\xb9\xd7\xff*\x9b?'
tRp2042
tp2043
a(g6
(g8
S'0l\xe2\x99A\xf2\x7f?'
tRp2044
g6
(g8
S'\xa39T}\x98\x0c\x98?'
tRp2045
tp2046
a(g6
(g8
S'\xdf\xbf\xd7\xeb\x14h{?'
tRp2047
g6
(g8
S'\xc9[\xa2.\xeag\x97?'
tRp2048
tp2049
a(g6
(g8
S'\xf7*\x97m\xe46t?'
tRp2050
g6
(g8
S'\xef\xac\x7f\xc8\x1e\xdc\x96?'
tRp2051
tp2052
a(g6
(g8
S'\xfd\xf7\xc7\x1cS\x9cr?'
tRp2053
g6
(g8
S'\xe9\xf7\x91\xf0)z\x9a?'
tRp2054
tp2055
a(g6
(g8
S'\x140\x9fm\x00\x8ae?'
tRp2056
g6
(g8
S'\xf8\xe7\xaa\x01Q\xb0\x98?'
tRp2057
tp2058
a(g6
(g8
S' \xee?\xc7\xa3\xbeU?'
tRp2059
g6
(g8
S'\x1d\xae\x16<\x16`\x98?'
tRp2060
tp2061
a(g6
(g8
S'b\x0e^\xbb\x92\x81p?'
tRp2062
g6
(g8
S'\x13!\x18:\x82>\x9b?'
tRp2063
tp2064
a(g6
(g8
S'xH\\\x11\xf1%k?'
tRp2065
g6
(g8
S'\xb4Z\xeb\x18Zc\xa0?'
tRp2066
tp2067
a(g6
(g8
S'L\x02x\x01\x92+j?'
tRp2068
g6
(g8
S'\xfb\x1d7J\xeb\xad\x99?'
tRp2069
tp2070
a(g6
(g8
S'\x10\x8fB\xeb\xce\xae_?'
tRp2071
g6
(g8
S'\xec\xaaTo\xbe\x9a\x9e?'
tRp2072
tp2073
a(g6
(g8
S'\xc2\xc9\xab\xe6@\x14_?'
tRp2074
g6
(g8
S'\xb9\xbd\x17\xec\x83T\x9f?'
tRp2075
tp2076
a(g6
(g8
S'\xc8\x99\xf0\xb5\xcd\x1cQ?'
tRp2077
g6
(g8
S'A\xb6\x02\x1ep9\x9b?'
tRp2078
tp2079
a(g6
(g8
S'\x98,\x8b$\xb7\xebc?'
tRp2080
g6
(g8
S'\x8c\x89\xa1\x94\xf0\xe6\x9d?'
tRp2081
tp2082
a(g6
(g8
S'\xca\x86\xe5\xdc\xfd\xd8d?'
tRp2083
g6
(g8
S'0\xf5\xaa\xb2\xb2]\xa0?'
tRp2084
tp2085
a(g6
(g8
S'HS\xa8\xe0\x94=c?'
tRp2086
g6
(g8
S'E\xcc\x99\xcc\xce;\xa6?'
tRp2087
tp2088
a(g6
(g8
S'\xc8^\x88\x17\xe2Id?'
tRp2089
g6
(g8
S'\x03\x07\x85mJ\xa2\xa3?'
tRp2090
tp2091
a(g6
(g8
S'l\x13O\xd2\xa8?k?'
tRp2092
g6
(g8
S'QL \xef\x83\xdc\xa1?'
tRp2093
tp2094
a(g6
(g8
S'\xbcc\xbd5\x90\xb6m?'
tRp2095
g6
(g8
S' \xb4\xbd\xfa\x19B\xa1?'
tRp2096
tp2097
a(g6
(g8
S'\x04\x80Yx\xa30m?'
tRp2098
g6
(g8
S'\xb1J\xcb>\xcd\xbe\x9f?'
tRp2099
tp2100
a(g6
(g8
S'\xear\xfc\x1f\xf9\xacu?'
tRp2101
g6
(g8
S'\xd9Z\x81\xc6\xa4\xb7\xa0?'
tRp2102
tp2103
a(g6
(g8
S'\xfe`\xe2\x0e\xafov?'
tRp2104
g6
(g8
S'\xef|Y>0\xf5\x9d?'
tRp2105
tp2106
a(g6
(g8
S'R\x002\xdb\xd9*x?'
tRp2107
g6
(g8
S'\xb4\x07\xd2G\x89\xe4\x9c?'
tRp2108
tp2109
a(g6
(g8
S' \xd6Y&Z\xbb\x80?'
tRp2110
g6
(g8
S'\x0eN\xf5\x80\xc9\xa6\x9b?'
tRp2111
tp2112
a(g6
(g8
S'\x86v\\\xcd\xc6~q?'
tRp2113
g6
(g8
S' C\x95\xfd\xd4\xea\x9b?'
tRp2114
tp2115
a(g6
(g8
S'\xf6s\xa9u\xc5\xfem?'
tRp2116
g6
(g8
S'\xcaX\x80\x06\nU\x99?'
tRp2117
tp2118
a(g6
(g8
S'\xb9\xfa~L&\xd6r?'
tRp2119
g6
(g8
S'\xb75\x14\x954\x9e\x91?'
tRp2120
tp2121
a(g6
(g8
S'\xa7\xa7\x7f\xc7\xad\xfbp?'
tRp2122
g6
(g8
S'\xa7)k\xd2~~\x8d?'
tRp2123
tp2124
a(g6
(g8
S'D%t\x86\xdd d?'
tRp2125
g6
(g8
S'#\x9f\x802\xc4\xd3\x92?'
tRp2126
tp2127
a(g6
(g8
S'\x00\xf5Dc\x0c\nE?'
tRp2128
g6
(g8
S'\x08\\\x8c\xc9\xf4\xd6\x96?'
tRp2129
tp2130
a(g6
(g8
S'\xfe{\x80\n\xa5MV?'
tRp2131
g6
(g8
S'S\xe1v\xf7B\x08\x9a?'
tRp2132
tp2133
a(g6
(g8
S'\x1aL5\xe8q\x96p?'
tRp2134
g6
(g8
S'\xab\x08\nt\xcd\xf1\x98?'
tRp2135
tp2136
a(g6
(g8
S'V\xcd\x8d\xd8\x1b\xb3r?'
tRp2137
g6
(g8
S'\xb6\x05d\x01\x86E\x96?'
tRp2138
tp2139
a(g6
(g8
S'\x90\xd4b\xf5\xeb\x99k?'
tRp2140
g6
(g8
S"=h\xd3\x8e'\xc0\x96?"
tRp2141
tp2142
a(g6
(g8
S'\x9ck\xa8\x85\x19\xbcg?'
tRp2143
g6
(g8
S'\xdc\x88\xb5D\x13\x19\x97?'
tRp2144
tp2145
a(g6
(g8
S'\x81\x87\xb0m$Rg?'
tRp2146
g6
(g8
S'\x00Y\x0c\xc9,\xf4\x95?'
tRp2147
tp2148
a(g6
(g8
S'\xd2\xed\x05\x03sif?'
tRp2149
g6
(g8
S'\r\x98\x95\xc9&\x17\x98?'
tRp2150
tp2151
a(g6
(g8
S'\xb6\xc9\x81\x96\xde\xach?'
tRp2152
g6
(g8
S'\xa0Dt\x9f\xa3\xf5\x95?'
tRp2153
tp2154
a(g6
(g8
S'\xda\xbbV&\x1dVk?'
tRp2155
g6
(g8
S'\xb7\x94}aU3\x97?'
tRp2156
tp2157
a(g6
(g8
S'\xaf7\xca\x14N\x12r?'
tRp2158
g6
(g8
S'k\x92zQjb\x9e?'
tRp2159
tp2160
a(g6
(g8
S'P^vAW=x?'
tRp2161
g6
(g8
S'\xf2\x92Jbt\xeb\xa1?'
tRp2162
tp2163
a(g6
(g8
S'T#\xde\xf1\xef\xd4w?'
tRp2164
g6
(g8
S'\xb2\x8b\x01\xb7F\xc8\xa0?'
tRp2165
tp2166
a(g6
(g8
S'P\x04\xd9#\xae~n?'
tRp2167
g6
(g8
S'\x9c\x1cF\xa5\xc0\xf5\xa0?'
tRp2168
tp2169
a(g6
(g8
S'\xc4Ok\x8d\xa6Fm?'
tRp2170
g6
(g8
S'R\x80\x92\x8b\x98k\xa1?'
tRp2171
tp2172
a(g6
(g8
S'\xe2e\xee\xe1\x035s?'
tRp2173
g6
(g8
S"L'Vt\xc1;\xa2?"
tRp2174
tp2175
a(g6
(g8
S"\x9e'\x07\x8e_Tp?"
tRp2176
g6
(g8
S'1~\xb8\xa44=\xa4?'
tRp2177
tp2178
a(g6
(g8
S'R/\xb7\xd6z\xbau?'
tRp2179
g6
(g8
S'\xc9+\\r5\xc7\xa1?'
tRp2180
tp2181
a(g6
(g8
S'\xe8P\xe21\x1fiq?'
tRp2182
g6
(g8
S'0\x17`\x14t!\x9f?'
tRp2183
tp2184
a(g6
(g8
S'\xc0V#\x9e\x91(w?'
tRp2185
g6
(g8
S'5\xfc\tU\xa5\xc2\xa3?'
tRp2186
tp2187
a(g6
(g8
S'\xa4\x1f\xe7-Q\x0cs?'
tRp2188
g6
(g8
S'\xed\xe1/\xb3\xba\x89\xa3?'
tRp2189
tp2190
a(g6
(g8
S'\xb0h\xbf\x8d\x87\xe2n?'
tRp2191
g6
(g8
S"\x15\x9a\x11'\x81C\xa1?"
tRp2192
tp2193
a(g6
(g8
S'\xf0\xe3\xbb.\x19\x17l?'
tRp2194
g6
(g8
S'\xe3!y\xd52>\xa1?'
tRp2195
tp2196
a(g6
(g8
S'\x08\xc9\xccO2\x85^?'
tRp2197
g6
(g8
S'\xf2{\xa554\x19\xa0?'
tRp2198
tp2199
a(g6
(g8
S'\xfcz\xbd[l7V?'
tRp2200
g6
(g8
S'/\x1d}\x1b\xb2\x13\xa3?'
tRp2201
tp2202
a(g6
(g8
S'B\xf2\x82\xa7\xfci]?'
tRp2203
g6
(g8
S'&\xf1U\xde\t\x02\xa4?'
tRp2204
tp2205
a(g6
(g8
S'4\xdf\x00I\xbf\x17_?'
tRp2206
g6
(g8
S'U\xf5\xa93\xe6\x13\xa1?'
tRp2207
tp2208
a(g6
(g8
S'\x85D?\t\xaa\x16J?'
tRp2209
g6
(g8
S'O>\xe1T\xef]\x9e?'
tRp2210
tp2211
a(g6
(g8
S'\xedLZ<>6c?'
tRp2212
g6
(g8
S'\x00\xfb(\xcd]\xe3\xa1?'
tRp2213
tp2214
a(g6
(g8
S'V\xb1\xdaw1\x12`?'
tRp2215
g6
(g8
S'\x13/\xc9\xb9\xb6\xf6\xa0?'
tRp2216
tp2217
a(g6
(g8
S'p\xb36\x99\xbfHZ?'
tRp2218
g6
(g8
S'\x8c3\xe1\xa0\xb3\xf7\x9e?'
tRp2219
tp2220
a(g6
(g8
S'\xda\x1c`\xe5\x1e\x87Z?'
tRp2221
g6
(g8
S'\x06\xf8}\x84-\x07\x9a?'
tRp2222
tp2223
a(g6
(g8
S'`]\x7f\xffo\xf4`?'
tRp2224
g6
(g8
S'N\xe2\xfb\xfd\x83\xd5\x9d?'
tRp2225
tp2226
a(g6
(g8
S'8\xc0\xa0\xfd\xf1rT?'
tRp2227
g6
(g8
S'\xb6\xb6E2\x13I\x9f?'
tRp2228
tp2229
a(g6
(g8
S'\xb4\x06l\xda\xbf!\\?'
tRp2230
g6
(g8
S'\x97\x83.\xfc\xd6n\xa0?'
tRp2231
tp2232
a(g6
(g8
S'\xf0\x980~68a?'
tRp2233
g6
(g8
S'\x1a\xbc\xc4&\x0f\xf7\x9c?'
tRp2234
tp2235
a(g6
(g8
S'V{\x11\x0e\xe5\x00n?'
tRp2236
g6
(g8
S"\xe6'z\xbc\xfa{\x9f?"
tRp2237
tp2238
a(g6
(g8
S'\xb69\x9a\x02a\xffV?'
tRp2239
g6
(g8
S'\x96\x1d\xe7\xaf\xc3\x0c\x9f?'
tRp2240
tp2241
a(g6
(g8
S'\xde\xc64\xe6:\x0cb?'
tRp2242
g6
(g8
S'\x8c0h\x86\x13\xce\x99?'
tRp2243
tp2244
a(g6
(g8
S'|I\xe5I\xfd\xf4T?'
tRp2245
g6
(g8
S'v\xc7T\xf6/?\x9a?'
tRp2246
tp2247
a(g6
(g8
S'\xda\xa0\xa1\xc7\x87\x0fc?'
tRp2248
g6
(g8
S',;\xce,\x9f\xe2\x95?'
tRp2249
tp2250
a(g6
(g8
S'\x89\xf5\xef[\xab\xa0\\?'
tRp2251
g6
(g8
S'\xc9+\x0e\xbf\x18Z\x96?'
tRp2252
tp2253
a(g6
(g8
S'\x83\xbe\xdc\x06$\x08U?'
tRp2254
g6
(g8
S'\x0f:=\xba\x8d\xf0\x92?'
tRp2255
tp2256
a(g6
(g8
S'rE\x8b\xc3\x88]e?'
tRp2257
g6
(g8
S'\x91\xfa\xdc\x9e\x99\xd0\x90?'
tRp2258
tp2259
a(g6
(g8
S'\xbe\xf9\xa8\xbap\xfep?'
tRp2260
g6
(g8
S'N#\xd1q]\xde\x98?'
tRp2261
tp2262
a(g6
(g8
S'\xc2\xa0\xa4\xf4\xda\xbde?'
tRp2263
g6
(g8
S'\x948\xd9\x89\xa5-\x9a?'
tRp2264
tp2265
a(g6
(g8
S'\xa49/\xbe\xae\x83n?'
tRp2266
g6
(g8
S'2\x88\xddq\x83\x12\x96?'
tRp2267
tp2268
a(g6
(g8
S'$\x8d\xabr\xc9rn?'
tRp2269
g6
(g8
S'L0\xe6\xbe\xcc-\x97?'
tRp2270
tp2271
a(g6
(g8
S'\xca\xb0\xe80u\x18y?'
tRp2272
g6
(g8
S'\xbe\x0c\x10\xe7\t\xcb\x97?'
tRp2273
tp2274
a(g6
(g8
S'!x\xa5H\x93\xf3\x80?'
tRp2275
g6
(g8
S',M\xb9\x8f\xc5U\xa0?'
tRp2276
tp2277
a(g6
(g8
S'\x84(XW8\xe8{?'
tRp2278
g6
(g8
S'\xde\x05<R\xf3\x9f\x9d?'
tRp2279
tp2280
a(g6
(g8
S'@Q\xb9\x95\xe9\xff\x84?'
tRp2281
g6
(g8
S'[\xf3\xf3\xd5\xb1/\xa0?'
tRp2282
tp2283
a(g6
(g8
S'\xb8(6\\\x1fHy?'
tRp2284
g6
(g8
S'6\x88\x0c\x14\x8e\xae\x9c?'
tRp2285
tp2286
a(g6
(g8
S'\xac\xa6E\x10g\x8e}?'
tRp2287
g6
(g8
S'\xcc\x14\xbf\xc3(\xf8\xa1?'
tRp2288
tp2289
a(g6
(g8
S'p\xea\xca\x91\xa9\xd8\x80?'
tRp2290
g6
(g8
S'\xcac\xc4&\xfc!\xa1?'
tRp2291
tp2292
a(g6
(g8
S'`[cC~?\x83?'
tRp2293
g6
(g8
S'\xca\xd6\xe7z\xad-\xa1?'
tRp2294
tp2295
a(g6
(g8
S'\xe9\x88%\x18\xd7{\x89?'
tRp2296
g6
(g8
S'\xc2pK\x1b\xf5~\xa1?'
tRp2297
tp2298
a(g6
(g8
S'\xab\xd7*\xa7ht\x85?'
tRp2299
g6
(g8
S'D\x1e\xf0\xd3\xd9\xec\xa0?'
tRp2300
tp2301
a(g6
(g8
S'\xb8\x9fB\x1d\xa8\x13\x80?'
tRp2302
g6
(g8
S'\x9eD6\xfb\xad\x1a\x98?'
tRp2303
tp2304
a(g6
(g8
S'n\xaf{U\x13\x91q?'
tRp2305
g6
(g8
S'\x80\t\x97X]\x0b\x92?'
tRp2306
tp2307
a(g6
(g8
S'\xc0a\xf7s\xbc\xf3|?'
tRp2308
g6
(g8
S'7\xdf\x9aeV\xf9\x91?'
tRp2309
tp2310
a(g6
(g8
S'\x08y\xa2\x94\x95\x9c{?'
tRp2311
g6
(g8
S'\x06R\xdd\xd2\x19X\x91?'
tRp2312
tp2313
a(g6
(g8
S'\xc6P\xd0B\xcbWq?'
tRp2314
g6
(g8
S'\xff\x13\xdc.\xbeP\x8f?'
tRp2315
tp2316
a(g6
(g8
S' \xb9r\xcc\xa2\xd7i?'
tRp2317
g6
(g8
S'9\xf2y\x19F\xa5\x94?'
tRp2318
tp2319
a(g6
(g8
S'\xd4\xf2F[\x0e\x95j?'
tRp2320
g6
(g8
S'.\xb0EY\xfb\xf0\x97?'
tRp2321
tp2322
a(g6
(g8
S'\x08`S\xd1\xbc\x83t?'
tRp2323
g6
(g8
S'\x83\x88\x06\xe3x\xa3\x9d?'
tRp2324
tp2325
a(g6
(g8
S':H\xef\xe0<[o?'
tRp2326
g6
(g8
S'\x8d\x1f\xeaL\x95U\xa0?'
tRp2327
tp2328
a(g6
(g8
S'L \xf4\x94(ik?'
tRp2329
g6
(g8
S'\x17\xb4~L5N\xa2?'
tRp2330
tp2331
a(g6
(g8
S'@|\xd5B&\xc5`?'
tRp2332
g6
(g8
S'Z;\x03\x96\x16\x89\xa3?'
tRp2333
tp2334
a(g6
(g8
S'X\x12\x95\xdal\xdfV?'
tRp2335
g6
(g8
S'\xa4\xe7\xcdi\xb5;\xa6?'
tRp2336
tp2337
a(g6
(g8
S'{\xcd?N\xae\x93d?'
tRp2338
g6
(g8
S"'\xdey\t\xb0c\xa6?"
tRp2339
tp2340
a(g6
(g8
S'\xfcU8\x8f\x93\xfaj?'
tRp2341
g6
(g8
S'\\p \xc0\x9cL\xa8?'
tRp2342
tp2343
a(g6
(g8
S'T]\xc7\x13\x15\xddh?'
tRp2344
g6
(g8
S'\xba\xee\x10[\x0e\xa1\xa7?'
tRp2345
tp2346
a(g6
(g8
S'\xe9+\xb5Q\x133y?'
tRp2347
g6
(g8
S'weu\x88Jk\xa8?'
tRp2348
tp2349
a(g6
(g8
S'\xe4V2\x1cFZt?'
tRp2350
g6
(g8
S'\xcc\xfa\xa3\xf2M\xfe\xa8?'
tRp2351
tp2352
a(g6
(g8
S'<<\xdce\xbbW\x81?'
tRp2353
g6
(g8
S'\xcf\xdb\xd9\xb0H\xa1\xac?'
tRp2354
tp2355
a(g6
(g8
S"\x88\xbe\xbb\x95'[\x8b?"
tRp2356
g6
(g8
S'H2i\xcc\x1d\xb4\xaf?'
tRp2357
tp2358
a(g6
(g8
S']\xd3\xb3\xfcM\xb1\x82?'
tRp2359
g6
(g8
S'h=\x89\xafA<\xac?'
tRp2360
tp2361
a(g6
(g8
S'\xe2\xbb\xf16\x94\x87\x83?'
tRp2362
g6
(g8
S'\xf8y\xc6\xe1I\xb4\xab?'
tRp2363
tp2364
a(g6
(g8
S'\xe5\xefD\xb5\xc13\x82?'
tRp2365
g6
(g8
S'h\xbf\xea\xbf9\xa1\xa6?'
tRp2366
tp2367
a(g6
(g8
S'OXbR\xb0\x16\x85?'
tRp2368
g6
(g8
S'\xd14\xadR\xf3\xf7\xa6?'
tRp2369
tp2370
a(g6
(g8
S'l\x7f[\x80\xa3\xe8\x86?'
tRp2371
g6
(g8
S'g\xc6\xbaA\xd7\xaa\xa6?'
tRp2372
tp2373
a(g6
(g8
S"!\x85\xedk'n\x82?"
tRp2374
g6
(g8
S'\xf8\xfb\xb5MwZ\xa4?'
tRp2375
tp2376
a(g6
(g8
S'\xfc\xde\xdd\xb7\x16\xad\x89?'
tRp2377
g6
(g8
S'pvL\xf3\xd1\x9c\xa4?'
tRp2378
tp2379
a(g6
(g8
S'\xf5"\x8fH\x19\xf9\x86?'
tRp2380
g6
(g8
S'8\xf9\x91\xf4/\xf3\xa4?'
tRp2381
tp2382
a(g6
(g8
S"\xfb1\xb1\t'4\x87?"
tRp2383
g6
(g8
S'\xbc_89w\xc5\xa2?'
tRp2384
tp2385
a(g6
(g8
S'5p[?\xc6\xa1\x83?'
tRp2386
g6
(g8
S'\xd4J\xf6\xcftf\xa1?'
tRp2387
tp2388
a(g6
(g8
S'\x11\x00i\xf8\x9f \x89?'
tRp2389
g6
(g8
S'\xce\x0c\xf4y\xeco\xa4?'
tRp2390
tp2391
a(g6
(g8
S'sg\x037k\x0b\x89?'
tRp2392
g6
(g8
S'\xfa\x80\xd2\xae\x00F\xa6?'
tRp2393
tp2394
a(g6
(g8
S'\x9bhn\xf8m\xbd\x87?'
tRp2395
g6
(g8
S'\xd22ix\xee/\xa6?'
tRp2396
tp2397
a(g6
(g8
S'\xb7<\x04\x8c\xf2}\x81?'
tRp2398
g6
(g8
S"\x07'\xa88\x15\x7f\xa8?"
tRp2399
tp2400
a(g6
(g8
S'r3\x91\xbaJQ\x80?'
tRp2401
g6
(g8
S'\xf0&\x81\x06Ic\xaa?'
tRp2402
tp2403
a(g6
(g8
S'\x9d\x1e\xb3\x04\xaf\xd9\x84?'
tRp2404
g6
(g8
S'\x98\xc7a\x8d{\xdd\xa8?'
tRp2405
tp2406
a(g6
(g8
S'd\x1fW5\xdd\x15\x82?'
tRp2407
g6
(g8
S'3\xe35\xdf\xa0\xe7\xa6?'
tRp2408
tp2409
a(g6
(g8
S'\xb8\xba\xd3\xc3\xad\xdd~?'
tRp2410
g6
(g8
S'\r\x853\xc4\x0c\xe5\xa5?'
tRp2411
tp2412
a(g6
(g8
S'\xf2-M\x90\x93\xd6|?'
tRp2413
g6
(g8
S'VX\nO&\x9c\xa3?'
tRp2414
tp2415
a(g6
(g8
S'(P>y\xd1\x8by?'
tRp2416
g6
(g8
S'\x1eE\x81\xbb\xa8\x0b\xa3?'
tRp2417
tp2418
a(g6
(g8
S'p\xec\xf4\xe4\xe0\x83x?'
tRp2419
g6
(g8
S'\xba\x1a2a\x01\xf1\x9f?'
tRp2420
tp2421
a(g6
(g8
S'"\xff{\x1e\t\xf6{?'
tRp2422
g6
(g8
S'7\xb97\xe0\xe4\xe8\xa2?'
tRp2423
tp2424
a(g6
(g8
S'\xc6&8\x18\xd0C\x82?'
tRp2425
g6
(g8
S'\xe2cuK\xa2\x98\xa4?'
tRp2426
tp2427
a(g6
(g8
S'\xe8\xbe\x18\xa37\xc7j?'
tRp2428
g6
(g8
S'\xd6j\xf4\x1a\x16\xb1\xa2?'
tRp2429
tp2430
a(g6
(g8
S'\x0c\x19\xe6\x01\x03\x96p?'
tRp2431
g6
(g8
S'\x8d\xdb\x8bo\xfeW\xa0?'
tRp2432
tp2433
a(g6
(g8
S'\xecY*fh\xa1m?'
tRp2434
g6
(g8
S'\x8e\xd6j\xbb\xce\x02\x9e?'
tRp2435
tp2436
a(g6
(g8
S'\xb2\x0f\x9e\x8c\xd6\x07j?'
tRp2437
g6
(g8
S'RiX\xa7\x11\xd7\x9d?'
tRp2438
tp2439
a(g6
(g8
S'\xb0\xb9lV\xd2\xb2m?'
tRp2440
g6
(g8
S'\xc8\x8aB\xa8-\xda\x9b?'
tRp2441
tp2442
a(g6
(g8
S'\xa2aY\xbfMrq?'
tRp2443
g6
(g8
S'\x1a\x1a\x1eq\x8a\xe4\x9b?'
tRp2444
tp2445
a(g6
(g8
S'\xaf\x8e\xee\\/\x13{?'
tRp2446
g6
(g8
S"E'A\xf8Y\x07\xa0?"
tRp2447
tp2448
a(g6
(g8
S'I\xfe\x0b\x0f\x9d\xaa\x7f?'
tRp2449
g6
(g8
S'd|\xb4\xe0\x8da\xa0?'
tRp2450
tp2451
a(g6
(g8
S'6D8D\x91\xe0}?'
tRp2452
g6
(g8
S'v9P\xb9\xd6\xee\x9b?'
tRp2453
tp2454
a(g6
(g8
S'\x08\xd8Nz)b\x82?'
tRp2455
g6
(g8
S'L/\x07\xa5\x8b\xe2\x9e?'
tRp2456
tp2457
a(g6
(g8
S'\xfaHgS\xe6~\x80?'
tRp2458
g6
(g8
S'-\xa2r\x7f\n\xf6\x9e?'
tRp2459
tp2460
a(g6
(g8
S'\x15\x11(6}_{?'
tRp2461
g6
(g8
S'\x1c\x07\xf9\xc8\x9f\xd8\x9b?'
tRp2462
tp2463
a(g6
(g8
S'\xfeG]\xd4\t\xcf}?'
tRp2464
g6
(g8
S'\x1aL\x15\xfe\x19I\x9c?'
tRp2465
tp2466
a(g6
(g8
S'n\xb1\x83\xd1\x0f\x10\x81?'
tRp2467
g6
(g8
S'}q|\x1fg|\xa0?'
tRp2468
tp2469
a(g6
(g8
S'\r\x03\xde\xa7\x93\x1az?'
tRp2470
g6
(g8
S'=\xcf\xda<\xe0\x92\xa0?'
tRp2471
tp2472
a(g6
(g8
S'\x1aY*/\xb9\xf4z?'
tRp2473
g6
(g8
S'2\x1e\xd1\xc9\xc3\x89\xa0?'
tRp2474
tp2475
a(g6
(g8
S'\x00q\x8eg\x04b\x81?'
tRp2476
g6
(g8
S'a@\x04\x12\xd3B\x9f?'
tRp2477
tp2478
a(g6
(g8
S'_\xb5/E^\xf3\x83?'
tRp2479
g6
(g8
S";'F\xe4Kf\x9d?"
tRp2480
tp2481
a(g6
(g8
S'\xaa0-\xe6Kmx?'
tRp2482
g6
(g8
S'8S\x1e\xa5\x8a\xf3\x97?'
tRp2483
tp2484
a(g6
(g8
S'\xf6Q\xe7\x1a\xca\x8dq?'
tRp2485
g6
(g8
S'\x94\x1e\xf2\xfe\x930\x99?'
tRp2486
tp2487
a(g6
(g8
S'\xb0\n1\xb3\xda\xb6t?'
tRp2488
g6
(g8
S'\xb3Ur{\x01\xef\x99?'
tRp2489
tp2490
asg834
(lp2491
I100
aI110
aI120
aI130
aI140
aI150
aI160
aI170
aI180
aI190
aI200
aI210
aI220
aI230
aI240
aI250
aI260
aI270
aI280
aI290
aI300
aI310
aI320
aI330
aI340
aI350
aI360
aI370
aI380
aI390
aI400
aI410
aI420
aI430
aI440
aI450
aI460
aI470
aI480
aI490
aI500
aI510
aI520
aI530
aI540
aI550
aI560
aI570
aI580
aI590
aI600
aI610
aI620
aI630
aI640
aI650
aI660
aI670
aI680
aI690
aI700
aI710
aI720
aI730
aI740
aI750
aI760
aI770
aI780
aI790
aI800
aI810
aI820
aI830
aI840
aI850
aI860
aI870
aI880
aI890
aI900
aI910
aI920
aI930
aI940
aI950
aI960
aI970
aI980
aI990
aI1000
aI1010
aI1020
aI1030
aI1040
aI1050
aI1060
aI1070
aI1080
aI1090
aI1100
aI1110
aI1120
aI1130
aI1140
aI1150
aI1160
aI1170
aI1180
aI1190
aI1200
aI1210
aI1220
aI1230
aI1240
aI1250
aI1260
aI1270
aI1280
aI1290
aI1300
aI1310
aI1320
aI1330
aI1340
aI1350
aI1360
aI1370
aI1380
aI1390
aI1400
aI1410
aI1420
aI1430
aI1440
aI1450
aI1460
aI1470
aI1480
aI1490
aI1500
aI1510
aI1520
aI1530
aI1540
aI1550
aI1560
aI1570
aI1580
aI1590
aI1600
aI1610
aI1620
aI1630
aI1640
aI1650
aI1660
aI1670
aI1680
aI1690
aI1700
aI1710
aI1720
aI1730
aI1740
aI1750
aI1760
aI1770
aI1780
aI1790
aI1800
aI1810
aI1820
aI1830
aI1840
aI1850
aI1860
aI1870
aI1880
aI1890
aI1900
aI1910
aI1920
aI1930
aI1940
aI1950
aI1960
aI1970
aI1980
aI1990
aI2000
aI2010
aI2020
aI2030
aI2040
aI2050
aI2060
aI2070
aI2080
aI2090
aI2100
aI2110
aI2120
aI2130
aI2140
aI2150
aI2160
aI2170
aI2180
aI2190
aI2200
aI2210
aI2220
aI2230
aI2240
aI2250
aI2260
aI2270
aI2280
aI2290
aI2300
aI2310
aI2320
aI2330
aI2340
aI2350
aI2360
aI2370
aI2380
aI2390
aI2400
aI2410
aI2420
aI2430
aI2440
aI2450
aI2460
aI2470
aI2480
aI2490
aI2500
aI2510
aI2520
aI2530
aI2540
aI2550
aI2560
aI2570
aI2580
aI2590
aI2600
aI2610
aI2620
aI2630
aI2640
aI2650
aI2660
aI2670
aI2680
aI2690
aI2700
aI2710
aI2720
aI2730
aI2740
aI2750
aI2760
aI2770
aI2780
aI2790
aI2800
aI2810
aI2820
aI2830
aI2840
ass.