*
optimization finished, #iter = 18
nu = 0.960000
obj = -23.442989, rho = -0.772336
nSV = 25, nBSV = 22
Total nSV = 25
*
optimization finished, #iter = 17
nu = 0.916667
obj = -21.648012, rho = -0.858464
nSV = 24, nBSV = 21
Total nSV = 24
*
optimization finished, #iter = 14
nu = 0.916667
obj = -21.751361, rho = -0.944850
nSV = 23, nBSV = 21
Total nSV = 23
*
optimization finished, #iter = 12
nu = 0.916667
obj = -21.747946, rho = -0.890523
nSV = 23, nBSV = 21
Total nSV = 23
*
optimization finished, #iter = 12
nu = 0.956522
obj = -21.529842, rho = -0.812245
nSV = 23, nBSV = 21
Total nSV = 23
Cross Validation Accuracy = 53.3333%
