*
optimization finished, #iter = 13
nu = 0.960000
obj = -23.977897, rho = 0.990111
nSV = 25, nBSV = 23
Total nSV = 25
*
optimization finished, #iter = 12
nu = 0.916667
obj = -21.996249, rho = 1.002810
nSV = 22, nBSV = 22
Total nSV = 22
*
optimization finished, #iter = 21
nu = 0.916667
obj = -21.999064, rho = 1.015798
nSV = 23, nBSV = 19
Total nSV = 23
*
optimization finished, #iter = 16
nu = 0.916667
obj = -21.997747, rho = 1.017306
nSV = 23, nBSV = 21
Total nSV = 23
*
optimization finished, #iter = 14
nu = 0.956522
obj = -21.997148, rho = 1.027094
nSV = 23, nBSV = 21
Total nSV = 23
Cross Validation Accuracy = 53.3333%
