*
optimization finished, #iter = 12
nu = 0.960000
obj = -23.629759, rho = 0.786046
nSV = 24, nBSV = 24
Total nSV = 24
*
optimization finished, #iter = 13
nu = 0.916667
obj = -21.645511, rho = 0.904621
nSV = 23, nBSV = 21
Total nSV = 23
*
optimization finished, #iter = 12
nu = 0.916667
obj = -21.231509, rho = 0.775366
nSV = 23, nBSV = 21
Total nSV = 23
*
optimization finished, #iter = 12
nu = 0.916667
obj = -21.624566, rho = 0.836607
nSV = 23, nBSV = 21
Total nSV = 23
*
optimization finished, #iter = 12
nu = 0.956522
obj = -20.984043, rho = 0.823959
nSV = 23, nBSV = 21
Total nSV = 23
Cross Validation Accuracy = 53.3333%
