*
optimization finished, #iter = 13
nu = 0.960000
obj = -23.946309, rho = -0.960980
nSV = 25, nBSV = 23
Total nSV = 25
*
optimization finished, #iter = 12
nu = 0.916667
obj = -21.986646, rho = -0.972941
nSV = 22, nBSV = 22
Total nSV = 22
*
optimization finished, #iter = 12
nu = 0.916667
obj = -21.974027, rho = -0.981099
nSV = 22, nBSV = 22
Total nSV = 22
*
optimization finished, #iter = 12
nu = 0.916667
obj = -21.964144, rho = -0.968398
nSV = 22, nBSV = 22
Total nSV = 22
*
optimization finished, #iter = 11
nu = 0.956522
obj = -21.953238, rho = -0.976996
nSV = 22, nBSV = 22
Total nSV = 22
Cross Validation Accuracy = 53.3333%
