*
optimization finished, #iter = 12
nu = 0.960000
obj = -23.993301, rho = -1.010665
nSV = 24, nBSV = 24
Total nSV = 24
*
optimization finished, #iter = 12
nu = 0.916667
obj = -21.990497, rho = -0.990771
nSV = 22, nBSV = 22
Total nSV = 22
*
optimization finished, #iter = 12
nu = 0.916667
obj = -21.980443, rho = -0.992013
nSV = 22, nBSV = 22
Total nSV = 22
*
optimization finished, #iter = 12
nu = 0.916667
obj = -21.940768, rho = -0.970364
nSV = 22, nBSV = 22
Total nSV = 22
*
optimization finished, #iter = 12
nu = 0.956522
obj = -21.953473, rho = -0.980596
nSV = 22, nBSV = 22
Total nSV = 22
Cross Validation Accuracy = 53.3333%
