(dp1
(F0.5
F0.5
tp2
(dp3
S'entropy'
p4
(lp5
(cnumpy.core.multiarray
scalar
p6
(cnumpy
dtype
p7
(S'f8'
I0
I1
tRp8
(I3
S'<'
NNNI-1
I-1
I0
tbS'\xc0[\x1c\xd7\xd3$^?'
tRp9
g6
(g8
S'\x81\xb8\x04\x97\xaa\\\x8c?'
tRp10
tp11
a(g6
(g8
S'\x88\xa8\x87\xcex\x8dB?'
tRp12
g6
(g8
S'd\xb1\xa6!\x1f\xcf\x8a?'
tRp13
tp14
a(g6
(g8
S'\x18\\2\xc4\xdb\xabR?'
tRp15
g6
(g8
S'\xc0\xa2\xbe\xbb\xbc\x9f\x92?'
tRp16
tp17
a(g6
(g8
S'x\xad\xac\x8b\xb1\x00M?'
tRp18
g6
(g8
S'\x9d\xc8\xcb\xad\xd0\xed\x91?'
tRp19
tp20
a(g6
(g8
S'4\xd9\xc4\x16R\rY?'
tRp21
g6
(g8
S'\xb3\xd2\xd8iy\xa2\x96?'
tRp22
tp23
a(g6
(g8
S'\xc8\xfbc\xe5\xdc\xaeW?'
tRp24
g6
(g8
S';C7\x0bf]\x91?'
tRp25
tp26
a(g6
(g8
S'\xa8\n\x90\xc8\x8b=s?'
tRp27
g6
(g8
S'\x9f<y\xccm\xcd\x9d?'
tRp28
tp29
a(g6
(g8
S'\x8ag\xc7\xb0*\x8do?'
tRp30
g6
(g8
S'\x13\xd0P\x0f\xe8O\x99?'
tRp31
tp32
a(g6
(g8
S'\xf6\xc9)\xc7\x0eT{?'
tRp33
g6
(g8
S'\x16DY<AW\xa3?'
tRp34
tp35
a(g6
(g8
S't\xc6 ny\nt?'
tRp36
g6
(g8
S'\xbe*\x00\xb4\xd2\x00\xa3?'
tRp37
tp38
a(g6
(g8
S'\xa7k\x89\x8a\xb0Ag?'
tRp39
g6
(g8
S'\xa6WY\x82\x8c\x83\xa1?'
tRp40
tp41
a(g6
(g8
S'\xc6\xe4#\x83d$b?'
tRp42
g6
(g8
S'\xb7\xc3q\xfd\x1b(\xa0?'
tRp43
tp44
a(g6
(g8
S'\xf8\xf1Br\xa2\x0fa?'
tRp45
g6
(g8
S'\xb9=\xd2h\xf9A\x9f?'
tRp46
tp47
a(g6
(g8
S'\xea\x98\x12\xcd\x0f\xb1]?'
tRp48
g6
(g8
S'\x96\xab\xaf\x08-\x1e\x97?'
tRp49
tp50
a(g6
(g8
S'\xfe\xd5\xe1\nS\x05h?'
tRp51
g6
(g8
S'\x1a\x11\x04\x01t\x85\x98?'
tRp52
tp53
a(g6
(g8
S"#y'a\xbf6h?"
tRp54
g6
(g8
S'\x13\x18\xe7k/\xe0\x93?'
tRp55
tp56
a(g6
(g8
S'\xf4\xc7\xc0\x89\xcaTg?'
tRp57
g6
(g8
S'(\x81\xb83\xb9{\x91?'
tRp58
tp59
a(g6
(g8
S'\x9d\xe1\xc9\xa9AEr?'
tRp60
g6
(g8
S'X\x9c\x81\xb4\x10\x11\x95?'
tRp61
tp62
a(g6
(g8
S'\xe4\x01t\xa6WG}?'
tRp63
g6
(g8
S'\x00\x0e\xb9<.\xd1\x9c?'
tRp64
tp65
a(g6
(g8
S'\x935@\x19&\xd8z?'
tRp66
g6
(g8
S'\xddR\x9a\x91~\xaf\x96?'
tRp67
tp68
a(g6
(g8
S'd\x86A$\x86~\x7f?'
tRp69
g6
(g8
S'\x90#\xe5\x03\xd6)\x9b?'
tRp70
tp71
a(g6
(g8
S'\xda\xf65`\xda\xcc~?'
tRp72
g6
(g8
S'\xb3\x91\xe0Uk\xa4\x9a?'
tRp73
tp74
a(g6
(g8
S'\x9e\xd5\x9e\x89R\xc6p?'
tRp75
g6
(g8
S'\r\xdd\xee\xb1\xcd\x8d\x9a?'
tRp76
tp77
a(g6
(g8
S'H\xfc^\xb7L\xb3u?'
tRp78
g6
(g8
S'\x17N\x10\xe9\xb1\x1d\x9e?'
tRp79
tp80
a(g6
(g8
S'\xfa\x93p\xf8\x01^|?'
tRp81
g6
(g8
S'=Yl\xb6\xc6\xdb\xa7?'
tRp82
tp83
a(g6
(g8
S'\xec\x882\xac\x19\x06r?'
tRp84
g6
(g8
S'\xf0\xa8\xe1\xe8l\xc6\xa7?'
tRp85
tp86
a(g6
(g8
S'Ny\xe5\rK\x9au?'
tRp87
g6
(g8
S'W`x\xb4\x1d\x05\xa1?'
tRp88
tp89
a(g6
(g8
S'\xec\n\xa1\xe0\xf5&m?'
tRp90
g6
(g8
S'\xa72\x85\xd2B\x05\xa3?'
tRp91
tp92
a(g6
(g8
S'\xfe\xc0\xe8\xdcj`o?'
tRp93
g6
(g8
S'\xf7w\xdd\x85\\\xd4\xa1?'
tRp94
tp95
a(g6
(g8
S'8\xbf\xc8o\xcf\x0cj?'
tRp96
g6
(g8
S'_\x8a\xc0|13\xa3?'
tRp97
tp98
a(g6
(g8
S'3\r\xa5\x03\x02\xe5m?'
tRp99
g6
(g8
S'!\xd14\x89\xd8\x9b\xa1?'
tRp100
tp101
a(g6
(g8
S'\xc0\xb1\xf0\xd3y\x05p?'
tRp102
g6
(g8
S'w@|\xda\x07^\x98?'
tRp103
tp104
a(g6
(g8
S'\xbc]\xe1\xff\xd5\x91k?'
tRp105
g6
(g8
S'\x7f\xac\xe0\x19\xb8\xed\x95?'
tRp106
tp107
a(g6
(g8
S'\xac\xe26\xbf\xe1\xf9`?'
tRp108
g6
(g8
S'\xc8.U"\xf20\x94?'
tRp109
tp110
a(g6
(g8
S'\xe0{K\x01\\4g?'
tRp111
g6
(g8
S'@0\xef\xb5\x1e<\x99?'
tRp112
tp113
a(g6
(g8
S'\x8cKA\x99\xce^`?'
tRp114
g6
(g8
S'\xc9\xb4}C\xf1\xeb\x9c?'
tRp115
tp116
a(g6
(g8
S'\x98\x90\x88\xc0\xd6\xe2m?'
tRp117
g6
(g8
S'\xe4}$\x82Q\xdd\x9c?'
tRp118
tp119
a(g6
(g8
S'd\xa4\xb8\xca\xe7\xf0q?'
tRp120
g6
(g8
S'\xa8\x03a\x00\x7f\xc1\x97?'
tRp121
tp122
a(g6
(g8
S'(\x07\xc5v)}^?'
tRp123
g6
(g8
S'\xf5r\x8d\xef\xe39\x94?'
tRp124
tp125
a(g6
(g8
S'f|g\xbeN\xa9f?'
tRp126
g6
(g8
S'W\x99\nf\xca\x99\x93?'
tRp127
tp128
a(g6
(g8
S'MH\xb2\x17\x99\xbaj?'
tRp129
g6
(g8
S'\xff\xe0\x818b\x98\x94?'
tRp130
tp131
a(g6
(g8
S'\x80\xb1Q\xe7\xd9\xb3@?'
tRp132
g6
(g8
S'\xb5\xbc\xa1\x94M\x8b\x92?'
tRp133
tp134
a(g6
(g8
S'2\r\xed\x9e\xbf,P?'
tRp135
g6
(g8
S'\xe4Z7\x96\xa6\xca\x98?'
tRp136
tp137
a(g6
(g8
S'2\xa0\x9b~f\xe6b?'
tRp138
g6
(g8
S'<U\xd6\xf6I~\x9a?'
tRp139
tp140
a(g6
(g8
S'\\\xb011\x0e;d?'
tRp141
g6
(g8
S'\xe7\xda\x8e\xf9\xebY\x9b?'
tRp142
tp143
a(g6
(g8
S'\x15\x94\x16\t\xd9fV?'
tRp144
g6
(g8
S'LQ+\xf1T}\x9d?'
tRp145
tp146
a(g6
(g8
S'\xb0Y;}\x91\xd9\x90?'
tRp147
g6
(g8
S'\x16`IR\xd8G\xaa?'
tRp148
tp149
a(g6
(g8
S'wm3\xa1\x96\xa6\xaa?'
tRp150
g6
(g8
S"\t%\x17\xac'.\xb5?"
tRp151
tp152
a(g6
(g8
S'\x0eQR`\x9fp\xb8?'
tRp153
g6
(g8
S'u:\xddl\x95\xcd\xbf?'
tRp154
tp155
a(g6
(g8
S'\xa0[As\x9ad\xb7?'
tRp156
g6
(g8
S'k\xcf\t]l\xac\xbe?'
tRp157
tp158
a(g6
(g8
S'+\x1b\x11\x81\x0f\x0f\xc0?'
tRp159
g6
(g8
S'\xa3A\x1c&\xad\xb2\xc3?'
tRp160
tp161
a(g6
(g8
S'\x9e\xd6A\xf2\xc7\x9f\xc5?'
tRp162
g6
(g8
S'\\o\x8b7\xc4\xfd\xc9?'
tRp163
tp164
a(g6
(g8
S'\xe1\x976\xc8\x9dC\xc6?'
tRp165
g6
(g8
S'\xa4J#p\xa5\xa3\xca?'
tRp166
tp167
a(g6
(g8
S'\xa1%\xd1g\xcd\x9e\xc5?'
tRp168
g6
(g8
S'\xe0\xb1\x0e[\xfd\xd9\xc9?'
tRp169
tp170
a(g6
(g8
S'\x11\x8ds\x1f\x06\xa1\xca?'
tRp171
g6
(g8
S'\xa6\x8e\xe4\x1aH`\xce?'
tRp172
tp173
a(g6
(g8
S'[\\l5R4\xc8?'
tRp174
g6
(g8
S'*&\xae\xbf\xceV\xcc?'
tRp175
tp176
a(g6
(g8
S'3\x1c\x0c\x19K\x8c\xc8?'
tRp177
g6
(g8
S'\xc3\xb9\x13\xb9E\xe8\xcb?'
tRp178
tp179
a(g6
(g8
S'\x15\x08\xc6\xe0>\x00\xc5?'
tRp180
g6
(g8
S'Q\x10\xbc\x87^\x13\xc9?'
tRp181
tp182
a(g6
(g8
S'Z\x96\x13\xe6\x8f\x83\xbe?'
tRp183
g6
(g8
S'Q\x0b\xe5\xe5\x7f\x0e\xc4?'
tRp184
tp185
a(g6
(g8
S'\xd6\x1ao\xbd\xea\x03\xbc?'
tRp186
g6
(g8
S'<\xe5\x8cF\xb9\x95\xc2?'
tRp187
tp188
a(g6
(g8
S'[t&\xf3\xb0\xb1\xb2?'
tRp189
g6
(g8
S'\x9fs~\xf4Mh\xbb?'
tRp190
tp191
a(g6
(g8
S'\x1e@\xb6\xc49\x8f\xa0?'
tRp192
g6
(g8
S'\x08\xf5\xff\x8d\t\xe8\xaf?'
tRp193
tp194
a(g6
(g8
S'\xe7\xc3\xa5A\xe4\x96\x9c?'
tRp195
g6
(g8
S'4\x1e*\xfcu\xf8\xae?'
tRp196
tp197
a(g6
(g8
S'\xf4\xd3\xf7U>\xf0\x97?'
tRp198
g6
(g8
S'\xaf_\xb0G\xd7\xd7\xad?'
tRp199
tp200
a(g6
(g8
S'd^b2\x85\xb9s?'
tRp201
g6
(g8
S'\x08\xae\xb1\x80wQ\xa5?'
tRp202
tp203
a(g6
(g8
S'\x1dm \xff\xdb\xe8\x7f?'
tRp204
g6
(g8
S'\xfe:s\xff\x18;\xa8?'
tRp205
tp206
a(g6
(g8
S'\xac\x91\xfbI\xca<{?'
tRp207
g6
(g8
S'd\n\x0b\xb0c~\xa6?'
tRp208
tp209
a(g6
(g8
S'Fk\x91\x83\xd3\xdc\x81?'
tRp210
g6
(g8
S'N\x90[\xcaw)\xa6?'
tRp211
tp212
a(g6
(g8
S'\x8b~\xed\xdc\x04\x96n?'
tRp213
g6
(g8
S'\xeeN\xa7\xc4\x80\xc9\xa5?'
tRp214
tp215
a(g6
(g8
S'\x17V\x98\xbf\xac_n?'
tRp216
g6
(g8
S'\x82\x0b\xdc\xd4B\xbe\xa7?'
tRp217
tp218
a(g6
(g8
S'(RdH\x00\x1ba?'
tRp219
g6
(g8
S'\xf2s\x80\x882\x9f\xa6?'
tRp220
tp221
a(g6
(g8
S'\x00h\x9fz\x81YV?'
tRp222
g6
(g8
S'\xa6\x1b\x95h\xff\x9b\xa8?'
tRp223
tp224
a(g6
(g8
S'FQ\xc3n\xda\x1ef?'
tRp225
g6
(g8
S'\x00\x90\xff\xc3\x15U\xab?'
tRp226
tp227
a(g6
(g8
S"'j\xf6\xa8Gaj?"
tRp228
g6
(g8
S'\xf7\\\xea\x1fq\xcf\xa8?'
tRp229
tp230
a(g6
(g8
S'\xfa\xaa\\O\xc3\xc3r?'
tRp231
g6
(g8
S'\x83=\x91\n\xaa\xd6\xa4?'
tRp232
tp233
a(g6
(g8
S'\xbd\xc5"P7\x17p?'
tRp234
g6
(g8
S'7\xb31\x13\xa7O\xa3?'
tRp235
tp236
a(g6
(g8
S'u\x82\xc3\xf9\xd3#p?'
tRp237
g6
(g8
S'\xfb\x8c\x9e,zu\xa0?'
tRp238
tp239
a(g6
(g8
S'0%\xb4\x1c\x8a({?'
tRp240
g6
(g8
S'_\xe8O.\xed\xee\x9d?'
tRp241
tp242
a(g6
(g8
S'\xb8\xbd\xbf\x0b\xfbnq?'
tRp243
g6
(g8
S'\xfa\xaa\xab\xaa\xc8\x94\x96?'
tRp244
tp245
a(g6
(g8
S'\xbb\xe2s\xb3\xc5\x84t?'
tRp246
g6
(g8
S'\xac\x0f\x03\xbb0=\x9c?'
tRp247
tp248
a(g6
(g8
S'\x98HMN\xc0\x0cs?'
tRp249
g6
(g8
S'\xa6\xa6\x8b#\xfd\x12\x98?'
tRp250
tp251
a(g6
(g8
S'!fWe;\x1b{?'
tRp252
g6
(g8
S'\xac:#\xd4\x91C\x9a?'
tRp253
tp254
a(g6
(g8
S'\x02>\xbd\xb2\x1fij?'
tRp255
g6
(g8
S'\xc7h\x82\xc9w:\x99?'
tRp256
tp257
a(g6
(g8
S'\xd4V\x0f\xbe\x86*X?'
tRp258
g6
(g8
S'\x16)n\x01y~\x96?'
tRp259
tp260
a(g6
(g8
S'\xaerB*\xc4\rp?'
tRp261
g6
(g8
S'\x02\xd0\xf6\xa72\xa4\x99?'
tRp262
tp263
a(g6
(g8
S'>\xea\x998\xf5zu?'
tRp264
g6
(g8
S'x\x95\xe3\xe3\x8e\x01\x9f?'
tRp265
tp266
a(g6
(g8
S'\xde\x15y\x91\xb6\xdex?'
tRp267
g6
(g8
S'\t+\x12\xa3\xc3e\x9f?'
tRp268
tp269
a(g6
(g8
S'R\x1b\xf6\xc4\xa2\xef\x85?'
tRp270
g6
(g8
S'\x1e7\xe1\xd5\xfej\xa3?'
tRp271
tp272
a(g6
(g8
S'bY\xc8\x05BG\x8d?'
tRp273
g6
(g8
S'\xd0G\xf9\xad\xd3\xf4\xa5?'
tRp274
tp275
a(g6
(g8
S'\xc6\xaaE\xcb\x07\xc5\x86?'
tRp276
g6
(g8
S'3\xcc\xf6\xfdB[\xa7?'
tRp277
tp278
a(g6
(g8
S'Bv\xfa&\xc5\xc8\x85?'
tRp279
g6
(g8
S'\x85\xd7\xa8W\x068\xaa?'
tRp280
tp281
a(g6
(g8
S'x\xd7\x8d\x90\xb9\xa7\x87?'
tRp282
g6
(g8
S'\xe7S!\xb3\x98\x80\xa5?'
tRp283
tp284
a(g6
(g8
S'\x12\xe7F\x1f\x98\xbc\x7f?'
tRp285
g6
(g8
S'\xecaf0\xe6\xea\xa4?'
tRp286
tp287
a(g6
(g8
S'F\xef\xf1\xc9\x8aP|?'
tRp288
g6
(g8
S'Q\x18\xde\x17A9\xa5?'
tRp289
tp290
a(g6
(g8
S',j\xb8\xfd\xab\xa2\x7f?'
tRp291
g6
(g8
S'\xc6\xb8\x07\xca[=\xa7?'
tRp292
tp293
a(g6
(g8
S'\xd5^\x87\xaeN\xb4\x83?'
tRp294
g6
(g8
S'\xc2M\xd3\x85\xa8\x83\xa7?'
tRp295
tp296
a(g6
(g8
S"\x17'\xa8W\xcd\xfc\x82?"
tRp297
g6
(g8
S'\xc3\x92i\xbc\xa3\x11\xa4?'
tRp298
tp299
a(g6
(g8
S'*S\x0b\x93\xe0\xdc~?'
tRp300
g6
(g8
S'\x85\xa2\x8f>\xba\xd4\xa4?'
tRp301
tp302
a(g6
(g8
S'\xa5\x19\\e}6}?'
tRp303
g6
(g8
S'\xc7\xd8O7\xe7w\xa7?'
tRp304
tp305
a(g6
(g8
S'\xa8a\xc5\x03\xe1\x97\x7f?'
tRp306
g6
(g8
S'\xf2\xb5\n\xd6_\x02\xa6?'
tRp307
tp308
a(g6
(g8
S'Y\xd9g{\xd4\xb0z?'
tRp309
g6
(g8
S'\xd0UH\xd1n\xf4\xa4?'
tRp310
tp311
a(g6
(g8
S'kX\xb4\xd6\x9fU\x80?'
tRp312
g6
(g8
S'\xcc\xdc\x08i\x1af\xa6?'
tRp313
tp314
a(g6
(g8
S'\xd2\xe5\x04P\xaa\x18\x80?'
tRp315
g6
(g8
S'U\x0c]\x8aa\xe8\xa4?'
tRp316
tp317
a(g6
(g8
S'Jyw\x8b\xc9\x99w?'
tRp318
g6
(g8
S'\x01\xcbn\xceE\x0b\xa2?'
tRp319
tp320
a(g6
(g8
S'\xb2\x968k2\x8c}?'
tRp321
g6
(g8
S'\xc7\x9b\xb4\xe1-\xf0\xa2?'
tRp322
tp323
a(g6
(g8
S'\x0ct\x0f\x9b3ip?'
tRp324
g6
(g8
S'\xb4\x90\x801.\x1f\xa2?'
tRp325
tp326
a(g6
(g8
S'\xcb\xe0\xc5\x1bb\xa0m?'
tRp327
g6
(g8
S'\xe7\x18\xd5\xb45&\x9a?'
tRp328
tp329
a(g6
(g8
S'\xf6\x12\x8b\xbc\xd7yh?'
tRp330
g6
(g8
S'\x81\x80\xee\xb3B{\x9e?'
tRp331
tp332
a(g6
(g8
S'|P\x9e\x89L\xbdf?'
tRp333
g6
(g8
S'\x98\x1d&|`\xad\x9a?'
tRp334
tp335
a(g6
(g8
S'\x9a*\x932\xd7\xaaa?'
tRp336
g6
(g8
S'\xd2\x08&Ji\xe1\x9c?'
tRp337
tp338
a(g6
(g8
S'\x9f{r\x0b\x1dUa?'
tRp339
g6
(g8
S'S\xd2\x01y\x0bW\xa0?'
tRp340
tp341
a(g6
(g8
S'L\x1f\x9e\xba#\xddi?'
tRp342
g6
(g8
S'\x07\xfe\x9c\xde\xa5\xbd\xa5?'
tRp343
tp344
a(g6
(g8
S'\xcc\x89/X\xdb\x8du?'
tRp345
g6
(g8
S'\xe8%\x04\x18\x90p\xa5?'
tRp346
tp347
a(g6
(g8
S'TH\xdcP }v?'
tRp348
g6
(g8
S'\x92\x14\xf7m\xa8D\xa7?'
tRp349
tp350
a(g6
(g8
S',\x061\xf9\xe0 m?'
tRp351
g6
(g8
S'\xde(\xa0\xc3\xecx\xa9?'
tRp352
tp353
a(g6
(g8
S'\x84s\x9ez\x92zr?'
tRp354
g6
(g8
S'\xfb-IT.\x07\xa8?'
tRp355
tp356
a(g6
(g8
S'\xa8\xeaB7\x85\x01~?'
tRp357
g6
(g8
S'\xcb\x12\xa5\x82\r\xba\xa7?'
tRp358
tp359
a(g6
(g8
S'|\xe2\x84\x05\xb4>w?'
tRp360
g6
(g8
S'\x1c\xe1\xdcu\xe5V\xa2?'
tRp361
tp362
a(g6
(g8
S'\xf8\x9b\xff$+\xd7y?'
tRp363
g6
(g8
S'\xf4\x8a\xeduB\r\xa3?'
tRp364
tp365
a(g6
(g8
S'\xbcs\xf2{\xb5\xb0}?'
tRp366
g6
(g8
S'c$i\xfa\xa5\x86\xa1?'
tRp367
tp368
a(g6
(g8
S'\x12\xcbm\x91\x9f\x0e~?'
tRp369
g6
(g8
S'\x01\xa1\xe1\xa3\xe8\xa8\xa3?'
tRp370
tp371
a(g6
(g8
S'P\xf5\xef\xa7\xbc>z?'
tRp372
g6
(g8
S'HhR\xda`\xdc\xa2?'
tRp373
tp374
a(g6
(g8
S'\xc8Ys\xfd^\xc9\x84?'
tRp375
g6
(g8
S'\x7f\xc6\x8c0d\xc4\xa3?'
tRp376
tp377
a(g6
(g8
S'\x1d\xd7/\xc8\xbfD\x83?'
tRp378
g6
(g8
S'\xd8N.\xc2\x92\x1d\xa4?'
tRp379
tp380
a(g6
(g8
S'\x0e\x8d\xc7\x8d\x93\xf1{?'
tRp381
g6
(g8
S'F\xa5\xbbi\xcec\xa1?'
tRp382
tp383
a(g6
(g8
S'\xd4\xb9:\x06\x0e\x8fw?'
tRp384
g6
(g8
S'\xc5\x96L\xdd\xdc\xf8\xa1?'
tRp385
tp386
a(g6
(g8
S'\xf4Hz\xc6\xc2\x1bu?'
tRp387
g6
(g8
S'D\xb4:\x03\x1a$\xa1?'
tRp388
tp389
a(g6
(g8
S'\xa6\x90jp\x89\x8cf?'
tRp390
g6
(g8
S'\x1apK\x07\x92*\x9c?'
tRp391
tp392
a(g6
(g8
S'\xbc\x8f\x18oO\rh?'
tRp393
g6
(g8
S'\xb8\x95\x80\x8e\xd2f\x98?'
tRp394
tp395
a(g6
(g8
S't\xb22\x7f\x14ma?'
tRp396
g6
(g8
S'\xa6\xea\xf8S\x98\x9c\x97?'
tRp397
tp398
a(g6
(g8
S'l\xb4J\xed\xd8\xbfW?'
tRp399
g6
(g8
S'g\x16siu\xb1\x98?'
tRp400
tp401
a(g6
(g8
S't3\xd6\x0e\xe0mD?'
tRp402
g6
(g8
S'\x91E\x06T:\x8c\x9b?'
tRp403
tp404
a(g6
(g8
S'h\xb8\xfdO\xde\x9f`?'
tRp405
g6
(g8
S'aeK\xd0.\xd5\x99?'
tRp406
tp407
a(g6
(g8
S'p\x12\xd1#3\x96Q?'
tRp408
g6
(g8
S'\x0f&\xa5\x16\xa3A\x9f?'
tRp409
tp410
a(g6
(g8
S'`\xaf\xdb\xaa\x9e\xe7e?'
tRp411
g6
(g8
S'\xbd4\x95\x18c\x06\x9f?'
tRp412
tp413
asS'winT'
p414
(lp415
I100
aI120
aI140
aI160
aI180
aI200
aI220
aI240
aI260
aI280
aI300
aI320
aI340
aI360
aI380
aI400
aI420
aI440
aI460
aI480
aI500
aI520
aI540
aI560
aI580
aI600
aI620
aI640
aI660
aI680
aI700
aI720
aI740
aI760
aI780
aI800
aI820
aI840
aI860
aI880
aI900
aI920
aI940
aI960
aI980
aI1000
aI1020
aI1040
aI1060
aI1080
aI1100
aI1120
aI1140
aI1160
aI1180
aI1200
aI1220
aI1240
aI1260
aI1280
aI1300
aI1320
aI1340
aI1360
aI1380
aI1400
aI1420
aI1440
aI1460
aI1480
aI1500
aI1520
aI1540
aI1560
aI1580
aI1600
aI1620
aI1640
aI1660
aI1680
aI1700
aI1720
aI1740
aI1760
aI1780
aI1800
aI1820
aI1840
aI1860
aI1880
aI1900
aI1920
aI1940
aI1960
aI1980
aI2000
aI2020
aI2040
aI2060
aI2080
aI2100
aI2120
aI2140
aI2160
aI2180
aI2200
aI2220
aI2240
aI2260
aI2280
aI2300
aI2320
aI2340
aI2360
aI2380
aI2400
aI2420
aI2440
aI2460
aI2480
aI2500
aI2520
aI2540
aI2560
aI2580
aI2600
aI2620
aI2640
aI2660
aI2680
aI2700
aI2720
aI2740
aI2760
aI2780
ass(F0.69999999999999996
F0.29999999999999999
tp416
(dp417
g4
(lp418
(g6
(g8
S':\x16\\\xef 8w?'
tRp419
g6
(g8
S'\xd0\xe8\x02\x1e\x14B\xa2?'
tRp420
tp421
a(g6
(g8
S' 7\x0e5\x80\xf8p?'
tRp422
g6
(g8
S'R\xab\x8dk\x08\xc6\xa0?'
tRp423
tp424
a(g6
(g8
S'X9\tIV:X?'
tRp425
g6
(g8
S':\xe6\xa9o\xcc\x0c\x9f?'
tRp426
tp427
a(g6
(g8
S"\x81\xb6'\x9c@\x96p?"
tRp428
g6
(g8
S'\xde\xffD\x0fQ\xba\x9e?'
tRp429
tp430
a(g6
(g8
S"\x88\xf2\xbdl'\xb0y?"
tRp431
g6
(g8
S'8\xb9\xa7|M\x05\xa1?'
tRp432
tp433
a(g6
(g8
S'6N\xf2\xaeX\x8cp?'
tRp434
g6
(g8
S'/\x1e8\xdc&\x00\x9b?'
tRp435
tp436
a(g6
(g8
S'\x10\x1d\xd3\xc9\x84X_?'
tRp437
g6
(g8
S'\t\x10\x9b\xf1X\xed\x9c?'
tRp438
tp439
a(g6
(g8
S'@\xc5\x037\xbaUI?'
tRp440
g6
(g8
S'\x8a\x83\xcc\r\x1d\xea\x96?'
tRp441
tp442
a(g6
(g8
S' B2\nX\x16V?'
tRp443
g6
(g8
S'\x97A{s@<\x99?'
tRp444
tp445
a(g6
(g8
S'@\xc0E\xc3;cA?'
tRp446
g6
(g8
S'm\xe4\xf0\xc6i6\x94?'
tRp447
tp448
a(g6
(g8
S'h\x06{\x851f`?'
tRp449
g6
(g8
S'\xe7\x1b\xe0iA\xdf\x96?'
tRp450
tp451
a(g6
(g8
S'\xa0\xb1\xc4z\xafR]?'
tRp452
g6
(g8
S'`\xc0\x01\xca\x93\x0f\x97?'
tRp453
tp454
a(g6
(g8
S'`\xc8\xa7\xe2\x0e\xcc_?'
tRp455
g6
(g8
S'/\xe4\xd6\xae\x8bI\x91?'
tRp456
tp457
a(g6
(g8
S'H$9\x05\xe4\x9ae?'
tRp458
g6
(g8
S'\x8d\xd9\x0b\xa9\xf8\xfd\x8f?'
tRp459
tp460
a(g6
(g8
S'\xa0/9\xd2\xd6\x16W?'
tRp461
g6
(g8
S'\x86[\xc4\xc3!\xd8\x8c?'
tRp462
tp463
a(g6
(g8
S'P\xafOD\xf4\xb9S?'
tRp464
g6
(g8
S'\xe4t+\xd6\xf9\xfa\x8e?'
tRp465
tp466
a(g6
(g8
S'@kP:]\xfeN?'
tRp467
g6
(g8
S'\xa6\x1d\x01\x88\xa3=\x8a?'
tRp468
tp469
a(g6
(g8
S'\x94\\\x95\xe9\xcf\x94X?'
tRp470
g6
(g8
S'\xd4#\xc2\xf2m\xd0\x86?'
tRp471
tp472
a(g6
(g8
S'\xf04\x84\xcd\xe1<Z?'
tRp473
g6
(g8
S'\x02\xe7\xa1}\x11\xd9\x90?'
tRp474
tp475
a(g6
(g8
S'0u\xd2\xb1\xf9\xcaV?'
tRp476
g6
(g8
S'7l?\xd7\xf4M\x8d?'
tRp477
tp478
a(g6
(g8
S'\xd0\xf3\xea\x02\xa2&F?'
tRp479
g6
(g8
S'\xff<\xdc;\x83|\x8f?'
tRp480
tp481
a(g6
(g8
S'\x08\xe7\xfb\xaes\xf5O?'
tRp482
g6
(g8
S'R\xa8v\x9b\xf6\x90\x91?'
tRp483
tp484
a(g6
(g8
S'\xfcre\xf1T\x7fb?'
tRp485
g6
(g8
S'k\xe9rf\xd4\xd2\x95?'
tRp486
tp487
a(g6
(g8
S'xwm\xc3\xfc\xb6p?'
tRp488
g6
(g8
S'\x18\x917!\xc6|\x9a?'
tRp489
tp490
a(g6
(g8
S'\x1c\xab\x05-\xd7k`?'
tRp491
g6
(g8
S'\xc6\xd4-\x14\xaa0\x9e?'
tRp492
tp493
a(g6
(g8
S'L\x8ay\xb6&\x99q?'
tRp494
g6
(g8
S'\xf8m\xdf\xcd\x0c\xe9\x9d?'
tRp495
tp496
a(g6
(g8
S'\xf8\x8a\x13\xb8\x1dsx?'
tRp497
g6
(g8
S'\xa1Fl\x86\xd9\x1f\xa0?'
tRp498
tp499
a(g6
(g8
S'\xaa\xc1\xd0\x10\xad\xa2p?'
tRp500
g6
(g8
S'|^\xb7\xea\xd3I\x9d?'
tRp501
tp502
a(g6
(g8
S'f\x811\x1e\xa6it?'
tRp503
g6
(g8
S'eX1 N\x1a\x9d?'
tRp504
tp505
a(g6
(g8
S'\xea\xf4\xab*\x05\x17{?'
tRp506
g6
(g8
S'xC\x05\xfe\xbf\x99\x9b?'
tRp507
tp508
a(g6
(g8
S'\xf0\xcd\xc4\xcf\x1f\xc3v?'
tRp509
g6
(g8
S'\x8d\xe2u\xed&:\x9d?'
tRp510
tp511
a(g6
(g8
S'\xd8F\t\r\x84\xf6\x7f?'
tRp512
g6
(g8
S'\x96j\xa7I\xcb\xdb\xa1?'
tRp513
tp514
a(g6
(g8
S'X;\xc26f\xbfq?'
tRp515
g6
(g8
S'\xe2\xd6\xa7\xd7\xdd\x8c\xa0?'
tRp516
tp517
a(g6
(g8
S'h;\xd2\xf7\xe8\x10i?'
tRp518
g6
(g8
S'C\xc5u\x9dv\xbb\x98?'
tRp519
tp520
a(g6
(g8
S'$\x8b\x0c\x8e\xb3\xa5e?'
tRp521
g6
(g8
S'\xe4\xfc\xcaR\xfe\xed\x9b?'
tRp522
tp523
a(g6
(g8
S'\xd8\x16\x98\xe2\x91Oi?'
tRp524
g6
(g8
S'P\xe6\x0e\xd0Ce\xa1?'
tRp525
tp526
a(g6
(g8
S'i2\x15a\xf0Rh?'
tRp527
g6
(g8
S'[\xae\xa2\xa64\x9c\xa1?'
tRp528
tp529
a(g6
(g8
S'\xb8l\xc1\xe6.\x87p?'
tRp530
g6
(g8
S'\r@\xa6K\xa9A\xa0?'
tRp531
tp532
a(g6
(g8
S'\xec\x17\xa7@\x12\x89q?'
tRp533
g6
(g8
S'Y\xeea\xec\x8e\xed\xa1?'
tRp534
tp535
a(g6
(g8
S'f-\x9d-\x1a8x?'
tRp536
g6
(g8
S'\x93\x18\x99\xe4=\x00\xa5?'
tRp537
tp538
a(g6
(g8
S'\x7f\x81\x07\x10\n\x08j?'
tRp539
g6
(g8
S'me\x10\xf3\xa07\xa2?'
tRp540
tp541
a(g6
(g8
S'|o"\xe4\x02\xc0x?'
tRp542
g6
(g8
S'\xce%r\x9d\xa1\x0b\xa7?'
tRp543
tp544
a(g6
(g8
S'\xcc\xa2nU\xd6\x94x?'
tRp545
g6
(g8
S'\xe6\xb0\xcb\x01(\xaa\xa9?'
tRp546
tp547
a(g6
(g8
S'\xfe\x18n\xf7\x0f\x95\x80?'
tRp548
g6
(g8
S'\x9e+\xdb\r\xa9\xd4\xa7?'
tRp549
tp550
a(g6
(g8
S'\x10GOd25}?'
tRp551
g6
(g8
S'\x14\xc1"\xb8\xdf\xec\xa8?'
tRp552
tp553
a(g6
(g8
S'\xac\x8c\xd3X\xe5\xa6a?'
tRp554
g6
(g8
S'\xd8\xd7\\X\x8a\xbc\xa3?'
tRp555
tp556
a(g6
(g8
S'\xd8\x87\x11k\xe15r?'
tRp557
g6
(g8
S'\xf0\xf4o\x94\x0c\x12\xa6?'
tRp558
tp559
a(g6
(g8
S'\xc8[=\xc3\xaeX\x9e?'
tRp560
g6
(g8
S'\xc2H\x10\xc4\xb1\xe8\xb2?'
tRp561
tp562
a(g6
(g8
S'\x90^,\xf0\xadb\xa0?'
tRp563
g6
(g8
S'\xfc\xf6:\x8a\x97\xf6\xb2?'
tRp564
tp565
a(g6
(g8
S'\xfax\xda8\xe6\xf5\xad?'
tRp566
g6
(g8
S'\xa5\xc9f\xd7c[\xb9?'
tRp567
tp568
a(g6
(g8
S'\xfc\xef\xf4\x9a\xe2=\xb2?'
tRp569
g6
(g8
S'\x80z \xe1\xed4\xbc?'
tRp570
tp571
a(g6
(g8
S'H\xad\xe0\x81\xa9k\xb2?'
tRp572
g6
(g8
S'\x9d\x8d\x95a\xb5Y\xbb?'
tRp573
tp574
a(g6
(g8
S'\x92)\xed\x8c{\x96\xb9?'
tRp575
g6
(g8
S'\x974E\n\xeaG\xc0?'
tRp576
tp577
a(g6
(g8
S'\xc8\x8fR)@/\xc1?'
tRp578
g6
(g8
S'\xa4\xae\xa6\xcd\xefP\xc5?'
tRp579
tp580
a(g6
(g8
S'\xd3\x88\x03\xb5\xa2\xba\xc3?'
tRp581
g6
(g8
S'\xb0\x08\xd7Y\xbdF\xc8?'
tRp582
tp583
a(g6
(g8
S'\x90y\x9aD\x1at\xc7?'
tRp584
g6
(g8
S'\xb4V\xc4\xc9\x1b\xc6\xcb?'
tRp585
tp586
a(g6
(g8
S'\xd5Oc\x9c\xf9\x93\xc5?'
tRp587
g6
(g8
S'x^\xc98\x0fs\xc9?'
tRp588
tp589
a(g6
(g8
S'\x07e\xac\xd3\x1f\xa0\xc1?'
tRp590
g6
(g8
S'\xea\x13\x1e\xf8\x16/\xc5?'
tRp591
tp592
a(g6
(g8
S'\xc5\xd6\x13&.\x01\xc1?'
tRp593
g6
(g8
S'\xc4\xa6\x91\xc01$\xc4?'
tRp594
tp595
a(g6
(g8
S'\xcc\x8d\x89\xf3 \xb8\xb9?'
tRp596
g6
(g8
S'm\x92=<\xadS\xbf?'
tRp597
tp598
a(g6
(g8
S'k\x86F\xd3\x1f\xa9\xb5?'
tRp599
g6
(g8
S'^\xe6vP\xecY\xba?'
tRp600
tp601
a(g6
(g8
S'\x97\xb4\n\xdd\xce\xe8\xb5?'
tRp602
g6
(g8
S'RT>[\x81\x07\xbc?'
tRp603
tp604
a(g6
(g8
S'\xae\x95\xa8|\xb9\t\xaf?'
tRp605
g6
(g8
S"\x02\x08\xd6Q\x95'\xb6?"
tRp606
tp607
a(g6
(g8
S'\x12\xd6KX_\x95\xa0?'
tRp608
g6
(g8
S'F5\xdc\xf6\x95\x05\xad?'
tRp609
tp610
a(g6
(g8
S'u>s\xf5\x0f\xca\x88?'
tRp611
g6
(g8
S'j\x82=\xaf\x1f\xc2\xa3?'
tRp612
tp613
a(g6
(g8
S'\xf4\x83\xe87\x8f\x80r?'
tRp614
g6
(g8
S'\xdb \x14fz\x8c\xa2?'
tRp615
tp616
a(g6
(g8
S't\xba$\xbe4\xe2|?'
tRp617
g6
(g8
S'\xf0\x82\x8e\xe9p\x81\xa5?'
tRp618
tp619
a(g6
(g8
S'\xce\x92\x9c\xc3\x8e0z?'
tRp620
g6
(g8
S'Q^k\x13\x8ay\xa6?'
tRp621
tp622
a(g6
(g8
S'n3\xf2\xfa\x81\x9a}?'
tRp623
g6
(g8
S' \x96\x1f\xbcWO\xac?'
tRp624
tp625
a(g6
(g8
S'\xde\x12[\xf0\x92>s?'
tRp626
g6
(g8
S'\xc0\xa6\xe1\x02wp\xab?'
tRp627
tp628
a(g6
(g8
S'D\xa8\xf3\xed\x0e\xc2u?'
tRp629
g6
(g8
S'Jc\xdfN\xc8\x87\xab?'
tRp630
tp631
a(g6
(g8
S'\x80\x18\xdc\x8f2@q?'
tRp632
g6
(g8
S'm\xf1 \xde\x92\xbc\xac?'
tRp633
tp634
a(g6
(g8
S'`[\x82\xf0!\xa9i?'
tRp635
g6
(g8
S'\xa8\xe1$\xce\xa8\x16\xa7?'
tRp636
tp637
a(g6
(g8
S'0Q\xc7\xca\xa6xV?'
tRp638
g6
(g8
S'jX\xc1\xd2\xb8\xdf\xa3?'
tRp639
tp640
a(g6
(g8
S'H|.\xe8\xdd\xb5a?'
tRp641
g6
(g8
S'3L&g\xbe.\xa7?'
tRp642
tp643
a(g6
(g8
S't>\xf4\xf3\x0f7c?'
tRp644
g6
(g8
S'\xce\x05\xb8=\x05Y\xa8?'
tRp645
tp646
a(g6
(g8
S'(\xf6\xe9\x9e.\x10e?'
tRp647
g6
(g8
S'+3C\x07\xff)\xa4?'
tRp648
tp649
a(g6
(g8
S'\xb4\xea\x8e\x99\xe9\x1fs?'
tRp650
g6
(g8
S'\xab}\\\x1c\xe4\xe0\xa1?'
tRp651
tp652
a(g6
(g8
S'\xac\x92u\x02\xf04{?'
tRp653
g6
(g8
S'\xe0C\xa44\x9e\xa4\xa1?'
tRp654
tp655
a(g6
(g8
S'\x807\xbd\xee\xbf\xeeq?'
tRp656
g6
(g8
S'e\x1eP\x97J\x1a\xa0?'
tRp657
tp658
a(g6
(g8
S'\xd4x@\xf3\x0cjd?'
tRp659
g6
(g8
S'\xd5\xd02t\xaaz\x99?'
tRp660
tp661
a(g6
(g8
S'x\xced\x13\xd8\xc1k?'
tRp662
g6
(g8
S'\xa4\xb5^A\x10>\x9f?'
tRp663
tp664
a(g6
(g8
S'\xe8U6\xfdd\x86b?'
tRp665
g6
(g8
S'\xcb\x96\xa3\xe1*P\x9c?'
tRp666
tp667
a(g6
(g8
S',\xbcm_\xef4w?'
tRp668
g6
(g8
S'\xf7\xe4\xf4\xe9\xb4\xc8\x9b?'
tRp669
tp670
a(g6
(g8
S'\x98\xe5\xf6\xef\x91\x98n?'
tRp671
g6
(g8
S'T\x9c\xb2\x9a\x93\x94\x99?'
tRp672
tp673
a(g6
(g8
S'\xc0e?\x855\xc3g?'
tRp674
g6
(g8
S'\xdf\x13]\x16e\xee\x96?'
tRp675
tp676
a(g6
(g8
S' j\x05\x12ag|?'
tRp677
g6
(g8
S'\xda\xb9}._\xbd\x98?'
tRp678
tp679
a(g6
(g8
S' \xa3\xc5\xbd\x14\x95e?'
tRp680
g6
(g8
S'#\xfd\x16\xe1\xf9\xb8\x96?'
tRp681
tp682
a(g6
(g8
S'\xf0i\xf2:w8V?'
tRp683
g6
(g8
S'\x02X\x95\x06y\xb7\x95?'
tRp684
tp685
a(g6
(g8
S'8\xaf\xdcz\xfd2f?'
tRp686
g6
(g8
S'\x08\xf4\xe7\xf2\xa4>\x98?'
tRp687
tp688
a(g6
(g8
S'dL\xd7^\xe1!`?'
tRp689
g6
(g8
S'\xcf\x93\x04\xa0\xb3\x1a\x96?'
tRp690
tp691
a(g6
(g8
S'\x98\xe8MC\xa4\xff]?'
tRp692
g6
(g8
S';2\xdcV\xd5\xb5\x98?'
tRp693
tp694
a(g6
(g8
S'\x88\x08\xe7\x90f\xc2j?'
tRp695
g6
(g8
S'\xd2\xa6\xa7\x86\xd8\xbb\x99?'
tRp696
tp697
a(g6
(g8
S'\xbe^\xf7\x01\xe8\xd0x?'
tRp698
g6
(g8
S'L\xb0\xf3\x10\\f\x9d?'
tRp699
tp700
a(g6
(g8
S'l\xff\x02\x0e\xe1\xf8~?'
tRp701
g6
(g8
S'&}\x19Y\xd1\xff\xa0?'
tRp702
tp703
a(g6
(g8
S'N\x83h\xbb\x8c\xd8z?'
tRp704
g6
(g8
S'\xc2\xa2\xb8\x99E\x89\x9b?'
tRp705
tp706
a(g6
(g8
S'\x10\xbc(\xa0\xb5\xe9\x88?'
tRp707
g6
(g8
S'u;\xbc\xc5\x1a\x95\xa1?'
tRp708
tp709
a(g6
(g8
S'\x83p\xc3,I)\x80?'
tRp710
g6
(g8
S'\xcf\x9cK:\xdb\xfe\x99?'
tRp711
tp712
a(g6
(g8
S'F\xd6\x11\x8e\x03\xbd\x8c?'
tRp713
g6
(g8
S'|J=\xd0\x81\x97\xa4?'
tRp714
tp715
a(g6
(g8
S'\x94\xd7\xe7@\xb8,\x8c?'
tRp716
g6
(g8
S'=\x07N?&\xdc\xa3?'
tRp717
tp718
a(g6
(g8
S'\xf2@\x11o\xb9m\x87?'
tRp719
g6
(g8
S'\xb1\x1f\x98\xe4\x0bG\xa7?'
tRp720
tp721
a(g6
(g8
S'\x82\xaf\x11\\\xcd\xa4\x88?'
tRp722
g6
(g8
S'^\x1fA\xb0\xf8\xa8\xa6?'
tRp723
tp724
a(g6
(g8
S'\xa40\xc0\x90\x1b.\x7f?'
tRp725
g6
(g8
S'?\xd2\xb0Wf\xf4\xa7?'
tRp726
tp727
a(g6
(g8
S'V.\xa57\x0b\x95v?'
tRp728
g6
(g8
S'\x9f*\xb5\xcf\xa0\x92\xa7?'
tRp729
tp730
a(g6
(g8
S'\xad\x13\xb6=\xfa\xacq?'
tRp731
g6
(g8
S'\xa0\xa5\xac\r\xcd7\xa8?'
tRp732
tp733
a(g6
(g8
S'\x98\xeaI\xf7,\xd7j?'
tRp734
g6
(g8
S'z\xa3\xc74\x05s\xa8?'
tRp735
tp736
a(g6
(g8
S'0Z\xf1\x8d[$[?'
tRp737
g6
(g8
S'S\x17H\xcbHZ\xa6?'
tRp738
tp739
a(g6
(g8
S'\x9c\xc2\x9a\x86\x9e\xc2f?'
tRp740
g6
(g8
S'|\xa3*b\xdd[\xa7?'
tRp741
tp742
a(g6
(g8
S'V8:\x12d\\[?'
tRp743
g6
(g8
S'ZR\xcc\xb4\x8c\x08\xa5?'
tRp744
tp745
a(g6
(g8
S'j1q\xa1z\xc5f?'
tRp746
g6
(g8
S'\x18\xe9\x9d\xf5\x08\x1a\xa8?'
tRp747
tp748
a(g6
(g8
S'\xd3\xd9\xd2|\xa6kp?'
tRp749
g6
(g8
S'K;@\x0b8\xa9\xa4?'
tRp750
tp751
a(g6
(g8
S'\x1e\xd8\xb4)s\xf7f?'
tRp752
g6
(g8
S'\xb7\xe0\xe3s\x8c\xfc\xa3?'
tRp753
tp754
a(g6
(g8
S'\x8c\r\x03\xf0\x997l?'
tRp755
g6
(g8
S'D}\x92\xfb\xe5(\xa2?'
tRp756
tp757
a(g6
(g8
S'\xe8\x19W\xa4\xe8\x9cc?'
tRp758
g6
(g8
S'k)\x8c\x8c\x04\xd6\xa3?'
tRp759
tp760
a(g6
(g8
S'\xf0\x82K\x0eBAf?'
tRp761
g6
(g8
S'\xdc5\xd5\xa4\x0f\xac\xa4?'
tRp762
tp763
a(g6
(g8
S'\n\xba\xa8W\x18\x95y?'
tRp764
g6
(g8
S'\xdec\xb2\x8e\xf0w\xa5?'
tRp765
tp766
a(g6
(g8
S'\x7f\x16\xc2\xb9\xc1i\x81?'
tRp767
g6
(g8
S',T\xde\xbdG\xfc\xa1?'
tRp768
tp769
a(g6
(g8
S'\xb29\xff\xbbv\xbc\x7f?'
tRp770
g6
(g8
S':\x13:\xff\xa1\xae\xa2?'
tRp771
tp772
a(g6
(g8
S't&\x84\x05\x94V\x7f?'
tRp773
g6
(g8
S'\xecD\xbd\xa3\x14\x1d\x9d?'
tRp774
tp775
a(g6
(g8
S'/\x94\x80\xadg\xfd\x81?'
tRp776
g6
(g8
S'\x00\xd2\xc9nx-\xa1?'
tRp777
tp778
a(g6
(g8
S'\x17\xa7;|\xe3\xca\x87?'
tRp779
g6
(g8
S'\nu\x94G\xecc\xa4?'
tRp780
tp781
a(g6
(g8
S'\x0e8D\xdd\xebH\x86?'
tRp782
g6
(g8
S'\xdb4g\xd3\n\\\xa3?'
tRp783
tp784
a(g6
(g8
S'@\x92\x0bP\x93z\x88?'
tRp785
g6
(g8
S'u7\x97WJ\r\xa6?'
tRp786
tp787
a(g6
(g8
S"T\xeb'\x82\x07\x92\x85?"
tRp788
g6
(g8
S"\xb5'|U#\x1a\xa3?"
tRp789
tp790
a(g6
(g8
S'\x03\xe9\xad}\x9e/\x8f?'
tRp791
g6
(g8
S'\xc5\xde\n8T|\xa6?'
tRp792
tp793
a(g6
(g8
S'\xb2\xae\xc0\xd2\x1b?\x87?'
tRp794
g6
(g8
S'\xd8\x99\x0b*\xee\xfc\xa2?'
tRp795
tp796
a(g6
(g8
S'\x08\x11\xdd\xfcq\xd4\x81?'
tRp797
g6
(g8
S'\xf7]\xc1\xae)\xfd\x99?'
tRp798
tp799
a(g6
(g8
S'\xeajn\x95\x9e\xdfy?'
tRp800
g6
(g8
S'M\xd8G\xa7\x1e-\x95?'
tRp801
tp802
a(g6
(g8
S'o\x93\xb7\x9dy\xe7r?'
tRp803
g6
(g8
S'\xc7V\x1e\xb5tB\x95?'
tRp804
tp805
a(g6
(g8
S'J\xec\xd0\x9d\xc2\x80j?'
tRp806
g6
(g8
S'\\\xd3e\x1f\xd3\x94\x91?'
tRp807
tp808
a(g6
(g8
S"$\xa3\xf3\x80-'g?"
tRp809
g6
(g8
S'\xa6v\xea&S\xf7\x93?'
tRp810
tp811
a(g6
(g8
S'\x0eFE\x8b\x0c\xb9V?'
tRp812
g6
(g8
S'\xf3.\xb8X\x9a\xd5\x88?'
tRp813
tp814
a(g6
(g8
S'\xab\xb32G\x0c\xd5Z?'
tRp815
g6
(g8
S'K\xbep\xf8\x913\x91?'
tRp816
tp817
a(g6
(g8
S'\xd0"\x8d\xa2\xaaSK?'
tRp818
g6
(g8
S'z\xc72\xeb.{\x9e?'
tRp819
tp820
a(g6
(g8
S'\xf8\x88\x80\xbe\xa3uQ?'
tRp821
g6
(g8
S'0v!\xcf\x17\xbd\x98?'
tRp822
tp823
asg414
(lp824
I100
aI120
aI140
aI160
aI180
aI200
aI220
aI240
aI260
aI280
aI300
aI320
aI340
aI360
aI380
aI400
aI420
aI440
aI460
aI480
aI500
aI520
aI540
aI560
aI580
aI600
aI620
aI640
aI660
aI680
aI700
aI720
aI740
aI760
aI780
aI800
aI820
aI840
aI860
aI880
aI900
aI920
aI940
aI960
aI980
aI1000
aI1020
aI1040
aI1060
aI1080
aI1100
aI1120
aI1140
aI1160
aI1180
aI1200
aI1220
aI1240
aI1260
aI1280
aI1300
aI1320
aI1340
aI1360
aI1380
aI1400
aI1420
aI1440
aI1460
aI1480
aI1500
aI1520
aI1540
aI1560
aI1580
aI1600
aI1620
aI1640
aI1660
aI1680
aI1700
aI1720
aI1740
aI1760
aI1780
aI1800
aI1820
aI1840
aI1860
aI1880
aI1900
aI1920
aI1940
aI1960
aI1980
aI2000
aI2020
aI2040
aI2060
aI2080
aI2100
aI2120
aI2140
aI2160
aI2180
aI2200
aI2220
aI2240
aI2260
aI2280
aI2300
aI2320
aI2340
aI2360
aI2380
aI2400
aI2420
aI2440
aI2460
aI2480
aI2500
aI2520
aI2540
aI2560
aI2580
aI2600
aI2620
aI2640
aI2660
aI2680
aI2700
aI2720
aI2740
aI2760
aI2780
ass(F0.90000000000000002
F0.10000000000000001
tp825
(dp826
g4
(lp827
(g6
(g8
S'V\xc9\x03\xbc<0v?'
tRp828
g6
(g8
S'\x15H\x91\xf0\xe5\x10\x99?'
tRp829
tp830
a(g6
(g8
S'\xcc\xf6\x1f\xb6\xa4q{?'
tRp831
g6
(g8
S"\x13'Oy\xe3v\xa0?"
tRp832
tp833
a(g6
(g8
S'\xce\x12\x97\x05\xac\xad\x82?'
tRp834
g6
(g8
S'\x105\xd5\xb7p\xd7\x9f?'
tRp835
tp836
a(g6
(g8
S'\x1e\x0c\xc2\x05\xb8&\x80?'
tRp837
g6
(g8
S'\xff\x94\xcf\xbb\x19}\xa2?'
tRp838
tp839
a(g6
(g8
S'X<\t\xc9\xe2ow?'
tRp840
g6
(g8
S'\x1e\x1d\xbc\xf2\x87;\x9d?'
tRp841
tp842
a(g6
(g8
S'\x0462\xc8\xf2\x1dx?'
tRp843
g6
(g8
S'\xf7\x0e\xf9\xc6\xb3\x9f\xa2?'
tRp844
tp845
a(g6
(g8
S'$\x02\xd3,\x1fwx?'
tRp846
g6
(g8
S'\x8b\xa6{a\x0fG\xa0?'
tRp847
tp848
a(g6
(g8
S'\\t6\x8fU[t?'
tRp849
g6
(g8
S' {E\xe4\xf8|\x9e?'
tRp850
tp851
a(g6
(g8
S'H^F\xb0\xe8\xa4`?'
tRp852
g6
(g8
S'\x03\x93F5\xa6U\x9d?'
tRp853
tp854
a(g6
(g8
S'>\x91\xc6O\x0eBY?'
tRp855
g6
(g8
S'\xc5\x00\xed\xeeH\xa4\x96?'
tRp856
tp857
a(g6
(g8
S'\xa8\xfe\xb5\xe9\xa23]?'
tRp858
g6
(g8
S'R\xde\xf8r\xaa\x86\x94?'
tRp859
tp860
a(g6
(g8
S'\x90\x14i\x15|;U?'
tRp861
g6
(g8
S'\xb9q\x05\xce\xdb;\x96?'
tRp862
tp863
a(g6
(g8
S'`\xffb \xa0\xfdS?'
tRp864
g6
(g8
S'\x87\x99\xf7ob3\x93?'
tRp865
tp866
a(g6
(g8
S'<\x855\x91oaf?'
tRp867
g6
(g8
S'Z\xaa\xa6\x03\xd7\xd0\x97?'
tRp868
tp869
a(g6
(g8
S"\xcae\x1a\x92K'j?"
tRp870
g6
(g8
S'\xc5>\xb6\xae\n\xb0\x94?'
tRp871
tp872
a(g6
(g8
S'\xbcL\x1a\xac\xf5&c?'
tRp873
g6
(g8
S'\xd4\x18\x7f=+\x81\x94?'
tRp874
tp875
a(g6
(g8
S'\x17e\xfb1t\xcat?'
tRp876
g6
(g8
S'b\x90\x87\x13\xc7O\x9d?'
tRp877
tp878
a(g6
(g8
S'6\xd7\xb1}\xbb\x9bj?'
tRp879
g6
(g8
S'\xf6\x0e\x03S\x1fv\x96?'
tRp880
tp881
a(g6
(g8
S'\xcc`}\xb4\xff\x03s?'
tRp882
g6
(g8
S'\xf5\x8c\xf2\xc5#\xf2\x9b?'
tRp883
tp884
a(g6
(g8
S'\xe8e0L#\x9df?'
tRp885
g6
(g8
S'x\xa60\xcf\x9aJ\x9b?'
tRp886
tp887
a(g6
(g8
S'$8\xe9\x15E\xc3r?'
tRp888
g6
(g8
S'\xe4|h\x83,\x80\x96?'
tRp889
tp890
a(g6
(g8
S'\x92\x04O\x9c\x8b\xf8f?'
tRp891
g6
(g8
S'\x90\xce\x88\x819N\x91?'
tRp892
tp893
a(g6
(g8
S'\xf6@w\x942\xc3q?'
tRp894
g6
(g8
S"'\x9e\xc0\x1c\x1f\xda\x95?"
tRp895
tp896
a(g6
(g8
S'h\x1e\x18\xf3@\x95n?'
tRp897
g6
(g8
S'F4\xa3\xe5\xc0,\x90?'
tRp898
tp899
a(g6
(g8
S'\xac\xa3BoQ:w?'
tRp900
g6
(g8
S'\xcah1(>\xdf\x92?'
tRp901
tp902
a(g6
(g8
S'tZ  \xd5\xfat?'
tRp903
g6
(g8
S'\xa0\x15\x01\xa8\xf6\x94\x97?'
tRp904
tp905
a(g6
(g8
S'\xf0\xec\xab\x12\x8drn?'
tRp906
g6
(g8
S'\xe4\xb2?T8\xe7\x98?'
tRp907
tp908
a(g6
(g8
S'\x90\xb5\xf1yA=h?'
tRp909
g6
(g8
S'o\xdb\xfc\xf4W\xa7\x95?'
tRp910
tp911
a(g6
(g8
S'p6\xb4!?+Y?'
tRp912
g6
(g8
S'\xa4 \x11\x8bH\xec\x9c?'
tRp913
tp914
a(g6
(g8
S'pc\x9eK\x91/\\?'
tRp915
g6
(g8
S'\xa1\xf0\x08\xc2\xa0t\x99?'
tRp916
tp917
a(g6
(g8
S'8\x05\xf4a\rKg?'
tRp918
g6
(g8
S'\x11|1^\xa1q\xa0?'
tRp919
tp920
a(g6
(g8
S'\xe0\xbe\xe95\xd0\xd3a?'
tRp921
g6
(g8
S'\xf67\x8f\xa6\x1c\x1e\x9f?'
tRp922
tp923
a(g6
(g8
S'\xe4\x1e\xeeo\xe9\xabb?'
tRp924
g6
(g8
S'-\xd8\xe3\xe7s\xcf\x98?'
tRp925
tp926
a(g6
(g8
S'@i\x90\xf1\x16\x97b?'
tRp927
g6
(g8
S"\x13\x1c\x964'\xb9\x98?"
tRp928
tp929
a(g6
(g8
S'8\xb1Y\xfc;\xbbv?'
tRp930
g6
(g8
S'\x1c\xc5\xc2/\xad\xfc\x9b?'
tRp931
tp932
a(g6
(g8
S'\xa0\xe0\x9eZ\x9b\x81n?'
tRp933
g6
(g8
S'\xa8\xf2=\xeeO\x12\xa0?'
tRp934
tp935
a(g6
(g8
S'\xd8\x83\x9b\xbb3\xb1f?'
tRp936
g6
(g8
S'lU}\x89>\xce\xa2?'
tRp937
tp938
a(g6
(g8
S'\x08\x8f\xabk\xac\xa5]?'
tRp939
g6
(g8
S'\x85\xc1\r\xbf5W\xa1?'
tRp940
tp941
a(g6
(g8
S'\x88f\x04\xb7o\ra?'
tRp942
g6
(g8
S'Z\x80\xe4\x91\xd1\xeb\xa3?'
tRp943
tp944
a(g6
(g8
S'\x8c\xd7\xc8\x9a?\xb9q?'
tRp945
g6
(g8
S'$\xcd\xfc\xdbpU\xa2?'
tRp946
tp947
a(g6
(g8
S'\xd0\xe56\xa0\x1e\x1dr?'
tRp948
g6
(g8
S'=\x81~\xaa\xb9\xab\xa2?'
tRp949
tp950
a(g6
(g8
S'<\x157\x8c{8t?'
tRp951
g6
(g8
S'\x98\xf5\xb2\x8f\x9ae\xa4?'
tRp952
tp953
a(g6
(g8
S'\x9c\x9b\xd1\x87A>r?'
tRp954
g6
(g8
S';\x12IM\x0f\xd8\xa5?'
tRp955
tp956
a(g6
(g8
S'D\x0e\xdb\xe8\xe4\x00t?'
tRp957
g6
(g8
S'YT\x1e\x96\x99\x1e\xad?'
tRp958
tp959
a(g6
(g8
S'\x9a\xf8==\x9f\xf9\x81?'
tRp960
g6
(g8
S'\x8b\xf3\xe5+\xccr\xa9?'
tRp961
tp962
a(g6
(g8
S'4.ec\x84q\x7f?'
tRp963
g6
(g8
S'\xa2F\xdc.\xa8\x1b\xa6?'
tRp964
tp965
a(g6
(g8
S'pT{\xd7\xba{|?'
tRp966
g6
(g8
S'\xd4\xb0\x08\xfdIx\xa6?'
tRp967
tp968
a(g6
(g8
S'L\xcdq3\xb33z?'
tRp969
g6
(g8
S'\xba]/\x11W!\xa5?'
tRp970
tp971
a(g6
(g8
S'\x0c\xda\x1aU\x1d\xe7\x92?'
tRp972
g6
(g8
S'\x1ap.\x9c\x05O\xa8?'
tRp973
tp974
a(g6
(g8
S'\xefN\xcd\x11\xc5g\xa0?'
tRp975
g6
(g8
S'\xe1\xec\xbe\x92\xb4\xc0\xac?'
tRp976
tp977
a(g6
(g8
S'\xf2+T3\x11\xde\xab?'
tRp978
g6
(g8
S'`\xe7\x84\x94D\x0e\xb2?'
tRp979
tp980
a(g6
(g8
S'\xefv\xa7\x99>5\xb7?'
tRp981
g6
(g8
S'Z\xb2E\x1d\x06B\xbb?'
tRp982
tp983
a(g6
(g8
S'T\x00S8\xc9\x0f\xc0?'
tRp984
g6
(g8
S'4\x85Cl\x81~\xc1?'
tRp985
tp986
a(g6
(g8
S'\xf8\xb8\x9a)03\xc5?'
tRp987
g6
(g8
S'\x9a\x0c\x9b\xa6>\xe3\xc6?'
tRp988
tp989
a(g6
(g8
S'\xeb\x92~u0X\xc9?'
tRp990
g6
(g8
S'\xc4\xc4\x8d\x85\xa7\xd4\xca?'
tRp991
tp992
a(g6
(g8
S'\xef)e\xa5P\x94\xcc?'
tRp993
g6
(g8
S'ns\xf5\x02\xe6)\xce?'
tRp994
tp995
a(g6
(g8
S'\xab\xe9\x98D\xb6\xb4\xce?'
tRp996
g6
(g8
S'/^$\x88K\x1d\xd0?'
tRp997
tp998
a(g6
(g8
S'\xc3\x9e\x13\x93g\x1d\xcf?'
tRp999
g6
(g8
S'\xae\x96Gq\x0f\x05\xd0?'
tRp1000
tp1001
a(g6
(g8
S'\x0b\xebD\xe4p\xb1\xcb?'
tRp1002
g6
(g8
S'!(\xd5\x8fY\x99\xcc?'
tRp1003
tp1004
a(g6
(g8
S'\x86nH\xe3R\x8b\xc8?'
tRp1005
g6
(g8
S'\xe9\r3T\xa8\x88\xc9?'
tRp1006
tp1007
a(g6
(g8
S'0\xf0\x0b*\x90\xa5\xc5?'
tRp1008
g6
(g8
S'\x0e\t\x05\xc9\xb9\x9a\xc6?'
tRp1009
tp1010
a(g6
(g8
S'-~\r2a\xfa\xbf?'
tRp1011
g6
(g8
S'=\xa4\x91\xc7\xbc\x01\xc1?'
tRp1012
tp1013
a(g6
(g8
S'\xfbw\x87\x054h\xb7?'
tRp1014
g6
(g8
S'`\x9b\x08\x82\x8d\x8e\xbb?'
tRp1015
tp1016
a(g6
(g8
S'\xdf\x8a\x81\xc1\xef\x1c\xb0?'
tRp1017
g6
(g8
S'\xca\xb2\x81\x7f\xcf \xb4?'
tRp1018
tp1019
a(g6
(g8
S'P\x17\x1b\x94\xec\x1d\x9f?'
tRp1020
g6
(g8
S'Kv^|\x94u\xa4?'
tRp1021
tp1022
a(g6
(g8
S'xC\xa1\x84\xd84\x8d?'
tRp1023
g6
(g8
S'J\xe0\xc7\xf0\xbe\xa9\x9c?'
tRp1024
tp1025
a(g6
(g8
S'\x0eo\xbf*\xd9\x92u?'
tRp1026
g6
(g8
S'\xdd\xa7\xad\x1e\x03\xa5\x92?'
tRp1027
tp1028
a(g6
(g8
S"\xeeZ\x1c\xdb'\x92p?"
tRp1029
g6
(g8
S'\x10\xc9M\xb2S\xd0\x93?'
tRp1030
tp1031
a(g6
(g8
S'`|\x92\xc9\xaf\x13b?'
tRp1032
g6
(g8
S'\xf1\xa6\xa2\xc0Jx\x95?'
tRp1033
tp1034
a(g6
(g8
S'0O\xd5Me\xcaa?'
tRp1035
g6
(g8
S'\xda&QX\nO\x9c?'
tRp1036
tp1037
a(g6
(g8
S'\x00\xeb\x07\xc4\xed\xaaZ?'
tRp1038
g6
(g8
S'\x16\xb3\xf5\xa3`s\x9c?'
tRp1039
tp1040
a(g6
(g8
S'\xce&\x87~\xa6\xb7i?'
tRp1041
g6
(g8
S'\xb0\xfd\xa7\xc2b4\xa3?'
tRp1042
tp1043
a(g6
(g8
S'\xda\xa1\xbc\xc3P\x10q?'
tRp1044
g6
(g8
S'8ea\xfd\x83e\xa4?'
tRp1045
tp1046
a(g6
(g8
S'\xc2\x998\xcdLFw?'
tRp1047
g6
(g8
S'\x13\x0b\x856&g\xa4?'
tRp1048
tp1049
a(g6
(g8
S'd[\xf4^\x11\xa2{?'
tRp1050
g6
(g8
S'C\xef\x7f:~7\xa7?'
tRp1051
tp1052
a(g6
(g8
S'N\x9e\xff\xaf\xc5Bu?'
tRp1053
g6
(g8
S'\x9d\xd0\xfa\xa8j\xb2\xa2?'
tRp1054
tp1055
a(g6
(g8
S'\x96b?\xefy\xcb}?'
tRp1056
g6
(g8
S'\xb9\xf9\x9cL\x03\xa0\x9f?'
tRp1057
tp1058
a(g6
(g8
S'X\xafuU\x8e\xb0v?'
tRp1059
g6
(g8
S'70\x8bE\xa8\x0c\xa0?'
tRp1060
tp1061
a(g6
(g8
S'i\x16\\\xfbN\xf5z?'
tRp1062
g6
(g8
S'\xd5\t\x8e\xc3o\x99\xa0?'
tRp1063
tp1064
a(g6
(g8
S'f\xf1\x0b5\xbe\xear?'
tRp1065
g6
(g8
S'\xc5\x13S\xa2\xb0e\xa1?'
tRp1066
tp1067
a(g6
(g8
S'{\xa6\x01\xd5\xe5\rp?'
tRp1068
g6
(g8
S'*\xc9G\xc5\x19\x99\xa0?'
tRp1069
tp1070
a(g6
(g8
S'\x83/\x04\x13\x85\x12f?'
tRp1071
g6
(g8
S'h\xf5\x95\xc6\xdd\x07\x9f?'
tRp1072
tp1073
a(g6
(g8
S'0\xe9\x18\xb5\xd7Bf?'
tRp1074
g6
(g8
S'\xb0\xbc\x1d\xea\xf1C\x9e?'
tRp1075
tp1076
a(g6
(g8
S'\x80\x14\x8cz.`j?'
tRp1077
g6
(g8
S'\xee\xf0\xc2\xb1\x0c\xc3\x97?'
tRp1078
tp1079
a(g6
(g8
S'&\xa7\xa0\x9eFus?'
tRp1080
g6
(g8
S'\xf3\xff\xbe\x83\x93\xfa\x93?'
tRp1081
tp1082
a(g6
(g8
S'\xf4\xec\x08j\xd1-\x80?'
tRp1083
g6
(g8
S'W\xb0\xb4\xef\xd10\x95?'
tRp1084
tp1085
a(g6
(g8
S'\x10@Zzz\xbd\x81?'
tRp1086
g6
(g8
S'\x1b/\x03\x05U\x83\x99?'
tRp1087
tp1088
a(g6
(g8
S'\xa8y/\xd2\xa9D}?'
tRp1089
g6
(g8
S'QJ\xf3\x17S1\x9e?'
tRp1090
tp1091
a(g6
(g8
S'$\xe1\xc4\xa8\x9d\x0ev?'
tRp1092
g6
(g8
S'cI\x01a4\xad\x98?'
tRp1093
tp1094
a(g6
(g8
S'|\x1d\x18e\xf2.o?'
tRp1095
g6
(g8
S'\xa6\xab_+e\x8b\xa0?'
tRp1096
tp1097
a(g6
(g8
S'\xf2E\x1cw\xfb3s?'
tRp1098
g6
(g8
S'\xb24V\xa87Y\xa2?'
tRp1099
tp1100
a(g6
(g8
S'm\x8a\xe7\x81]\xad{?'
tRp1101
g6
(g8
S'\xd8\xed\x97\xb3\xaa\xcc\xa1?'
tRp1102
tp1103
a(g6
(g8
S'\xd6[&\x8d\x02\xf3u?'
tRp1104
g6
(g8
S'\xaf\x0e\x94\xff\xe8L\xa2?'
tRp1105
tp1106
a(g6
(g8
S'X\x01\xa0\x97m\xb8r?'
tRp1107
g6
(g8
S'\x1fyu\x89\xe0f\xa0?'
tRp1108
tp1109
a(g6
(g8
S'\x84\x14\xe1-\x18wu?'
tRp1110
g6
(g8
S'a\xfcR\xd8\xe1g\xa3?'
tRp1111
tp1112
a(g6
(g8
S'\xfc*%CQ2~?'
tRp1113
g6
(g8
S'\x97\xbf\xc3i\xac\xae\xa5?'
tRp1114
tp1115
a(g6
(g8
S'P\x96\x95g\xf5Sw?'
tRp1116
g6
(g8
S'\xda\x9d\xa1\xd1\x8d)\xa3?'
tRp1117
tp1118
a(g6
(g8
S'\xa6\xc3T\x96\xdc\xbfl?'
tRp1119
g6
(g8
S'G\xcb\x87_\xac%\xa1?'
tRp1120
tp1121
a(g6
(g8
S'\x08\x01\xd1\x8f\x93\x9ew?'
tRp1122
g6
(g8
S'\x02\xe2\x07m\xde\xe4\xa1?'
tRp1123
tp1124
a(g6
(g8
S'\x88\x03`\xedS\x18w?'
tRp1125
g6
(g8
S'\x93k,\x01\xd5\x9a\xa2?'
tRp1126
tp1127
a(g6
(g8
S'\xf6\xd3\xd7\xfe@\xca{?'
tRp1128
g6
(g8
S'G)r_f\x8a\xa1?'
tRp1129
tp1130
a(g6
(g8
S'\xcf\xf7L0\xe9{\x81?'
tRp1131
g6
(g8
S'(\xbe\xf1EJj\xa2?'
tRp1132
tp1133
a(g6
(g8
S'\xc2\xd2b\x9cD\\w?'
tRp1134
g6
(g8
S'`\xe0\xacV+\xf0\xa0?'
tRp1135
tp1136
a(g6
(g8
S'FI\x93\x8e\x06\xb0w?'
tRp1137
g6
(g8
S'\xc0\x12\x16G\xcbQ\xa2?'
tRp1138
tp1139
a(g6
(g8
S'\xd7U\xdd574s?'
tRp1140
g6
(g8
S'\xe7-Q\xceYN\xa1?'
tRp1141
tp1142
a(g6
(g8
S'`\xdd!L\x1b\xd6m?'
tRp1143
g6
(g8
S'\xdfJW\xb8\xfd\x83\xa1?'
tRp1144
tp1145
a(g6
(g8
S'hO\x83\xec\x19\x96k?'
tRp1146
g6
(g8
S'\xee\x95\x17\xe4\xd61\xa1?'
tRp1147
tp1148
a(g6
(g8
S' \xf6\xe9\x90\xc73p?'
tRp1149
g6
(g8
S'\x8cBc@\x97\xbe\xa3?'
tRp1150
tp1151
a(g6
(g8
S'p\x16\xcbv\x07VZ?'
tRp1152
g6
(g8
S'\x96NA|\x9e\x8b\xa3?'
tRp1153
tp1154
a(g6
(g8
S'(qj\xf9\x11"m?'
tRp1155
g6
(g8
S'\x81\xa9\xc9\xea\xd7I\xa4?'
tRp1156
tp1157
a(g6
(g8
S' \r\xb6N\xdb\xccq?'
tRp1158
g6
(g8
S'\xc4\xc3\x18\x10va\xa7?'
tRp1159
tp1160
a(g6
(g8
S'\xb4\x92\x04\xd3\xfbO\x80?'
tRp1161
g6
(g8
S'^j$\xc7j\x9d\xa5?'
tRp1162
tp1163
a(g6
(g8
S'\x08\xbc\xd8A\xcf[}?'
tRp1164
g6
(g8
S'~\t\x03\xab\xc4H\xa7?'
tRp1165
tp1166
a(g6
(g8
S'\x88e\xd0\xea\x9e\x01w?'
tRp1167
g6
(g8
S'\xec\x9e!\xccY\x10\xa7?'
tRp1168
tp1169
a(g6
(g8
S'\xb0\xd2\x03M\x95<j?'
tRp1170
g6
(g8
S'\xfe:\x1c\x93\xc6\xcf\xa3?'
tRp1171
tp1172
a(g6
(g8
S'\xc4!\xae\xd5\xaf\x9bq?'
tRp1173
g6
(g8
S'|o\xc0\xfc\x01K\xa2?'
tRp1174
tp1175
a(g6
(g8
S'\xf0\xe3\xa1L\x02\xf2v?'
tRp1176
g6
(g8
S'\xb8\x8d\xf9\xee\xe2z\xa3?'
tRp1177
tp1178
a(g6
(g8
S'\x902yS\x1e\xf0y?'
tRp1179
g6
(g8
S'\xf06)"-\x9e\xa3?'
tRp1180
tp1181
a(g6
(g8
S'(L\xdfE\x00p\x84?'
tRp1182
g6
(g8
S'F\xeb0\xf4/\xef\xa1?'
tRp1183
tp1184
a(g6
(g8
S'\xf8\x06L\xbf\x1e@n?'
tRp1185
g6
(g8
S't(\x9800]\x99?'
tRp1186
tp1187
a(g6
(g8
S'h\x13\xd0\x81\xa9/k?'
tRp1188
g6
(g8
S'K\xc0\xbd\xd1,j\xa2?'
tRp1189
tp1190
a(g6
(g8
S'\x80\xf5\xeb\x1b<\xa2R?'
tRp1191
g6
(g8
S'.\x8e1\xb1x\xa3\xa7?'
tRp1192
tp1193
a(g6
(g8
S'\x18]9\xe6\x97\xe6[?'
tRp1194
g6
(g8
S'\x02\x18\x84%\x1a\x06\xa9?'
tRp1195
tp1196
a(g6
(g8
S'}\x9d\xb4\x8f\xd0Yh?'
tRp1197
g6
(g8
S'\xaa\x96\xd3\xc3_\x11\xab?'
tRp1198
tp1199
a(g6
(g8
S'\xd4\x0f\x80\xf3{Ll?'
tRp1200
g6
(g8
S"'^Ax\x837\xa6?"
tRp1201
tp1202
a(g6
(g8
S'V\xb9\x9b1\x04\x83l?'
tRp1203
g6
(g8
S'd!G/h=\xa3?'
tRp1204
tp1205
a(g6
(g8
S'\x0c\x12\xd6\x1aS\x86h?'
tRp1206
g6
(g8
S'\xa3D\xc2#\xa1L\xa0?'
tRp1207
tp1208
a(g6
(g8
S'\xa6)\xec\x88\xea\xf7k?'
tRp1209
g6
(g8
S'\xa4O\xaev\xc1\xb9\xa0?'
tRp1210
tp1211
a(g6
(g8
S'\x80\xe7Di!\xdah?'
tRp1212
g6
(g8
S'\xb8\xe38e$\xf6\xa4?'
tRp1213
tp1214
a(g6
(g8
S'\xa2\xb0\x86\xb2\x8a\xf8p?'
tRp1215
g6
(g8
S'\xddL\xb4\x99\xae\xdb\xa5?'
tRp1216
tp1217
a(g6
(g8
S'\x04\xf93\xff\xd86g?'
tRp1218
g6
(g8
S'\xbd\x8cF\x95\xd9X\xa7?'
tRp1219
tp1220
a(g6
(g8
S'\xea\xbe\xf9\xc8j\xb4v?'
tRp1221
g6
(g8
S'\x86\x1dh\xed\x11M\xa9?'
tRp1222
tp1223
a(g6
(g8
S'\xacR\x1fY]\xb1t?'
tRp1224
g6
(g8
S'\x94c\xb6]\x9c\x99\xa0?'
tRp1225
tp1226
a(g6
(g8
S'U\x05C\x03\xb4`w?'
tRp1227
g6
(g8
S' \xb0\xaf\xb5\x7f\xb1\x9d?'
tRp1228
tp1229
a(g6
(g8
S'n7K\xa0\xf3Uu?'
tRp1230
g6
(g8
S'<\xb5\xb0P\xc6U\x9b?'
tRp1231
tp1232
asg414
(lp1233
I100
aI120
aI140
aI160
aI180
aI200
aI220
aI240
aI260
aI280
aI300
aI320
aI340
aI360
aI380
aI400
aI420
aI440
aI460
aI480
aI500
aI520
aI540
aI560
aI580
aI600
aI620
aI640
aI660
aI680
aI700
aI720
aI740
aI760
aI780
aI800
aI820
aI840
aI860
aI880
aI900
aI920
aI940
aI960
aI980
aI1000
aI1020
aI1040
aI1060
aI1080
aI1100
aI1120
aI1140
aI1160
aI1180
aI1200
aI1220
aI1240
aI1260
aI1280
aI1300
aI1320
aI1340
aI1360
aI1380
aI1400
aI1420
aI1440
aI1460
aI1480
aI1500
aI1520
aI1540
aI1560
aI1580
aI1600
aI1620
aI1640
aI1660
aI1680
aI1700
aI1720
aI1740
aI1760
aI1780
aI1800
aI1820
aI1840
aI1860
aI1880
aI1900
aI1920
aI1940
aI1960
aI1980
aI2000
aI2020
aI2040
aI2060
aI2080
aI2100
aI2120
aI2140
aI2160
aI2180
aI2200
aI2220
aI2240
aI2260
aI2280
aI2300
aI2320
aI2340
aI2360
aI2380
aI2400
aI2420
aI2440
aI2460
aI2480
aI2500
aI2520
aI2540
aI2560
aI2580
aI2600
aI2620
aI2640
aI2660
aI2680
aI2700
aI2720
aI2740
aI2760
aI2780
ass(F0.80000000000000004
F0.20000000000000001
tp1234
(dp1235
g4
(lp1236
(g6
(g8
S'\x14\x12>\ng\xcef?'
tRp1237
g6
(g8
S'\xfe\xb1nU=#\x96?'
tRp1238
tp1239
a(g6
(g8
S'\xba\x19\xba\xb8%\xda`?'
tRp1240
g6
(g8
S'_\x10)\x1f\x85k\x8f?'
tRp1241
tp1242
a(g6
(g8
S'yc-^\xccIU?'
tRp1243
g6
(g8
S'\n\x93c\xd3\x1f\x04\x96?'
tRp1244
tp1245
a(g6
(g8
S'#\\Tl\xfdDR?'
tRp1246
g6
(g8
S'\xcf\xe0*\xf8\x1d\xd7\x96?'
tRp1247
tp1248
a(g6
(g8
S'\xccT\x9a\xce:MY?'
tRp1249
g6
(g8
S'\x9bVU@Z\x9c\x93?'
tRp1250
tp1251
a(g6
(g8
S'\xbe\xc1\xf0oL\xbdT?'
tRp1252
g6
(g8
S'\xfc\xbcp\xacz\xac\x8c?'
tRp1253
tp1254
a(g6
(g8
S'xEz\x08\xd7>Q?'
tRp1255
g6
(g8
S'\x91g\xab\xb1I8\x8f?'
tRp1256
tp1257
a(g6
(g8
S'V\xcd\xb3c\xab\xc6R?'
tRp1258
g6
(g8
S'\xb6-?\x8f0\xc9\x96?'
tRp1259
tp1260
a(g6
(g8
S'\x97\xefSm\xbb\xecp?'
tRp1261
g6
(g8
S'"&\xe4\xf8\x91j\x96?'
tRp1262
tp1263
a(g6
(g8
S'\x96\xc8q4Zey?'
tRp1264
g6
(g8
S'\xf2\xb5\x82\xb2\x97\xa3\x92?'
tRp1265
tp1266
a(g6
(g8
S'``@J%\xcf\x82?'
tRp1267
g6
(g8
S'LI\xf5;\x9a\xfe\x94?'
tRp1268
tp1269
a(g6
(g8
S'\xc0DZ`\x1eJ\x81?'
tRp1270
g6
(g8
S'\x18\xbd\xa9u\x0b\x9c\x93?'
tRp1271
tp1272
a(g6
(g8
S'\xaaKWJ\xf1\x0c\x85?'
tRp1273
g6
(g8
S'\xcb\x18\xfd\x07\x05\xac\x96?'
tRp1274
tp1275
a(g6
(g8
S'N\xd6e\x90i\xb5y?'
tRp1276
g6
(g8
S'\xd6\x18\xc1\xc2\x97\x03\x92?'
tRp1277
tp1278
a(g6
(g8
S'\\o\x0fS\x7f\x87s?'
tRp1279
g6
(g8
S'<\x18\x07+\xfbp\x93?'
tRp1280
tp1281
a(g6
(g8
S'z\x04\x91_v\xddi?'
tRp1282
g6
(g8
S'V\x84;{s\t\x88?'
tRp1283
tp1284
a(g6
(g8
S'Z\xf4\xd3(\xde\xdej?'
tRp1285
g6
(g8
S'J/>\xba{\xb6\x89?'
tRp1286
tp1287
a(g6
(g8
S'\xb8\x85\xack:\x18c?'
tRp1288
g6
(g8
S'\xba\xa9\xa2\xcf\xc5\x1f\x88?'
tRp1289
tp1290
a(g6
(g8
S'\x10\xea\x1d\xde\x18\x81[?'
tRp1291
g6
(g8
S'QPx6_`\x91?'
tRp1292
tp1293
a(g6
(g8
S'dD\xab\x80\x1a\x0cb?'
tRp1294
g6
(g8
S'\xeeU\xb3\x83Q\r\x90?'
tRp1295
tp1296
a(g6
(g8
S'\xc6P\r\xa5Y\x14g?'
tRp1297
g6
(g8
S'\xec\x83\xbc$G\xd3\x91?'
tRp1298
tp1299
a(g6
(g8
S'\xa9\x91\x0f#\xc8\xd6r?'
tRp1300
g6
(g8
S'$D\xfd\xb8\xad\x13\x97?'
tRp1301
tp1302
a(g6
(g8
S'\x05\xc3\x87u\xfb,r?'
tRp1303
g6
(g8
S'\x0c=,\xc4\xb9\x8b\x90?'
tRp1304
tp1305
a(g6
(g8
S'K\x9c\xd0\x87$Up?'
tRp1306
g6
(g8
S"\xa4t'\xf6\x02\xd4\x8f?"
tRp1307
tp1308
a(g6
(g8
S'\x92a\x1az,\xb0b?'
tRp1309
g6
(g8
S'6\xb3\xdfM\x81\xd6\x90?'
tRp1310
tp1311
a(g6
(g8
S',a\x1c\xe0H\xc5d?'
tRp1312
g6
(g8
S'\xe2\xb1\x03\xfc$\xdc\x8f?'
tRp1313
tp1314
a(g6
(g8
S'\x1c\xf7\x15K;\x04W?'
tRp1315
g6
(g8
S'V\x00\x06\x92\x85\x8a\x8d?'
tRp1316
tp1317
a(g6
(g8
S'\x9fE\x04\x9d\xa2`T?'
tRp1318
g6
(g8
S'D\xcc\xc9\xa4\x99\xcc\x86?'
tRp1319
tp1320
a(g6
(g8
S'@I\xea\xa8\xbb\xb2@?'
tRp1321
g6
(g8
S'\x00\xe7feQI\x87?'
tRp1322
tp1323
a(g6
(g8
S'\xe2~U;\xe7gP?'
tRp1324
g6
(g8
S'Qr3\xd3f\xa2\x88?'
tRp1325
tp1326
a(g6
(g8
S'8\xde\xfa\xd0ZLX?'
tRp1327
g6
(g8
S'\x8c\xc2\xcc\xb8\xf4=\x87?'
tRp1328
tp1329
a(g6
(g8
S'x\xd3\x1f\x94 \xb1U?'
tRp1330
g6
(g8
S'\x02\x07Qk\xec%\x88?'
tRp1331
tp1332
a(g6
(g8
S'G\x82\xa0B5\x10q?'
tRp1333
g6
(g8
S'\xf7\x91\xe5zs\xde\x91?'
tRp1334
tp1335
a(g6
(g8
S'\x10hX\xab\x0b\xc8p?'
tRp1336
g6
(g8
S'\xeeg\xe7$\x05\x9f\x91?'
tRp1337
tp1338
a(g6
(g8
S'\x1ehS\x87\xaa\x1fz?'
tRp1339
g6
(g8
S'\xe8\x10\xdaB\xe5\x93\x93?'
tRp1340
tp1341
a(g6
(g8
S'\x9a\x13\x94\xdd\xbd\xd1v?'
tRp1342
g6
(g8
S'\xf8\'\x96\xde\xc4"\x93?'
tRp1343
tp1344
a(g6
(g8
S'@Nd\xab\xb5j|?'
tRp1345
g6
(g8
S'\xfc\xf9$\x8d\xde\x8a\x97?'
tRp1346
tp1347
a(g6
(g8
S'\xf8\xca\xe6\x9dH\x85\x81?'
tRp1348
g6
(g8
S'"[/\x98\xe6\xec\x9c?'
tRp1349
tp1350
a(g6
(g8
S'^\x132\x9f\x92\xb9y?'
tRp1351
g6
(g8
S'\xa0\xda\xd8\x14\x1b\x86\x9d?'
tRp1352
tp1353
a(g6
(g8
S'\x8a\x87\x8f\x15\xba\x11\x82?'
tRp1354
g6
(g8
S'\tB\t\xbf\xb0B\x9d?'
tRp1355
tp1356
a(g6
(g8
S'J"\xf8\xa5R<v?'
tRp1357
g6
(g8
S':&\xc9\x9b]I\x98?'
tRp1358
tp1359
a(g6
(g8
S'x#\xe5\x86m;n?'
tRp1360
g6
(g8
S'\x8a\x92\xfb\xd2S\xb8\x99?'
tRp1361
tp1362
a(g6
(g8
S'\xbc\xaea@x\xabk?'
tRp1363
g6
(g8
S'\xa5\x11\xf6#e\xba\x99?'
tRp1364
tp1365
a(g6
(g8
S'D\xe4\xfc\xb9)\x03v?'
tRp1366
g6
(g8
S'v\xea\xcb\xbc\xd7d\x9b?'
tRp1367
tp1368
a(g6
(g8
S'\xe8\xe9j\xa2HLl?'
tRp1369
g6
(g8
S'\x8a\xd4`Tu.\x97?'
tRp1370
tp1371
a(g6
(g8
S':p\x9f\xaeR\x03w?'
tRp1372
g6
(g8
S'\xd2O,\xad\xcb^\xa1?'
tRp1373
tp1374
a(g6
(g8
S'\xda\x864$F\x99\x93?'
tRp1375
g6
(g8
S'\x18]\x88\x17I\x89\xa8?'
tRp1376
tp1377
a(g6
(g8
S'\xfe\x1e\x11]R\xa2\x93?'
tRp1378
g6
(g8
S'uq\xaalh\xb6\xa8?'
tRp1379
tp1380
a(g6
(g8
S'\xb4O\xb8\xda\xa6\xbc\xa1?'
tRp1381
g6
(g8
S'\xef+E<\xe0F\xb1?'
tRp1382
tp1383
a(g6
(g8
S':\x0et\xf4}l\xb3?'
tRp1384
g6
(g8
S'\xbf\xb2\x95\xbaM\xba\xbc?'
tRp1385
tp1386
a(g6
(g8
S'\x13?\x9e\xb6\x1c\x0e\xb4?'
tRp1387
g6
(g8
S'\xb4\xf2\x17\x99\xdd&\xbe?'
tRp1388
tp1389
a(g6
(g8
S'\xec\xc6\xfa\x9de"\xb3?'
tRp1390
g6
(g8
S'\x9f\x86F=*^\xbb?'
tRp1391
tp1392
a(g6
(g8
S'l\x8cha\xe4\x90\xba?'
tRp1393
g6
(g8
S':k\xfew\xce]\xc2?'
tRp1394
tp1395
a(g6
(g8
S'h\xd2\xde\xc1(f\xc2?'
tRp1396
g6
(g8
S'\xf3r\xbe\xd9\x80\x15\xc7?'
tRp1397
tp1398
a(g6
(g8
S']S\xe2\xe7\xa0G\xc7?'
tRp1399
g6
(g8
S'\xc8]\xeef\xcb6\xcb?'
tRp1400
tp1401
a(g6
(g8
S'\xa6\xb9E\x9dU\xd5\xca?'
tRp1402
g6
(g8
S"_'\x94\xdf\x87\xbf\xce?"
tRp1403
tp1404
a(g6
(g8
S'+\xfc;\xdc\xeb\x84\xc6?'
tRp1405
g6
(g8
S'\x94\xac\xf4#K\xd2\xc9?'
tRp1406
tp1407
a(g6
(g8
S'\x00\xe6\xc8\xf7\xb5=\xc6?'
tRp1408
g6
(g8
S'c\xe5.WYv\xc9?'
tRp1409
tp1410
a(g6
(g8
S'\x1aO~\xe4\xc3r\xc2?'
tRp1411
g6
(g8
S'\x02\x81\xe1\x17\xb1\xaa\xc5?'
tRp1412
tp1413
a(g6
(g8
S"7\xb8'V\x07T\xb9?"
tRp1414
g6
(g8
S'\x08\x96\xa7\x13\xe1N\xc0?'
tRp1415
tp1416
a(g6
(g8
S'\xc6N\xd2]\x90\x89\xb8?'
tRp1417
g6
(g8
S'\x03\x9c\xdch\x0c\xad\xbf?'
tRp1418
tp1419
a(g6
(g8
S'\xa3\xd2\x04\xacu\xeb\xb8?'
tRp1420
g6
(g8
S'_\x90\xc2?r\xa0\xc0?'
tRp1421
tp1422
a(g6
(g8
S'\xc6\x9a~\xf2\xab[\xb1?'
tRp1423
g6
(g8
S'r\xaa\xe2\xd7f\xd5\xb8?'
tRp1424
tp1425
a(g6
(g8
S'\xaa\x9c\xc4\xbe7\xb2\xa1?'
tRp1426
g6
(g8
S"\xf1'\xd2/\x8b\xe6\xaf?"
tRp1427
tp1428
a(g6
(g8
S'\x16\xbdI\xf6\x9e\x17\x91?'
tRp1429
g6
(g8
S'\xce\x8e\x1cE\xbd\x84\xa8?'
tRp1430
tp1431
a(g6
(g8
S'\xed%a\xb8J?w?'
tRp1432
g6
(g8
S'&\xfe\xa8\x85\xc0r\xa2?'
tRp1433
tp1434
a(g6
(g8
S'\xaf,{z\t\x05\x80?'
tRp1435
g6
(g8
S'4<\x0e\x93J\x9c\xa4?'
tRp1436
tp1437
a(g6
(g8
S'\t\x9a\x1cpw\xb8w?'
tRp1438
g6
(g8
S'\xd6c\x8e\x80\x96\xe4\xa1?'
tRp1439
tp1440
a(g6
(g8
S'\x1b\xc9o\xd6\xe8ft?'
tRp1441
g6
(g8
S'\x9c\xb8\x88\x9f\x90\xca\xa1?'
tRp1442
tp1443
a(g6
(g8
S'\x94A\xc7\xce\x03\xc5i?'
tRp1444
g6
(g8
S"'\xb4\x18I6\x7f\xa1?"
tRp1445
tp1446
a(g6
(g8
S'54V\x11\xa8\x85x?'
tRp1447
g6
(g8
S'r3\xa40S\xa1\xa6?'
tRp1448
tp1449
a(g6
(g8
S't\x05?\x97\xa4o\x80?'
tRp1450
g6
(g8
S'<\x02\xc4Z\xab\x8b\xa5?'
tRp1451
tp1452
a(g6
(g8
S'\xab\xf7\xc1h3\xd0\x84?'
tRp1453
g6
(g8
S'\xb8e\x80\x8d\x10\x9e\xa3?'
tRp1454
tp1455
a(g6
(g8
S'D\x10m\x81\x1b\xc7\x86?'
tRp1456
g6
(g8
S'q\xe1\xcf9y\xaf\x9a?'
tRp1457
tp1458
a(g6
(g8
S'\xc5\x92>\xc5(\x16\x8a?'
tRp1459
g6
(g8
S'"\xc5O\xb6\xce\x9a\x9c?'
tRp1460
tp1461
a(g6
(g8
S'\x916\x9e\xa70\xa5\x83?'
tRp1462
g6
(g8
S'\x8dA`3<g\x9b?'
tRp1463
tp1464
a(g6
(g8
S'`D\xfd\x94\xc5yx?'
tRp1465
g6
(g8
S'\x1e8oqm\xa9\x94?'
tRp1466
tp1467
a(g6
(g8
S'\x06\x02\x9b\x9e\xea\xe1s?'
tRp1468
g6
(g8
S'\xe1\xc4\x95\xfe\x85\x9b\x94?'
tRp1469
tp1470
a(g6
(g8
S'}\xf2\x06\xe4\xaf5u?'
tRp1471
g6
(g8
S'ds\xdd\x96\xf9G\x94?'
tRp1472
tp1473
a(g6
(g8
S'\xd8\x01x\xef\xe2\xb1n?'
tRp1474
g6
(g8
S'F\\:\xb0"\x8a\x93?'
tRp1475
tp1476
a(g6
(g8
S'\xb8\xcf2\x02\xa7fl?'
tRp1477
g6
(g8
S'h\xc6\x1fy\x9a\x0e\x90?'
tRp1478
tp1479
a(g6
(g8
S'LJy\x0b\x89\x8bh?'
tRp1480
g6
(g8
S'\xb1uUr\xdbS\x91?'
tRp1481
tp1482
a(g6
(g8
S'vZ\xeb\xc3\xd5\xbfv?'
tRp1483
g6
(g8
S'3X\xdb5\x98r\x94?'
tRp1484
tp1485
a(g6
(g8
S'Z\x07\x98),7u?'
tRp1486
g6
(g8
S'\x9e\xbc\xd1\xd0\xdf\xb6\x94?'
tRp1487
tp1488
a(g6
(g8
S'\x80\xa2\x08H\xd9nn?'
tRp1489
g6
(g8
S'\x85H\x06\xa5\xcb\xd7\x95?'
tRp1490
tp1491
a(g6
(g8
S'8C\x10m\x99\x94R?'
tRp1492
g6
(g8
S'O:\xf5\xd1&\x0e\x96?'
tRp1493
tp1494
a(g6
(g8
S'XI\xe6\xd1\xc4M6?'
tRp1495
g6
(g8
S'`q\xb1J\xc6\xa6\x97?'
tRp1496
tp1497
a(g6
(g8
S'\xa0oS\ng\xa5R?'
tRp1498
g6
(g8
S'\x96\xc2o>\xd5\xf6\x9c?'
tRp1499
tp1500
a(g6
(g8
S'\x19\x98l\xca\x9c`T?'
tRp1501
g6
(g8
S'\x9ad\xfeuN\xc7\xa1?'
tRp1502
tp1503
a(g6
(g8
S'\xb2;Cv\xfa\x9eR?'
tRp1504
g6
(g8
S'&\xc9\xc5\x15SF\xa0?'
tRp1505
tp1506
a(g6
(g8
S'\x99\xe5\xe6\x15Y\xf3j?'
tRp1507
g6
(g8
S'\xdd\xe8\x1c\xce\x08\xf2\xa2?'
tRp1508
tp1509
a(g6
(g8
S'v\xce\x90Y:mb?'
tRp1510
g6
(g8
S'x"a\x90oi\xa2?'
tRp1511
tp1512
a(g6
(g8
S'`\x80&\xbf\xefWp?'
tRp1513
g6
(g8
S'\xf8\x8f(cd`\xa5?'
tRp1514
tp1515
a(g6
(g8
S'\x99\xa7G\xaf\xbb\x04p?'
tRp1516
g6
(g8
S'\x116\x14Y\xb3=\xa8?'
tRp1517
tp1518
a(g6
(g8
S'\x08\xff,\x1c\x8b\x8d]?'
tRp1519
g6
(g8
S'B\x9fOK\xf1\xbf\xa6?'
tRp1520
tp1521
a(g6
(g8
S'Nw\xc6\n(\x05_?'
tRp1522
g6
(g8
S"\x86\xe2P'\r\xfd\xa7?"
tRp1523
tp1524
a(g6
(g8
S'\x02\xbc\xc4\x7f\xc0\xfcm?'
tRp1525
g6
(g8
S'\x96M\\\xfb\xb6\xac\xa9?'
tRp1526
tp1527
a(g6
(g8
S'\xe4a)\x9f\x02\xb0q?'
tRp1528
g6
(g8
S'\x06\xba\xeb\xcc\x96D\xab?'
tRp1529
tp1530
a(g6
(g8
S'\xbaAP\x86\x81kz?'
tRp1531
g6
(g8
S'\x99\x10\xa2\x9d\x01`\xa9?'
tRp1532
tp1533
a(g6
(g8
S'\\\x8d.\x1e\x99\xb4}?'
tRp1534
g6
(g8
S'V*n\xdfG\x12\xa7?'
tRp1535
tp1536
a(g6
(g8
S'\xb9\xd6\xe5\x0b.kz?'
tRp1537
g6
(g8
S'g\xc3\xa1\xfe&\x0f\xa3?'
tRp1538
tp1539
a(g6
(g8
S'\xbe\xaf\xa7\x1b\xe7\xa0n?'
tRp1540
g6
(g8
S'\xb4gSc\xb7\xc2\xa1?'
tRp1541
tp1542
a(g6
(g8
S'$\xf3\xbb\x0e\xa5\x88d?'
tRp1543
g6
(g8
S'\xb8\x8eE\xe5\xceB\xa1?'
tRp1544
tp1545
a(g6
(g8
S'\xf2\xbf\xc2\x92\xf8fp?'
tRp1546
g6
(g8
S'\x00Kp\x90\xde,\xa2?'
tRp1547
tp1548
a(g6
(g8
S'\x98V\x89\r\xb2\xf8m?'
tRp1549
g6
(g8
S'\xe2\x98\xa7\xca\x8a+\xa0?'
tRp1550
tp1551
a(g6
(g8
S'\x14\x1a\xaa\xcd\xc4\xb0b?'
tRp1552
g6
(g8
S"*\xac\xd6\xe5N'\x9f?"
tRp1553
tp1554
a(g6
(g8
S'<\xbb\xa89\x8d\xd1n?'
tRp1555
g6
(g8
S'\x0b\xe8\x04\xa2\xa7\x0f\x9f?'
tRp1556
tp1557
a(g6
(g8
S'(\x92\x8b\x97\x15Bx?'
tRp1558
g6
(g8
S'i\x002\xd8\xaf*\x9f?'
tRp1559
tp1560
a(g6
(g8
S'\xc4\x90\x8a\xc6\xec\xa7o?'
tRp1561
g6
(g8
S'A>\x07\xf8\x18\xe7\x96?'
tRp1562
tp1563
a(g6
(g8
S'8\x86\xfc|\xe0\x1au?'
tRp1564
g6
(g8
S'\xcc_\x01~$\xcf\x94?'
tRp1565
tp1566
a(g6
(g8
S'd\xa3\x95\xd7\xccnt?'
tRp1567
g6
(g8
S'\xf8a\xe7ya\x89\x95?'
tRp1568
tp1569
a(g6
(g8
S'\xfd#\xd1\x00\xdc\r\x80?'
tRp1570
g6
(g8
S'\xa0\x80\xa3\x9f\x9d\xa4\x99?'
tRp1571
tp1572
a(g6
(g8
S's\x855\xbc&\x08\x84?'
tRp1573
g6
(g8
S'\x9d]\xcc0Ky\x99?'
tRp1574
tp1575
a(g6
(g8
S'\x08\xff\xdb\x0c\xd2R\x84?'
tRp1576
g6
(g8
S'0F\xa5\xd6\xa0\x89\x9d?'
tRp1577
tp1578
a(g6
(g8
S'\xfe\x11\x11\xbe\xd7*\x89?'
tRp1579
g6
(g8
S'\xd0z\x02\xbeyx\x9f?'
tRp1580
tp1581
a(g6
(g8
S'\xa4N\x8a\x0f\xeaE\x8c?'
tRp1582
g6
(g8
S'\x84\xfa\xca\xb0\xb9\xb8\xa2?'
tRp1583
tp1584
a(g6
(g8
S'n]9\xfc\x08\x00\x8b?'
tRp1585
g6
(g8
S';Cv+0V\xa1?'
tRp1586
tp1587
a(g6
(g8
S'j\xc2\x13i\xa9\xb3\x8b?'
tRp1588
g6
(g8
S'v\x99\x18g\xc9~\xa2?'
tRp1589
tp1590
a(g6
(g8
S'Z\xee\xc3\xecf\x0f\x8a?'
tRp1591
g6
(g8
S'\x9e7\xc9o\xcc\x1c\xa1?'
tRp1592
tp1593
a(g6
(g8
S'\xf2\xc7\xac0^#\x88?'
tRp1594
g6
(g8
S'E\x01\xd8\xff\xda\x98\xa5?'
tRp1595
tp1596
a(g6
(g8
S'Dh\xd5f\xe0\xff\x89?'
tRp1597
g6
(g8
S'\xe5\xadi\xb6KZ\xa6?'
tRp1598
tp1599
a(g6
(g8
S'@5\xf6`\xc7\xad\x88?'
tRp1600
g6
(g8
S'\xfa\x05\x1a\xa4\r\x03\xa7?'
tRp1601
tp1602
a(g6
(g8
S'\x18\xb9i\xab\x875\x84?'
tRp1603
g6
(g8
S'\xc0\x07\xf0n\x82/\xa3?'
tRp1604
tp1605
a(g6
(g8
S'w\xb8NYm6\x85?'
tRp1606
g6
(g8
S'\xe0\xfd9\xc2\x80\xcc\xa0?'
tRp1607
tp1608
a(g6
(g8
S'6\xc1\x9a\xc0\xfcI\x88?'
tRp1609
g6
(g8
S'\x00\xa4\x03\xc43$\xa0?'
tRp1610
tp1611
a(g6
(g8
S'B\x9e\xd9\xf0\xc3\xbc\x86?'
tRp1612
g6
(g8
S'c;\xe8B\xe85\xa3?'
tRp1613
tp1614
a(g6
(g8
S'\x85\xb9:\x05X\xba\x80?'
tRp1615
g6
(g8
S'/;\x1c\xcf\x87\x14\xa4?'
tRp1616
tp1617
a(g6
(g8
S'\xbe^h\x97\xe4\xf9i?'
tRp1618
g6
(g8
S'\x13\xcb\xef\xf3\x1dr\xa3?'
tRp1619
tp1620
a(g6
(g8
S'\x9c\xb6\x06:\xdcbx?'
tRp1621
g6
(g8
S'\xa6d1zW\x15\xa3?'
tRp1622
tp1623
a(g6
(g8
S'\xe1+\xe4#\x9a\xf3u?'
tRp1624
g6
(g8
S'\xbf\x133DL\xe4\xa3?'
tRp1625
tp1626
a(g6
(g8
S'\x06\xe9"\x9a$\xe0g?'
tRp1627
g6
(g8
S'\x8a\x19e\xce\x01[\xa2?'
tRp1628
tp1629
a(g6
(g8
S'\x805\xf2\x01[\x15v?'
tRp1630
g6
(g8
S'\xe6\xe4\x19\xf0y\xd6\xa5?'
tRp1631
tp1632
a(g6
(g8
S'\x00Gg\xea"\xa5|?'
tRp1633
g6
(g8
S'\\\xe4\xa4\x86\xc9\x19\xa6?'
tRp1634
tp1635
a(g6
(g8
S'\x1d\x9f\x9d\xb5\x98<\x87?'
tRp1636
g6
(g8
S'#\x05\xe45)\xbc\xa7?'
tRp1637
tp1638
a(g6
(g8
S'hH\xe1*o\x15\x87?'
tRp1639
g6
(g8
S'\xc1n{\x8aj\xfb\xa7?'
tRp1640
tp1641
asg414
(lp1642
I100
aI120
aI140
aI160
aI180
aI200
aI220
aI240
aI260
aI280
aI300
aI320
aI340
aI360
aI380
aI400
aI420
aI440
aI460
aI480
aI500
aI520
aI540
aI560
aI580
aI600
aI620
aI640
aI660
aI680
aI700
aI720
aI740
aI760
aI780
aI800
aI820
aI840
aI860
aI880
aI900
aI920
aI940
aI960
aI980
aI1000
aI1020
aI1040
aI1060
aI1080
aI1100
aI1120
aI1140
aI1160
aI1180
aI1200
aI1220
aI1240
aI1260
aI1280
aI1300
aI1320
aI1340
aI1360
aI1380
aI1400
aI1420
aI1440
aI1460
aI1480
aI1500
aI1520
aI1540
aI1560
aI1580
aI1600
aI1620
aI1640
aI1660
aI1680
aI1700
aI1720
aI1740
aI1760
aI1780
aI1800
aI1820
aI1840
aI1860
aI1880
aI1900
aI1920
aI1940
aI1960
aI1980
aI2000
aI2020
aI2040
aI2060
aI2080
aI2100
aI2120
aI2140
aI2160
aI2180
aI2200
aI2220
aI2240
aI2260
aI2280
aI2300
aI2320
aI2340
aI2360
aI2380
aI2400
aI2420
aI2440
aI2460
aI2480
aI2500
aI2520
aI2540
aI2560
aI2580
aI2600
aI2620
aI2640
aI2660
aI2680
aI2700
aI2720
aI2740
aI2760
aI2780
ass.